[2023-04-14T22:14:15.571+0000] {taskinstance.py:1090} INFO - Dependencies all met for dep_context=non-requeueable deps ti=<TaskInstance: pads.landpad scheduled__2023-01-01T01:10:00+00:00 [queued]>
[2023-04-14T22:14:15.636+0000] {taskinstance.py:1090} INFO - Dependencies all met for dep_context=requeueable deps ti=<TaskInstance: pads.landpad scheduled__2023-01-01T01:10:00+00:00 [queued]>
[2023-04-14T22:14:15.638+0000] {taskinstance.py:1288} INFO - 
--------------------------------------------------------------------------------
[2023-04-14T22:14:15.639+0000] {taskinstance.py:1289} INFO - Starting attempt 1 of 2
[2023-04-14T22:14:15.642+0000] {taskinstance.py:1290} INFO - 
--------------------------------------------------------------------------------
[2023-04-14T22:14:15.786+0000] {taskinstance.py:1309} INFO - Executing <Task(BashOperator): landpad> on 2023-01-01 01:10:00+00:00
[2023-04-14T22:14:15.834+0000] {standard_task_runner.py:55} INFO - Started process 451 to run task
[2023-04-14T22:14:15.891+0000] {standard_task_runner.py:82} INFO - Running: ['***', 'tasks', 'run', 'pads', 'landpad', 'scheduled__2023-01-01T01:10:00+00:00', '--job-id', '47', '--raw', '--subdir', 'DAGS_FOLDER/dag.py', '--cfg-path', '/tmp/tmpaxptijjv']
[2023-04-14T22:14:15.918+0000] {standard_task_runner.py:83} INFO - Job 47: Subtask landpad
[2023-04-14T22:14:16.519+0000] {task_command.py:389} INFO - Running <TaskInstance: pads.landpad scheduled__2023-01-01T01:10:00+00:00 [running]> on host a0b8dfb9f67f
[2023-04-14T22:14:17.238+0000] {taskinstance.py:1518} INFO - Exporting the following env vars:
AIRFLOW_CTX_DAG_OWNER=Amogh Srigopal
AIRFLOW_CTX_DAG_ID=pads
AIRFLOW_CTX_TASK_ID=landpad
AIRFLOW_CTX_EXECUTION_DATE=2023-01-01T01:10:00+00:00
AIRFLOW_CTX_TRY_NUMBER=1
AIRFLOW_CTX_DAG_RUN_ID=scheduled__2023-01-01T01:10:00+00:00
[2023-04-14T22:14:17.245+0000] {subprocess.py:63} INFO - Tmp dir root location: 
 /tmp
[2023-04-14T22:14:17.250+0000] {subprocess.py:75} INFO - Running command: ['/bin/bash', '-c', 'python /Users/amoghsrigopal/Downloads/SpaceDataPipeline/landpad.py']
[2023-04-14T22:14:17.452+0000] {subprocess.py:86} INFO - Output:
[2023-04-14T22:14:19.625+0000] {subprocess.py:93} INFO - python: can't open file '/Users/amoghsrigopal/Downloads/SpaceDataPipeline/landpad.py': [Errno 2] No such file or directory
[2023-04-14T22:14:19.664+0000] {subprocess.py:97} INFO - Command exited with return code 2
[2023-04-14T22:14:19.745+0000] {taskinstance.py:1776} ERROR - Task failed with exception
Traceback (most recent call last):
  File "/home/airflow/.local/lib/python3.7/site-packages/airflow/operators/bash.py", line 197, in execute
    f"Bash command failed. The command returned a non-zero exit code {result.exit_code}."
airflow.exceptions.AirflowException: Bash command failed. The command returned a non-zero exit code 2.
[2023-04-14T22:14:19.782+0000] {taskinstance.py:1332} INFO - Marking task as UP_FOR_RETRY. dag_id=pads, task_id=landpad, execution_date=20230101T011000, start_date=20230414T221415, end_date=20230414T221419
[2023-04-14T22:14:20.046+0000] {standard_task_runner.py:105} ERROR - Failed to execute job 47 for task landpad (Bash command failed. The command returned a non-zero exit code 2.; 451)
[2023-04-14T22:14:20.153+0000] {local_task_job.py:212} INFO - Task exited with return code 1
[2023-04-14T22:14:20.377+0000] {taskinstance.py:2596} INFO - 0 downstream tasks scheduled from follow-on schedule check
