[2023-04-14T22:13:52.145+0000] {taskinstance.py:1090} INFO - Dependencies all met for dep_context=non-requeueable deps ti=<TaskInstance: pads.landpad scheduled__2023-01-01T00:10:00+00:00 [queued]>
[2023-04-14T22:13:52.326+0000] {taskinstance.py:1090} INFO - Dependencies all met for dep_context=requeueable deps ti=<TaskInstance: pads.landpad scheduled__2023-01-01T00:10:00+00:00 [queued]>
[2023-04-14T22:13:52.329+0000] {taskinstance.py:1288} INFO - 
--------------------------------------------------------------------------------
[2023-04-14T22:13:52.334+0000] {taskinstance.py:1289} INFO - Starting attempt 1 of 2
[2023-04-14T22:13:52.337+0000] {taskinstance.py:1290} INFO - 
--------------------------------------------------------------------------------
[2023-04-14T22:13:53.041+0000] {taskinstance.py:1309} INFO - Executing <Task(BashOperator): landpad> on 2023-01-01 00:10:00+00:00
[2023-04-14T22:13:53.066+0000] {standard_task_runner.py:55} INFO - Started process 375 to run task
[2023-04-14T22:13:53.102+0000] {standard_task_runner.py:82} INFO - Running: ['***', 'tasks', 'run', 'pads', 'landpad', 'scheduled__2023-01-01T00:10:00+00:00', '--job-id', '22', '--raw', '--subdir', 'DAGS_FOLDER/dag.py', '--cfg-path', '/tmp/tmpu172p_95']
[2023-04-14T22:13:53.154+0000] {standard_task_runner.py:83} INFO - Job 22: Subtask landpad
[2023-04-14T22:13:53.973+0000] {task_command.py:389} INFO - Running <TaskInstance: pads.landpad scheduled__2023-01-01T00:10:00+00:00 [running]> on host a0b8dfb9f67f
[2023-04-14T22:13:54.820+0000] {taskinstance.py:1518} INFO - Exporting the following env vars:
AIRFLOW_CTX_DAG_OWNER=Amogh Srigopal
AIRFLOW_CTX_DAG_ID=pads
AIRFLOW_CTX_TASK_ID=landpad
AIRFLOW_CTX_EXECUTION_DATE=2023-01-01T00:10:00+00:00
AIRFLOW_CTX_TRY_NUMBER=1
AIRFLOW_CTX_DAG_RUN_ID=scheduled__2023-01-01T00:10:00+00:00
[2023-04-14T22:13:54.832+0000] {subprocess.py:63} INFO - Tmp dir root location: 
 /tmp
[2023-04-14T22:13:54.844+0000] {subprocess.py:75} INFO - Running command: ['/bin/bash', '-c', 'python /Users/amoghsrigopal/Downloads/SpaceDataPipeline/landpad.py']
[2023-04-14T22:13:54.962+0000] {subprocess.py:86} INFO - Output:
[2023-04-14T22:13:55.831+0000] {subprocess.py:93} INFO - python: can't open file '/Users/amoghsrigopal/Downloads/SpaceDataPipeline/landpad.py': [Errno 2] No such file or directory
[2023-04-14T22:13:55.862+0000] {subprocess.py:97} INFO - Command exited with return code 2
[2023-04-14T22:13:55.898+0000] {taskinstance.py:1776} ERROR - Task failed with exception
Traceback (most recent call last):
  File "/home/airflow/.local/lib/python3.7/site-packages/airflow/operators/bash.py", line 197, in execute
    f"Bash command failed. The command returned a non-zero exit code {result.exit_code}."
airflow.exceptions.AirflowException: Bash command failed. The command returned a non-zero exit code 2.
[2023-04-14T22:13:55.926+0000] {taskinstance.py:1332} INFO - Marking task as UP_FOR_RETRY. dag_id=pads, task_id=landpad, execution_date=20230101T001000, start_date=20230414T221352, end_date=20230414T221355
[2023-04-14T22:13:56.044+0000] {standard_task_runner.py:105} ERROR - Failed to execute job 22 for task landpad (Bash command failed. The command returned a non-zero exit code 2.; 375)
[2023-04-14T22:13:56.194+0000] {local_task_job.py:212} INFO - Task exited with return code 1
[2023-04-14T22:13:58.435+0000] {taskinstance.py:2596} INFO - 0 downstream tasks scheduled from follow-on schedule check
