[2023-04-14T21:58:57.996+0000] {processor.py:153} INFO - Started process (PID=166) to work on /opt/airflow/dags/dag.py
[2023-04-14T21:58:58.005+0000] {processor.py:743} INFO - Processing file /opt/airflow/dags/dag.py for tasks to queue
[2023-04-14T21:58:58.011+0000] {logging_mixin.py:137} INFO - [2023-04-14T21:58:58.010+0000] {dagbag.py:532} INFO - Filling up the DagBag from /opt/airflow/dags/dag.py
[2023-04-14T21:58:58.187+0000] {processor.py:753} INFO - DAG(s) dict_keys(['rockets', 'pads', 'launches']) retrieved from /opt/airflow/dags/dag.py
[2023-04-14T21:58:59.946+0000] {logging_mixin.py:137} INFO - [2023-04-14T21:58:59.946+0000] {manager.py:504} INFO - Created Permission View: can read on DAG:rockets
[2023-04-14T21:58:59.999+0000] {logging_mixin.py:137} INFO - [2023-04-14T21:58:59.999+0000] {manager.py:504} INFO - Created Permission View: can delete on DAG:rockets
[2023-04-14T21:59:00.042+0000] {logging_mixin.py:137} INFO - [2023-04-14T21:59:00.041+0000] {manager.py:504} INFO - Created Permission View: can edit on DAG:rockets
[2023-04-14T21:59:00.100+0000] {logging_mixin.py:137} INFO - [2023-04-14T21:59:00.099+0000] {manager.py:504} INFO - Created Permission View: can read on DAG:pads
[2023-04-14T21:59:00.124+0000] {logging_mixin.py:137} INFO - [2023-04-14T21:59:00.124+0000] {manager.py:504} INFO - Created Permission View: can delete on DAG:pads
[2023-04-14T21:59:00.151+0000] {logging_mixin.py:137} INFO - [2023-04-14T21:59:00.151+0000] {manager.py:504} INFO - Created Permission View: can edit on DAG:pads
[2023-04-14T21:59:00.190+0000] {logging_mixin.py:137} INFO - [2023-04-14T21:59:00.189+0000] {manager.py:504} INFO - Created Permission View: can read on DAG:launches
[2023-04-14T21:59:00.217+0000] {logging_mixin.py:137} INFO - [2023-04-14T21:59:00.217+0000] {manager.py:504} INFO - Created Permission View: can delete on DAG:launches
[2023-04-14T21:59:00.240+0000] {logging_mixin.py:137} INFO - [2023-04-14T21:59:00.240+0000] {manager.py:504} INFO - Created Permission View: can edit on DAG:launches
[2023-04-14T21:59:00.243+0000] {logging_mixin.py:137} INFO - [2023-04-14T21:59:00.242+0000] {dag.py:2705} INFO - Sync 3 DAGs
[2023-04-14T21:59:00.297+0000] {logging_mixin.py:137} INFO - [2023-04-14T21:59:00.297+0000] {dag.py:2726} INFO - Creating ORM DAG for pads
[2023-04-14T21:59:00.308+0000] {logging_mixin.py:137} INFO - [2023-04-14T21:59:00.306+0000] {dag.py:2726} INFO - Creating ORM DAG for rockets
[2023-04-14T21:59:00.316+0000] {logging_mixin.py:137} INFO - [2023-04-14T21:59:00.316+0000] {dag.py:2726} INFO - Creating ORM DAG for launches
[2023-04-14T21:59:00.383+0000] {logging_mixin.py:137} INFO - [2023-04-14T21:59:00.382+0000] {dag.py:3456} INFO - Setting next_dagrun for launches to 2023-01-01T00:00:00+00:00, run_after=2023-01-01T00:00:20+00:00
[2023-04-14T21:59:00.387+0000] {logging_mixin.py:137} INFO - [2023-04-14T21:59:00.386+0000] {dag.py:3456} INFO - Setting next_dagrun for pads to 2023-01-01T00:00:00+00:00, run_after=2023-01-01T00:05:00+00:00
[2023-04-14T21:59:00.394+0000] {logging_mixin.py:137} INFO - [2023-04-14T21:59:00.393+0000] {dag.py:3456} INFO - Setting next_dagrun for rockets to 2023-01-01T00:00:00+00:00, run_after=2023-01-02T00:00:00+00:00
[2023-04-14T21:59:00.464+0000] {processor.py:175} INFO - Processing /opt/airflow/dags/dag.py took 2.484 seconds
[2023-04-14T21:59:30.782+0000] {processor.py:153} INFO - Started process (PID=171) to work on /opt/airflow/dags/dag.py
[2023-04-14T21:59:30.786+0000] {processor.py:743} INFO - Processing file /opt/airflow/dags/dag.py for tasks to queue
[2023-04-14T21:59:30.790+0000] {logging_mixin.py:137} INFO - [2023-04-14T21:59:30.789+0000] {dagbag.py:532} INFO - Filling up the DagBag from /opt/airflow/dags/dag.py
[2023-04-14T21:59:30.841+0000] {processor.py:753} INFO - DAG(s) dict_keys(['rockets', 'launches', 'pads']) retrieved from /opt/airflow/dags/dag.py
[2023-04-14T21:59:30.928+0000] {logging_mixin.py:137} INFO - [2023-04-14T21:59:30.928+0000] {dag.py:2705} INFO - Sync 3 DAGs
[2023-04-14T21:59:30.984+0000] {logging_mixin.py:137} INFO - [2023-04-14T21:59:30.984+0000] {dag.py:3456} INFO - Setting next_dagrun for launches to 2023-01-01T00:00:00+00:00, run_after=2023-01-01T00:00:20+00:00
[2023-04-14T21:59:30.997+0000] {logging_mixin.py:137} INFO - [2023-04-14T21:59:30.997+0000] {dag.py:3456} INFO - Setting next_dagrun for pads to 2023-01-01T00:00:00+00:00, run_after=2023-01-01T00:05:00+00:00
[2023-04-14T21:59:31.003+0000] {logging_mixin.py:137} INFO - [2023-04-14T21:59:31.003+0000] {dag.py:3456} INFO - Setting next_dagrun for rockets to 2023-01-01T00:00:00+00:00, run_after=2023-01-02T00:00:00+00:00
[2023-04-14T21:59:31.054+0000] {processor.py:175} INFO - Processing /opt/airflow/dags/dag.py took 0.279 seconds
[2023-04-14T21:59:56.589+0000] {processor.py:153} INFO - Started process (PID=176) to work on /opt/airflow/dags/dag.py
[2023-04-14T21:59:56.600+0000] {processor.py:743} INFO - Processing file /opt/airflow/dags/dag.py for tasks to queue
[2023-04-14T21:59:56.607+0000] {logging_mixin.py:137} INFO - [2023-04-14T21:59:56.606+0000] {dagbag.py:532} INFO - Filling up the DagBag from /opt/airflow/dags/dag.py
[2023-04-14T21:59:56.769+0000] {processor.py:753} INFO - DAG(s) dict_keys(['pads', 'launches', 'rockets']) retrieved from /opt/airflow/dags/dag.py
[2023-04-14T21:59:56.898+0000] {logging_mixin.py:137} INFO - [2023-04-14T21:59:56.898+0000] {dag.py:2705} INFO - Sync 3 DAGs
[2023-04-14T21:59:57.036+0000] {logging_mixin.py:137} INFO - [2023-04-14T21:59:57.036+0000] {dag.py:3456} INFO - Setting next_dagrun for launches to 2023-01-01T00:00:00+00:00, run_after=2023-01-01T00:00:20+00:00
[2023-04-14T21:59:57.058+0000] {logging_mixin.py:137} INFO - [2023-04-14T21:59:57.058+0000] {dag.py:3456} INFO - Setting next_dagrun for pads to 2023-01-01T00:00:00+00:00, run_after=2023-01-01T00:05:00+00:00
[2023-04-14T21:59:57.068+0000] {logging_mixin.py:137} INFO - [2023-04-14T21:59:57.067+0000] {dag.py:3456} INFO - Setting next_dagrun for rockets to 2023-01-01T00:00:00+00:00, run_after=2023-01-02T00:00:00+00:00
[2023-04-14T21:59:57.154+0000] {processor.py:175} INFO - Processing /opt/airflow/dags/dag.py took 0.592 seconds
[2023-04-14T22:00:27.514+0000] {processor.py:153} INFO - Started process (PID=181) to work on /opt/airflow/dags/dag.py
[2023-04-14T22:00:27.520+0000] {processor.py:743} INFO - Processing file /opt/airflow/dags/dag.py for tasks to queue
[2023-04-14T22:00:27.523+0000] {logging_mixin.py:137} INFO - [2023-04-14T22:00:27.523+0000] {dagbag.py:532} INFO - Filling up the DagBag from /opt/airflow/dags/dag.py
[2023-04-14T22:00:27.572+0000] {processor.py:753} INFO - DAG(s) dict_keys(['rockets', 'pads', 'launches']) retrieved from /opt/airflow/dags/dag.py
[2023-04-14T22:00:27.654+0000] {logging_mixin.py:137} INFO - [2023-04-14T22:00:27.654+0000] {dag.py:2705} INFO - Sync 3 DAGs
[2023-04-14T22:00:27.719+0000] {logging_mixin.py:137} INFO - [2023-04-14T22:00:27.719+0000] {dag.py:3456} INFO - Setting next_dagrun for launches to 2023-01-01T00:00:00+00:00, run_after=2023-01-01T00:00:20+00:00
[2023-04-14T22:00:27.731+0000] {logging_mixin.py:137} INFO - [2023-04-14T22:00:27.731+0000] {dag.py:3456} INFO - Setting next_dagrun for pads to 2023-01-01T00:00:00+00:00, run_after=2023-01-01T00:05:00+00:00
[2023-04-14T22:00:27.742+0000] {logging_mixin.py:137} INFO - [2023-04-14T22:00:27.741+0000] {dag.py:3456} INFO - Setting next_dagrun for rockets to 2023-01-01T00:00:00+00:00, run_after=2023-01-02T00:00:00+00:00
[2023-04-14T22:00:27.806+0000] {processor.py:175} INFO - Processing /opt/airflow/dags/dag.py took 0.302 seconds
[2023-04-14T22:00:58.144+0000] {processor.py:153} INFO - Started process (PID=186) to work on /opt/airflow/dags/dag.py
[2023-04-14T22:00:58.149+0000] {processor.py:743} INFO - Processing file /opt/airflow/dags/dag.py for tasks to queue
[2023-04-14T22:00:58.153+0000] {logging_mixin.py:137} INFO - [2023-04-14T22:00:58.153+0000] {dagbag.py:532} INFO - Filling up the DagBag from /opt/airflow/dags/dag.py
[2023-04-14T22:00:58.198+0000] {processor.py:753} INFO - DAG(s) dict_keys(['pads', 'launches', 'rockets']) retrieved from /opt/airflow/dags/dag.py
[2023-04-14T22:00:58.272+0000] {logging_mixin.py:137} INFO - [2023-04-14T22:00:58.272+0000] {dag.py:2705} INFO - Sync 3 DAGs
[2023-04-14T22:00:58.348+0000] {logging_mixin.py:137} INFO - [2023-04-14T22:00:58.348+0000] {dag.py:3456} INFO - Setting next_dagrun for launches to 2023-01-01T00:00:00+00:00, run_after=2023-01-01T00:00:20+00:00
[2023-04-14T22:00:58.358+0000] {logging_mixin.py:137} INFO - [2023-04-14T22:00:58.358+0000] {dag.py:3456} INFO - Setting next_dagrun for pads to 2023-01-01T00:00:00+00:00, run_after=2023-01-01T00:05:00+00:00
[2023-04-14T22:00:58.363+0000] {logging_mixin.py:137} INFO - [2023-04-14T22:00:58.362+0000] {dag.py:3456} INFO - Setting next_dagrun for rockets to 2023-01-01T00:00:00+00:00, run_after=2023-01-02T00:00:00+00:00
[2023-04-14T22:00:58.406+0000] {processor.py:175} INFO - Processing /opt/airflow/dags/dag.py took 0.269 seconds
[2023-04-14T22:01:28.642+0000] {processor.py:153} INFO - Started process (PID=191) to work on /opt/airflow/dags/dag.py
[2023-04-14T22:01:28.648+0000] {processor.py:743} INFO - Processing file /opt/airflow/dags/dag.py for tasks to queue
[2023-04-14T22:01:28.652+0000] {logging_mixin.py:137} INFO - [2023-04-14T22:01:28.652+0000] {dagbag.py:532} INFO - Filling up the DagBag from /opt/airflow/dags/dag.py
[2023-04-14T22:01:28.711+0000] {processor.py:753} INFO - DAG(s) dict_keys(['rockets', 'pads', 'launches']) retrieved from /opt/airflow/dags/dag.py
[2023-04-14T22:01:28.809+0000] {logging_mixin.py:137} INFO - [2023-04-14T22:01:28.808+0000] {dag.py:2705} INFO - Sync 3 DAGs
[2023-04-14T22:01:28.878+0000] {logging_mixin.py:137} INFO - [2023-04-14T22:01:28.877+0000] {dag.py:3456} INFO - Setting next_dagrun for launches to 2023-01-01T00:00:00+00:00, run_after=2023-01-01T00:00:20+00:00
[2023-04-14T22:01:28.888+0000] {logging_mixin.py:137} INFO - [2023-04-14T22:01:28.888+0000] {dag.py:3456} INFO - Setting next_dagrun for pads to 2023-01-01T00:00:00+00:00, run_after=2023-01-01T00:05:00+00:00
[2023-04-14T22:01:28.893+0000] {logging_mixin.py:137} INFO - [2023-04-14T22:01:28.893+0000] {dag.py:3456} INFO - Setting next_dagrun for rockets to 2023-01-01T00:00:00+00:00, run_after=2023-01-02T00:00:00+00:00
[2023-04-14T22:01:28.931+0000] {processor.py:175} INFO - Processing /opt/airflow/dags/dag.py took 0.299 seconds
[2023-04-14T22:01:59.280+0000] {processor.py:153} INFO - Started process (PID=196) to work on /opt/airflow/dags/dag.py
[2023-04-14T22:01:59.300+0000] {processor.py:743} INFO - Processing file /opt/airflow/dags/dag.py for tasks to queue
[2023-04-14T22:01:59.326+0000] {logging_mixin.py:137} INFO - [2023-04-14T22:01:59.325+0000] {dagbag.py:532} INFO - Filling up the DagBag from /opt/airflow/dags/dag.py
[2023-04-14T22:01:59.455+0000] {processor.py:753} INFO - DAG(s) dict_keys(['launches', 'pads', 'rockets']) retrieved from /opt/airflow/dags/dag.py
[2023-04-14T22:01:59.692+0000] {logging_mixin.py:137} INFO - [2023-04-14T22:01:59.690+0000] {dag.py:2705} INFO - Sync 3 DAGs
[2023-04-14T22:01:59.901+0000] {logging_mixin.py:137} INFO - [2023-04-14T22:01:59.900+0000] {dag.py:3456} INFO - Setting next_dagrun for launches to 2023-01-01T00:00:00+00:00, run_after=2023-01-01T00:00:20+00:00
[2023-04-14T22:01:59.928+0000] {logging_mixin.py:137} INFO - [2023-04-14T22:01:59.927+0000] {dag.py:3456} INFO - Setting next_dagrun for pads to 2023-01-01T00:00:00+00:00, run_after=2023-01-01T00:05:00+00:00
[2023-04-14T22:01:59.947+0000] {logging_mixin.py:137} INFO - [2023-04-14T22:01:59.947+0000] {dag.py:3456} INFO - Setting next_dagrun for rockets to 2023-01-01T00:00:00+00:00, run_after=2023-01-02T00:00:00+00:00
[2023-04-14T22:02:00.088+0000] {processor.py:175} INFO - Processing /opt/airflow/dags/dag.py took 0.847 seconds
[2023-04-14T22:02:30.555+0000] {processor.py:153} INFO - Started process (PID=201) to work on /opt/airflow/dags/dag.py
[2023-04-14T22:02:30.559+0000] {processor.py:743} INFO - Processing file /opt/airflow/dags/dag.py for tasks to queue
[2023-04-14T22:02:30.562+0000] {logging_mixin.py:137} INFO - [2023-04-14T22:02:30.562+0000] {dagbag.py:532} INFO - Filling up the DagBag from /opt/airflow/dags/dag.py
[2023-04-14T22:02:30.617+0000] {processor.py:753} INFO - DAG(s) dict_keys(['rockets', 'launches', 'pads']) retrieved from /opt/airflow/dags/dag.py
[2023-04-14T22:02:30.709+0000] {logging_mixin.py:137} INFO - [2023-04-14T22:02:30.709+0000] {dag.py:2705} INFO - Sync 3 DAGs
[2023-04-14T22:02:30.818+0000] {logging_mixin.py:137} INFO - [2023-04-14T22:02:30.817+0000] {dag.py:3456} INFO - Setting next_dagrun for launches to 2023-01-01T00:00:00+00:00, run_after=2023-01-01T00:00:20+00:00
[2023-04-14T22:02:30.840+0000] {logging_mixin.py:137} INFO - [2023-04-14T22:02:30.839+0000] {dag.py:3456} INFO - Setting next_dagrun for pads to 2023-01-01T00:00:00+00:00, run_after=2023-01-01T00:05:00+00:00
[2023-04-14T22:02:30.848+0000] {logging_mixin.py:137} INFO - [2023-04-14T22:02:30.848+0000] {dag.py:3456} INFO - Setting next_dagrun for rockets to 2023-01-01T00:00:00+00:00, run_after=2023-01-02T00:00:00+00:00
[2023-04-14T22:02:30.893+0000] {processor.py:175} INFO - Processing /opt/airflow/dags/dag.py took 0.344 seconds
[2023-04-14T22:03:01.247+0000] {processor.py:153} INFO - Started process (PID=206) to work on /opt/airflow/dags/dag.py
[2023-04-14T22:03:01.251+0000] {processor.py:743} INFO - Processing file /opt/airflow/dags/dag.py for tasks to queue
[2023-04-14T22:03:01.254+0000] {logging_mixin.py:137} INFO - [2023-04-14T22:03:01.253+0000] {dagbag.py:532} INFO - Filling up the DagBag from /opt/airflow/dags/dag.py
[2023-04-14T22:03:01.291+0000] {processor.py:753} INFO - DAG(s) dict_keys(['launches', 'rockets', 'pads']) retrieved from /opt/airflow/dags/dag.py
[2023-04-14T22:03:01.369+0000] {logging_mixin.py:137} INFO - [2023-04-14T22:03:01.369+0000] {dag.py:2705} INFO - Sync 3 DAGs
[2023-04-14T22:03:01.445+0000] {logging_mixin.py:137} INFO - [2023-04-14T22:03:01.444+0000] {dag.py:3456} INFO - Setting next_dagrun for launches to 2023-01-01T00:00:00+00:00, run_after=2023-01-01T00:00:20+00:00
[2023-04-14T22:03:01.462+0000] {logging_mixin.py:137} INFO - [2023-04-14T22:03:01.461+0000] {dag.py:3456} INFO - Setting next_dagrun for pads to 2023-01-01T00:00:00+00:00, run_after=2023-01-01T00:05:00+00:00
[2023-04-14T22:03:01.470+0000] {logging_mixin.py:137} INFO - [2023-04-14T22:03:01.470+0000] {dag.py:3456} INFO - Setting next_dagrun for rockets to 2023-01-01T00:00:00+00:00, run_after=2023-01-02T00:00:00+00:00
[2023-04-14T22:03:01.527+0000] {processor.py:175} INFO - Processing /opt/airflow/dags/dag.py took 0.287 seconds
[2023-04-14T22:03:31.838+0000] {processor.py:153} INFO - Started process (PID=211) to work on /opt/airflow/dags/dag.py
[2023-04-14T22:03:31.843+0000] {processor.py:743} INFO - Processing file /opt/airflow/dags/dag.py for tasks to queue
[2023-04-14T22:03:31.847+0000] {logging_mixin.py:137} INFO - [2023-04-14T22:03:31.847+0000] {dagbag.py:532} INFO - Filling up the DagBag from /opt/airflow/dags/dag.py
[2023-04-14T22:03:31.884+0000] {processor.py:753} INFO - DAG(s) dict_keys(['launches', 'rockets', 'pads']) retrieved from /opt/airflow/dags/dag.py
[2023-04-14T22:03:31.944+0000] {logging_mixin.py:137} INFO - [2023-04-14T22:03:31.944+0000] {dag.py:2705} INFO - Sync 3 DAGs
[2023-04-14T22:03:31.994+0000] {logging_mixin.py:137} INFO - [2023-04-14T22:03:31.994+0000] {dag.py:3456} INFO - Setting next_dagrun for launches to 2023-01-01T00:00:00+00:00, run_after=2023-01-01T00:00:20+00:00
[2023-04-14T22:03:32.006+0000] {logging_mixin.py:137} INFO - [2023-04-14T22:03:32.006+0000] {dag.py:3456} INFO - Setting next_dagrun for pads to 2023-01-01T00:00:00+00:00, run_after=2023-01-01T00:05:00+00:00
[2023-04-14T22:03:32.015+0000] {logging_mixin.py:137} INFO - [2023-04-14T22:03:32.015+0000] {dag.py:3456} INFO - Setting next_dagrun for rockets to 2023-01-01T00:00:00+00:00, run_after=2023-01-02T00:00:00+00:00
[2023-04-14T22:03:32.055+0000] {processor.py:175} INFO - Processing /opt/airflow/dags/dag.py took 0.226 seconds
[2023-04-14T22:04:02.293+0000] {processor.py:153} INFO - Started process (PID=216) to work on /opt/airflow/dags/dag.py
[2023-04-14T22:04:02.301+0000] {processor.py:743} INFO - Processing file /opt/airflow/dags/dag.py for tasks to queue
[2023-04-14T22:04:02.304+0000] {logging_mixin.py:137} INFO - [2023-04-14T22:04:02.304+0000] {dagbag.py:532} INFO - Filling up the DagBag from /opt/airflow/dags/dag.py
[2023-04-14T22:04:02.340+0000] {processor.py:753} INFO - DAG(s) dict_keys(['pads', 'launches', 'rockets']) retrieved from /opt/airflow/dags/dag.py
[2023-04-14T22:04:02.403+0000] {logging_mixin.py:137} INFO - [2023-04-14T22:04:02.402+0000] {dag.py:2705} INFO - Sync 3 DAGs
[2023-04-14T22:04:02.456+0000] {logging_mixin.py:137} INFO - [2023-04-14T22:04:02.455+0000] {dag.py:3456} INFO - Setting next_dagrun for launches to 2023-01-01T00:00:00+00:00, run_after=2023-01-01T00:00:20+00:00
[2023-04-14T22:04:02.464+0000] {logging_mixin.py:137} INFO - [2023-04-14T22:04:02.463+0000] {dag.py:3456} INFO - Setting next_dagrun for pads to 2023-01-01T00:00:00+00:00, run_after=2023-01-01T00:05:00+00:00
[2023-04-14T22:04:02.468+0000] {logging_mixin.py:137} INFO - [2023-04-14T22:04:02.468+0000] {dag.py:3456} INFO - Setting next_dagrun for rockets to 2023-01-01T00:00:00+00:00, run_after=2023-01-02T00:00:00+00:00
[2023-04-14T22:04:02.503+0000] {processor.py:175} INFO - Processing /opt/airflow/dags/dag.py took 0.216 seconds
[2023-04-14T22:04:32.750+0000] {processor.py:153} INFO - Started process (PID=221) to work on /opt/airflow/dags/dag.py
[2023-04-14T22:04:32.760+0000] {processor.py:743} INFO - Processing file /opt/airflow/dags/dag.py for tasks to queue
[2023-04-14T22:04:32.764+0000] {logging_mixin.py:137} INFO - [2023-04-14T22:04:32.764+0000] {dagbag.py:532} INFO - Filling up the DagBag from /opt/airflow/dags/dag.py
[2023-04-14T22:04:32.816+0000] {processor.py:753} INFO - DAG(s) dict_keys(['pads', 'launches', 'rockets']) retrieved from /opt/airflow/dags/dag.py
[2023-04-14T22:04:32.903+0000] {logging_mixin.py:137} INFO - [2023-04-14T22:04:32.902+0000] {dag.py:2705} INFO - Sync 3 DAGs
[2023-04-14T22:04:33.043+0000] {logging_mixin.py:137} INFO - [2023-04-14T22:04:33.042+0000] {dag.py:3456} INFO - Setting next_dagrun for launches to 2023-01-01T00:00:00+00:00, run_after=2023-01-01T00:00:20+00:00
[2023-04-14T22:04:33.066+0000] {logging_mixin.py:137} INFO - [2023-04-14T22:04:33.065+0000] {dag.py:3456} INFO - Setting next_dagrun for pads to 2023-01-01T00:00:00+00:00, run_after=2023-01-01T00:05:00+00:00
[2023-04-14T22:04:33.079+0000] {logging_mixin.py:137} INFO - [2023-04-14T22:04:33.078+0000] {dag.py:3456} INFO - Setting next_dagrun for rockets to 2023-01-01T00:00:00+00:00, run_after=2023-01-02T00:00:00+00:00
[2023-04-14T22:04:33.152+0000] {processor.py:175} INFO - Processing /opt/airflow/dags/dag.py took 0.407 seconds
[2023-04-14T22:05:03.403+0000] {processor.py:153} INFO - Started process (PID=226) to work on /opt/airflow/dags/dag.py
[2023-04-14T22:05:03.406+0000] {processor.py:743} INFO - Processing file /opt/airflow/dags/dag.py for tasks to queue
[2023-04-14T22:05:03.409+0000] {logging_mixin.py:137} INFO - [2023-04-14T22:05:03.409+0000] {dagbag.py:532} INFO - Filling up the DagBag from /opt/airflow/dags/dag.py
[2023-04-14T22:05:03.449+0000] {processor.py:753} INFO - DAG(s) dict_keys(['rockets', 'launches', 'pads']) retrieved from /opt/airflow/dags/dag.py
[2023-04-14T22:05:03.508+0000] {logging_mixin.py:137} INFO - [2023-04-14T22:05:03.507+0000] {dag.py:2705} INFO - Sync 3 DAGs
[2023-04-14T22:05:03.563+0000] {logging_mixin.py:137} INFO - [2023-04-14T22:05:03.562+0000] {dag.py:3456} INFO - Setting next_dagrun for launches to 2023-01-01T00:00:00+00:00, run_after=2023-01-01T00:00:20+00:00
[2023-04-14T22:05:03.572+0000] {logging_mixin.py:137} INFO - [2023-04-14T22:05:03.572+0000] {dag.py:3456} INFO - Setting next_dagrun for pads to 2023-01-01T00:00:00+00:00, run_after=2023-01-01T00:05:00+00:00
[2023-04-14T22:05:03.577+0000] {logging_mixin.py:137} INFO - [2023-04-14T22:05:03.577+0000] {dag.py:3456} INFO - Setting next_dagrun for rockets to 2023-01-01T00:00:00+00:00, run_after=2023-01-02T00:00:00+00:00
[2023-04-14T22:05:03.611+0000] {processor.py:175} INFO - Processing /opt/airflow/dags/dag.py took 0.215 seconds
[2023-04-14T22:05:33.850+0000] {processor.py:153} INFO - Started process (PID=231) to work on /opt/airflow/dags/dag.py
[2023-04-14T22:05:33.856+0000] {processor.py:743} INFO - Processing file /opt/airflow/dags/dag.py for tasks to queue
[2023-04-14T22:05:33.860+0000] {logging_mixin.py:137} INFO - [2023-04-14T22:05:33.859+0000] {dagbag.py:532} INFO - Filling up the DagBag from /opt/airflow/dags/dag.py
[2023-04-14T22:05:33.893+0000] {processor.py:753} INFO - DAG(s) dict_keys(['rockets', 'pads', 'launches']) retrieved from /opt/airflow/dags/dag.py
[2023-04-14T22:05:33.961+0000] {logging_mixin.py:137} INFO - [2023-04-14T22:05:33.960+0000] {dag.py:2705} INFO - Sync 3 DAGs
[2023-04-14T22:05:34.016+0000] {logging_mixin.py:137} INFO - [2023-04-14T22:05:34.016+0000] {dag.py:3456} INFO - Setting next_dagrun for launches to 2023-01-01T00:00:00+00:00, run_after=2023-01-01T00:00:20+00:00
[2023-04-14T22:05:34.024+0000] {logging_mixin.py:137} INFO - [2023-04-14T22:05:34.024+0000] {dag.py:3456} INFO - Setting next_dagrun for pads to 2023-01-01T00:00:00+00:00, run_after=2023-01-01T00:05:00+00:00
[2023-04-14T22:05:34.029+0000] {logging_mixin.py:137} INFO - [2023-04-14T22:05:34.029+0000] {dag.py:3456} INFO - Setting next_dagrun for rockets to 2023-01-01T00:00:00+00:00, run_after=2023-01-02T00:00:00+00:00
[2023-04-14T22:05:34.067+0000] {processor.py:175} INFO - Processing /opt/airflow/dags/dag.py took 0.224 seconds
[2023-04-14T22:06:04.451+0000] {processor.py:153} INFO - Started process (PID=236) to work on /opt/airflow/dags/dag.py
[2023-04-14T22:06:04.455+0000] {processor.py:743} INFO - Processing file /opt/airflow/dags/dag.py for tasks to queue
[2023-04-14T22:06:04.458+0000] {logging_mixin.py:137} INFO - [2023-04-14T22:06:04.457+0000] {dagbag.py:532} INFO - Filling up the DagBag from /opt/airflow/dags/dag.py
[2023-04-14T22:06:04.496+0000] {processor.py:753} INFO - DAG(s) dict_keys(['launches', 'rockets', 'pads']) retrieved from /opt/airflow/dags/dag.py
[2023-04-14T22:06:04.579+0000] {logging_mixin.py:137} INFO - [2023-04-14T22:06:04.578+0000] {dag.py:2705} INFO - Sync 3 DAGs
[2023-04-14T22:06:04.671+0000] {logging_mixin.py:137} INFO - [2023-04-14T22:06:04.670+0000] {dag.py:3456} INFO - Setting next_dagrun for launches to 2023-01-01T00:00:00+00:00, run_after=2023-01-01T00:00:20+00:00
[2023-04-14T22:06:04.691+0000] {logging_mixin.py:137} INFO - [2023-04-14T22:06:04.690+0000] {dag.py:3456} INFO - Setting next_dagrun for pads to 2023-01-01T00:00:00+00:00, run_after=2023-01-01T00:05:00+00:00
[2023-04-14T22:06:04.704+0000] {logging_mixin.py:137} INFO - [2023-04-14T22:06:04.703+0000] {dag.py:3456} INFO - Setting next_dagrun for rockets to 2023-01-01T00:00:00+00:00, run_after=2023-01-02T00:00:00+00:00
[2023-04-14T22:06:04.768+0000] {processor.py:175} INFO - Processing /opt/airflow/dags/dag.py took 0.331 seconds
[2023-04-14T22:06:35.085+0000] {processor.py:153} INFO - Started process (PID=241) to work on /opt/airflow/dags/dag.py
[2023-04-14T22:06:35.090+0000] {processor.py:743} INFO - Processing file /opt/airflow/dags/dag.py for tasks to queue
[2023-04-14T22:06:35.098+0000] {logging_mixin.py:137} INFO - [2023-04-14T22:06:35.097+0000] {dagbag.py:532} INFO - Filling up the DagBag from /opt/airflow/dags/dag.py
[2023-04-14T22:06:35.144+0000] {processor.py:753} INFO - DAG(s) dict_keys(['launches', 'pads', 'rockets']) retrieved from /opt/airflow/dags/dag.py
[2023-04-14T22:06:35.242+0000] {logging_mixin.py:137} INFO - [2023-04-14T22:06:35.242+0000] {dag.py:2705} INFO - Sync 3 DAGs
[2023-04-14T22:06:35.399+0000] {logging_mixin.py:137} INFO - [2023-04-14T22:06:35.392+0000] {dag.py:3456} INFO - Setting next_dagrun for launches to 2023-01-01T00:00:00+00:00, run_after=2023-01-01T00:00:20+00:00
[2023-04-14T22:06:35.425+0000] {logging_mixin.py:137} INFO - [2023-04-14T22:06:35.425+0000] {dag.py:3456} INFO - Setting next_dagrun for pads to 2023-01-01T00:00:00+00:00, run_after=2023-01-01T00:05:00+00:00
[2023-04-14T22:06:35.434+0000] {logging_mixin.py:137} INFO - [2023-04-14T22:06:35.434+0000] {dag.py:3456} INFO - Setting next_dagrun for rockets to 2023-01-01T00:00:00+00:00, run_after=2023-01-02T00:00:00+00:00
[2023-04-14T22:06:35.497+0000] {processor.py:175} INFO - Processing /opt/airflow/dags/dag.py took 0.422 seconds
[2023-04-14T22:07:05.877+0000] {processor.py:153} INFO - Started process (PID=246) to work on /opt/airflow/dags/dag.py
[2023-04-14T22:07:05.890+0000] {processor.py:743} INFO - Processing file /opt/airflow/dags/dag.py for tasks to queue
[2023-04-14T22:07:05.894+0000] {logging_mixin.py:137} INFO - [2023-04-14T22:07:05.893+0000] {dagbag.py:532} INFO - Filling up the DagBag from /opt/airflow/dags/dag.py
[2023-04-14T22:07:05.947+0000] {processor.py:753} INFO - DAG(s) dict_keys(['launches', 'pads', 'rockets']) retrieved from /opt/airflow/dags/dag.py
[2023-04-14T22:07:06.100+0000] {logging_mixin.py:137} INFO - [2023-04-14T22:07:06.096+0000] {dag.py:2705} INFO - Sync 3 DAGs
[2023-04-14T22:07:06.186+0000] {logging_mixin.py:137} INFO - [2023-04-14T22:07:06.185+0000] {dag.py:3456} INFO - Setting next_dagrun for launches to 2023-01-01T00:00:00+00:00, run_after=2023-01-01T00:00:20+00:00
[2023-04-14T22:07:06.204+0000] {logging_mixin.py:137} INFO - [2023-04-14T22:07:06.204+0000] {dag.py:3456} INFO - Setting next_dagrun for pads to 2023-01-01T00:00:00+00:00, run_after=2023-01-01T00:05:00+00:00
[2023-04-14T22:07:06.211+0000] {logging_mixin.py:137} INFO - [2023-04-14T22:07:06.211+0000] {dag.py:3456} INFO - Setting next_dagrun for rockets to 2023-01-01T00:00:00+00:00, run_after=2023-01-02T00:00:00+00:00
[2023-04-14T22:07:06.248+0000] {processor.py:175} INFO - Processing /opt/airflow/dags/dag.py took 0.380 seconds
[2023-04-14T22:07:37.329+0000] {processor.py:153} INFO - Started process (PID=251) to work on /opt/airflow/dags/dag.py
[2023-04-14T22:07:37.336+0000] {processor.py:743} INFO - Processing file /opt/airflow/dags/dag.py for tasks to queue
[2023-04-14T22:07:37.341+0000] {logging_mixin.py:137} INFO - [2023-04-14T22:07:37.340+0000] {dagbag.py:532} INFO - Filling up the DagBag from /opt/airflow/dags/dag.py
[2023-04-14T22:07:37.887+0000] {processor.py:753} INFO - DAG(s) dict_keys(['pads', 'launches', 'rockets']) retrieved from /opt/airflow/dags/dag.py
[2023-04-14T22:07:38.617+0000] {logging_mixin.py:137} INFO - [2023-04-14T22:07:38.542+0000] {dag.py:2705} INFO - Sync 3 DAGs
[2023-04-14T22:07:38.928+0000] {logging_mixin.py:137} INFO - [2023-04-14T22:07:38.927+0000] {dag.py:3456} INFO - Setting next_dagrun for launches to 2023-01-01T00:00:00+00:00, run_after=2023-01-01T00:00:20+00:00
[2023-04-14T22:07:38.947+0000] {logging_mixin.py:137} INFO - [2023-04-14T22:07:38.946+0000] {dag.py:3456} INFO - Setting next_dagrun for pads to 2023-01-01T00:00:00+00:00, run_after=2023-01-01T00:05:00+00:00
[2023-04-14T22:07:38.971+0000] {logging_mixin.py:137} INFO - [2023-04-14T22:07:38.971+0000] {dag.py:3456} INFO - Setting next_dagrun for rockets to 2023-01-01T00:00:00+00:00, run_after=2023-01-02T00:00:00+00:00
[2023-04-14T22:07:39.164+0000] {processor.py:175} INFO - Processing /opt/airflow/dags/dag.py took 1.861 seconds
[2023-04-14T22:08:09.510+0000] {processor.py:153} INFO - Started process (PID=256) to work on /opt/airflow/dags/dag.py
[2023-04-14T22:08:09.515+0000] {processor.py:743} INFO - Processing file /opt/airflow/dags/dag.py for tasks to queue
[2023-04-14T22:08:09.521+0000] {logging_mixin.py:137} INFO - [2023-04-14T22:08:09.520+0000] {dagbag.py:532} INFO - Filling up the DagBag from /opt/airflow/dags/dag.py
[2023-04-14T22:08:09.567+0000] {processor.py:753} INFO - DAG(s) dict_keys(['launches', 'pads', 'rockets']) retrieved from /opt/airflow/dags/dag.py
[2023-04-14T22:08:09.636+0000] {logging_mixin.py:137} INFO - [2023-04-14T22:08:09.636+0000] {dag.py:2705} INFO - Sync 3 DAGs
[2023-04-14T22:08:09.692+0000] {logging_mixin.py:137} INFO - [2023-04-14T22:08:09.691+0000] {dag.py:3456} INFO - Setting next_dagrun for launches to 2023-01-01T00:00:00+00:00, run_after=2023-01-01T00:00:20+00:00
[2023-04-14T22:08:09.703+0000] {logging_mixin.py:137} INFO - [2023-04-14T22:08:09.703+0000] {dag.py:3456} INFO - Setting next_dagrun for pads to 2023-01-01T00:00:00+00:00, run_after=2023-01-01T00:05:00+00:00
[2023-04-14T22:08:09.708+0000] {logging_mixin.py:137} INFO - [2023-04-14T22:08:09.707+0000] {dag.py:3456} INFO - Setting next_dagrun for rockets to 2023-01-01T00:00:00+00:00, run_after=2023-01-02T00:00:00+00:00
[2023-04-14T22:08:09.749+0000] {processor.py:175} INFO - Processing /opt/airflow/dags/dag.py took 0.247 seconds
[2023-04-14T22:08:39.864+0000] {processor.py:153} INFO - Started process (PID=261) to work on /opt/airflow/dags/dag.py
[2023-04-14T22:08:39.871+0000] {processor.py:743} INFO - Processing file /opt/airflow/dags/dag.py for tasks to queue
[2023-04-14T22:08:39.876+0000] {logging_mixin.py:137} INFO - [2023-04-14T22:08:39.875+0000] {dagbag.py:532} INFO - Filling up the DagBag from /opt/airflow/dags/dag.py
[2023-04-14T22:08:39.928+0000] {processor.py:753} INFO - DAG(s) dict_keys(['launches', 'pads', 'rockets']) retrieved from /opt/airflow/dags/dag.py
[2023-04-14T22:08:40.044+0000] {logging_mixin.py:137} INFO - [2023-04-14T22:08:40.044+0000] {dag.py:2705} INFO - Sync 3 DAGs
[2023-04-14T22:08:40.105+0000] {logging_mixin.py:137} INFO - [2023-04-14T22:08:40.104+0000] {dag.py:3456} INFO - Setting next_dagrun for launches to 2023-01-01T00:00:00+00:00, run_after=2023-01-01T00:00:20+00:00
[2023-04-14T22:08:40.113+0000] {logging_mixin.py:137} INFO - [2023-04-14T22:08:40.113+0000] {dag.py:3456} INFO - Setting next_dagrun for pads to 2023-01-01T00:00:00+00:00, run_after=2023-01-01T00:05:00+00:00
[2023-04-14T22:08:40.117+0000] {logging_mixin.py:137} INFO - [2023-04-14T22:08:40.117+0000] {dag.py:3456} INFO - Setting next_dagrun for rockets to 2023-01-01T00:00:00+00:00, run_after=2023-01-02T00:00:00+00:00
[2023-04-14T22:08:40.151+0000] {processor.py:175} INFO - Processing /opt/airflow/dags/dag.py took 0.297 seconds
[2023-04-14T22:09:10.322+0000] {processor.py:153} INFO - Started process (PID=266) to work on /opt/airflow/dags/dag.py
[2023-04-14T22:09:10.328+0000] {processor.py:743} INFO - Processing file /opt/airflow/dags/dag.py for tasks to queue
[2023-04-14T22:09:10.330+0000] {logging_mixin.py:137} INFO - [2023-04-14T22:09:10.330+0000] {dagbag.py:532} INFO - Filling up the DagBag from /opt/airflow/dags/dag.py
[2023-04-14T22:09:10.364+0000] {processor.py:753} INFO - DAG(s) dict_keys(['rockets', 'pads', 'launches']) retrieved from /opt/airflow/dags/dag.py
[2023-04-14T22:09:10.428+0000] {logging_mixin.py:137} INFO - [2023-04-14T22:09:10.427+0000] {dag.py:2705} INFO - Sync 3 DAGs
[2023-04-14T22:09:10.511+0000] {logging_mixin.py:137} INFO - [2023-04-14T22:09:10.511+0000] {dag.py:3456} INFO - Setting next_dagrun for launches to 2023-01-01T00:00:00+00:00, run_after=2023-01-01T00:00:20+00:00
[2023-04-14T22:09:10.524+0000] {logging_mixin.py:137} INFO - [2023-04-14T22:09:10.523+0000] {dag.py:3456} INFO - Setting next_dagrun for pads to 2023-01-01T00:00:00+00:00, run_after=2023-01-01T00:05:00+00:00
[2023-04-14T22:09:10.529+0000] {logging_mixin.py:137} INFO - [2023-04-14T22:09:10.529+0000] {dag.py:3456} INFO - Setting next_dagrun for rockets to 2023-01-01T00:00:00+00:00, run_after=2023-01-02T00:00:00+00:00
[2023-04-14T22:09:10.610+0000] {processor.py:175} INFO - Processing /opt/airflow/dags/dag.py took 0.294 seconds
[2023-04-14T22:09:40.978+0000] {processor.py:153} INFO - Started process (PID=271) to work on /opt/airflow/dags/dag.py
[2023-04-14T22:09:40.980+0000] {processor.py:743} INFO - Processing file /opt/airflow/dags/dag.py for tasks to queue
[2023-04-14T22:09:40.983+0000] {logging_mixin.py:137} INFO - [2023-04-14T22:09:40.983+0000] {dagbag.py:532} INFO - Filling up the DagBag from /opt/airflow/dags/dag.py
[2023-04-14T22:09:41.021+0000] {processor.py:753} INFO - DAG(s) dict_keys(['launches', 'pads', 'rockets']) retrieved from /opt/airflow/dags/dag.py
[2023-04-14T22:09:41.079+0000] {logging_mixin.py:137} INFO - [2023-04-14T22:09:41.079+0000] {dag.py:2705} INFO - Sync 3 DAGs
[2023-04-14T22:09:41.129+0000] {logging_mixin.py:137} INFO - [2023-04-14T22:09:41.129+0000] {dag.py:3456} INFO - Setting next_dagrun for launches to 2023-01-01T00:00:00+00:00, run_after=2023-01-01T00:00:20+00:00
[2023-04-14T22:09:41.141+0000] {logging_mixin.py:137} INFO - [2023-04-14T22:09:41.141+0000] {dag.py:3456} INFO - Setting next_dagrun for pads to 2023-01-01T00:00:00+00:00, run_after=2023-01-01T00:05:00+00:00
[2023-04-14T22:09:41.149+0000] {logging_mixin.py:137} INFO - [2023-04-14T22:09:41.149+0000] {dag.py:3456} INFO - Setting next_dagrun for rockets to 2023-01-01T00:00:00+00:00, run_after=2023-01-02T00:00:00+00:00
[2023-04-14T22:09:41.181+0000] {processor.py:175} INFO - Processing /opt/airflow/dags/dag.py took 0.210 seconds
[2023-04-14T22:10:11.447+0000] {processor.py:153} INFO - Started process (PID=276) to work on /opt/airflow/dags/dag.py
[2023-04-14T22:10:11.449+0000] {processor.py:743} INFO - Processing file /opt/airflow/dags/dag.py for tasks to queue
[2023-04-14T22:10:11.452+0000] {logging_mixin.py:137} INFO - [2023-04-14T22:10:11.452+0000] {dagbag.py:532} INFO - Filling up the DagBag from /opt/airflow/dags/dag.py
[2023-04-14T22:10:11.490+0000] {processor.py:753} INFO - DAG(s) dict_keys(['rockets', 'pads', 'launches']) retrieved from /opt/airflow/dags/dag.py
[2023-04-14T22:10:11.585+0000] {logging_mixin.py:137} INFO - [2023-04-14T22:10:11.584+0000] {dag.py:2705} INFO - Sync 3 DAGs
[2023-04-14T22:10:11.660+0000] {logging_mixin.py:137} INFO - [2023-04-14T22:10:11.660+0000] {dag.py:3456} INFO - Setting next_dagrun for launches to 2023-01-01T00:00:00+00:00, run_after=2023-01-01T00:00:20+00:00
[2023-04-14T22:10:11.669+0000] {logging_mixin.py:137} INFO - [2023-04-14T22:10:11.668+0000] {dag.py:3456} INFO - Setting next_dagrun for pads to 2023-01-01T00:00:00+00:00, run_after=2023-01-01T00:05:00+00:00
[2023-04-14T22:10:11.673+0000] {logging_mixin.py:137} INFO - [2023-04-14T22:10:11.673+0000] {dag.py:3456} INFO - Setting next_dagrun for rockets to 2023-01-01T00:00:00+00:00, run_after=2023-01-02T00:00:00+00:00
[2023-04-14T22:10:11.710+0000] {processor.py:175} INFO - Processing /opt/airflow/dags/dag.py took 0.270 seconds
[2023-04-14T22:10:41.853+0000] {processor.py:153} INFO - Started process (PID=281) to work on /opt/airflow/dags/dag.py
[2023-04-14T22:10:41.857+0000] {processor.py:743} INFO - Processing file /opt/airflow/dags/dag.py for tasks to queue
[2023-04-14T22:10:41.860+0000] {logging_mixin.py:137} INFO - [2023-04-14T22:10:41.859+0000] {dagbag.py:532} INFO - Filling up the DagBag from /opt/airflow/dags/dag.py
[2023-04-14T22:10:41.919+0000] {processor.py:753} INFO - DAG(s) dict_keys(['launches', 'rockets', 'pads']) retrieved from /opt/airflow/dags/dag.py
[2023-04-14T22:10:42.015+0000] {logging_mixin.py:137} INFO - [2023-04-14T22:10:42.015+0000] {dag.py:2705} INFO - Sync 3 DAGs
[2023-04-14T22:10:42.142+0000] {logging_mixin.py:137} INFO - [2023-04-14T22:10:42.142+0000] {dag.py:3456} INFO - Setting next_dagrun for launches to 2023-01-01T00:00:00+00:00, run_after=2023-01-01T00:00:20+00:00
[2023-04-14T22:10:42.156+0000] {logging_mixin.py:137} INFO - [2023-04-14T22:10:42.156+0000] {dag.py:3456} INFO - Setting next_dagrun for pads to 2023-01-01T00:00:00+00:00, run_after=2023-01-01T00:05:00+00:00
[2023-04-14T22:10:42.166+0000] {logging_mixin.py:137} INFO - [2023-04-14T22:10:42.166+0000] {dag.py:3456} INFO - Setting next_dagrun for rockets to 2023-01-01T00:00:00+00:00, run_after=2023-01-02T00:00:00+00:00
[2023-04-14T22:10:42.208+0000] {processor.py:175} INFO - Processing /opt/airflow/dags/dag.py took 0.369 seconds
[2023-04-14T22:11:17.616+0000] {processor.py:153} INFO - Started process (PID=301) to work on /opt/airflow/dags/dag.py
[2023-04-14T22:11:17.736+0000] {processor.py:743} INFO - Processing file /opt/airflow/dags/dag.py for tasks to queue
[2023-04-14T22:11:18.145+0000] {logging_mixin.py:137} INFO - [2023-04-14T22:11:18.086+0000] {dagbag.py:532} INFO - Filling up the DagBag from /opt/airflow/dags/dag.py
[2023-04-14T22:11:18.933+0000] {processor.py:753} INFO - DAG(s) dict_keys(['rockets', 'launches', 'pads']) retrieved from /opt/airflow/dags/dag.py
[2023-04-14T22:11:21.334+0000] {logging_mixin.py:137} INFO - [2023-04-14T22:11:21.334+0000] {dag.py:2705} INFO - Sync 3 DAGs
[2023-04-14T22:11:23.103+0000] {logging_mixin.py:137} INFO - [2023-04-14T22:11:23.078+0000] {dag.py:3456} INFO - Setting next_dagrun for launches to 2023-01-01T00:03:40+00:00, run_after=2023-01-01T00:04:00+00:00
[2023-04-14T22:11:23.191+0000] {logging_mixin.py:137} INFO - [2023-04-14T22:11:23.190+0000] {dag.py:3456} INFO - Setting next_dagrun for pads to 2023-01-01T00:00:00+00:00, run_after=2023-01-01T00:05:00+00:00
[2023-04-14T22:11:23.225+0000] {logging_mixin.py:137} INFO - [2023-04-14T22:11:23.224+0000] {dag.py:3456} INFO - Setting next_dagrun for rockets to 2023-01-01T00:00:00+00:00, run_after=2023-01-02T00:00:00+00:00
[2023-04-14T22:11:23.497+0000] {processor.py:175} INFO - Processing /opt/airflow/dags/dag.py took 6.857 seconds
[2023-04-14T22:11:54.138+0000] {processor.py:153} INFO - Started process (PID=339) to work on /opt/airflow/dags/dag.py
[2023-04-14T22:11:54.141+0000] {processor.py:743} INFO - Processing file /opt/airflow/dags/dag.py for tasks to queue
[2023-04-14T22:11:54.145+0000] {logging_mixin.py:137} INFO - [2023-04-14T22:11:54.144+0000] {dagbag.py:532} INFO - Filling up the DagBag from /opt/airflow/dags/dag.py
[2023-04-14T22:11:54.188+0000] {processor.py:753} INFO - DAG(s) dict_keys(['launches', 'pads', 'rockets']) retrieved from /opt/airflow/dags/dag.py
[2023-04-14T22:11:54.255+0000] {logging_mixin.py:137} INFO - [2023-04-14T22:11:54.255+0000] {dag.py:2705} INFO - Sync 3 DAGs
[2023-04-14T22:11:54.317+0000] {logging_mixin.py:137} INFO - [2023-04-14T22:11:54.317+0000] {dag.py:3456} INFO - Setting next_dagrun for pads to 2023-01-01T00:00:00+00:00, run_after=2023-01-01T00:05:00+00:00
[2023-04-14T22:11:54.324+0000] {logging_mixin.py:137} INFO - [2023-04-14T22:11:54.323+0000] {dag.py:3456} INFO - Setting next_dagrun for rockets to 2023-01-01T00:00:00+00:00, run_after=2023-01-02T00:00:00+00:00
[2023-04-14T22:11:54.360+0000] {processor.py:175} INFO - Processing /opt/airflow/dags/dag.py took 0.228 seconds
[2023-04-14T22:12:24.616+0000] {processor.py:153} INFO - Started process (PID=344) to work on /opt/airflow/dags/dag.py
[2023-04-14T22:12:24.623+0000] {processor.py:743} INFO - Processing file /opt/airflow/dags/dag.py for tasks to queue
[2023-04-14T22:12:24.629+0000] {logging_mixin.py:137} INFO - [2023-04-14T22:12:24.629+0000] {dagbag.py:532} INFO - Filling up the DagBag from /opt/airflow/dags/dag.py
[2023-04-14T22:12:24.718+0000] {processor.py:753} INFO - DAG(s) dict_keys(['pads', 'launches', 'rockets']) retrieved from /opt/airflow/dags/dag.py
[2023-04-14T22:12:24.824+0000] {logging_mixin.py:137} INFO - [2023-04-14T22:12:24.824+0000] {dag.py:2705} INFO - Sync 3 DAGs
[2023-04-14T22:12:24.920+0000] {logging_mixin.py:137} INFO - [2023-04-14T22:12:24.919+0000] {dag.py:3456} INFO - Setting next_dagrun for pads to 2023-01-01T00:00:00+00:00, run_after=2023-01-01T00:05:00+00:00
[2023-04-14T22:12:24.940+0000] {logging_mixin.py:137} INFO - [2023-04-14T22:12:24.940+0000] {dag.py:3456} INFO - Setting next_dagrun for rockets to 2023-01-01T00:00:00+00:00, run_after=2023-01-02T00:00:00+00:00
[2023-04-14T22:12:24.980+0000] {processor.py:175} INFO - Processing /opt/airflow/dags/dag.py took 0.387 seconds
[2023-04-14T22:12:55.242+0000] {processor.py:153} INFO - Started process (PID=349) to work on /opt/airflow/dags/dag.py
[2023-04-14T22:12:55.245+0000] {processor.py:743} INFO - Processing file /opt/airflow/dags/dag.py for tasks to queue
[2023-04-14T22:12:55.247+0000] {logging_mixin.py:137} INFO - [2023-04-14T22:12:55.247+0000] {dagbag.py:532} INFO - Filling up the DagBag from /opt/airflow/dags/dag.py
[2023-04-14T22:12:55.286+0000] {processor.py:753} INFO - DAG(s) dict_keys(['launches', 'rockets', 'pads']) retrieved from /opt/airflow/dags/dag.py
[2023-04-14T22:12:55.343+0000] {logging_mixin.py:137} INFO - [2023-04-14T22:12:55.343+0000] {dag.py:2705} INFO - Sync 3 DAGs
[2023-04-14T22:12:55.401+0000] {logging_mixin.py:137} INFO - [2023-04-14T22:12:55.401+0000] {dag.py:3456} INFO - Setting next_dagrun for pads to 2023-01-01T00:00:00+00:00, run_after=2023-01-01T00:05:00+00:00
[2023-04-14T22:12:55.405+0000] {logging_mixin.py:137} INFO - [2023-04-14T22:12:55.405+0000] {dag.py:3456} INFO - Setting next_dagrun for rockets to 2023-01-01T00:00:00+00:00, run_after=2023-01-02T00:00:00+00:00
[2023-04-14T22:12:55.460+0000] {processor.py:175} INFO - Processing /opt/airflow/dags/dag.py took 0.224 seconds
[2023-04-14T22:13:25.870+0000] {processor.py:153} INFO - Started process (PID=354) to work on /opt/airflow/dags/dag.py
[2023-04-14T22:13:25.877+0000] {processor.py:743} INFO - Processing file /opt/airflow/dags/dag.py for tasks to queue
[2023-04-14T22:13:25.881+0000] {logging_mixin.py:137} INFO - [2023-04-14T22:13:25.881+0000] {dagbag.py:532} INFO - Filling up the DagBag from /opt/airflow/dags/dag.py
[2023-04-14T22:13:25.957+0000] {processor.py:753} INFO - DAG(s) dict_keys(['rockets', 'launches', 'pads']) retrieved from /opt/airflow/dags/dag.py
[2023-04-14T22:13:26.079+0000] {logging_mixin.py:137} INFO - [2023-04-14T22:13:26.079+0000] {dag.py:2705} INFO - Sync 3 DAGs
[2023-04-14T22:13:26.156+0000] {logging_mixin.py:137} INFO - [2023-04-14T22:13:26.156+0000] {dag.py:3456} INFO - Setting next_dagrun for pads to 2023-01-01T00:00:00+00:00, run_after=2023-01-01T00:05:00+00:00
[2023-04-14T22:13:26.162+0000] {logging_mixin.py:137} INFO - [2023-04-14T22:13:26.162+0000] {dag.py:3456} INFO - Setting next_dagrun for rockets to 2023-01-01T00:00:00+00:00, run_after=2023-01-02T00:00:00+00:00
[2023-04-14T22:13:26.201+0000] {processor.py:175} INFO - Processing /opt/airflow/dags/dag.py took 0.361 seconds
[2023-04-14T22:13:56.738+0000] {processor.py:153} INFO - Started process (PID=389) to work on /opt/airflow/dags/dag.py
[2023-04-14T22:13:56.744+0000] {processor.py:743} INFO - Processing file /opt/airflow/dags/dag.py for tasks to queue
[2023-04-14T22:13:56.761+0000] {logging_mixin.py:137} INFO - [2023-04-14T22:13:56.761+0000] {dagbag.py:532} INFO - Filling up the DagBag from /opt/airflow/dags/dag.py
[2023-04-14T22:13:56.936+0000] {processor.py:753} INFO - DAG(s) dict_keys(['launches', 'rockets', 'pads']) retrieved from /opt/airflow/dags/dag.py
[2023-04-14T22:13:57.404+0000] {logging_mixin.py:137} INFO - [2023-04-14T22:13:57.404+0000] {dag.py:2705} INFO - Sync 3 DAGs
[2023-04-14T22:13:57.881+0000] {logging_mixin.py:137} INFO - [2023-04-14T22:13:57.881+0000] {dag.py:3456} INFO - Setting next_dagrun for pads to 2023-01-01T00:35:00+00:00, run_after=2023-01-01T00:40:00+00:00
[2023-04-14T22:13:57.887+0000] {logging_mixin.py:137} INFO - [2023-04-14T22:13:57.887+0000] {dag.py:3456} INFO - Setting next_dagrun for rockets to 2023-01-01T00:00:00+00:00, run_after=2023-01-02T00:00:00+00:00
[2023-04-14T22:13:58.074+0000] {processor.py:175} INFO - Processing /opt/airflow/dags/dag.py took 1.368 seconds
[2023-04-14T22:14:28.688+0000] {processor.py:153} INFO - Started process (PID=460) to work on /opt/airflow/dags/dag.py
[2023-04-14T22:14:28.693+0000] {processor.py:743} INFO - Processing file /opt/airflow/dags/dag.py for tasks to queue
[2023-04-14T22:14:28.698+0000] {logging_mixin.py:137} INFO - [2023-04-14T22:14:28.697+0000] {dagbag.py:532} INFO - Filling up the DagBag from /opt/airflow/dags/dag.py
[2023-04-14T22:14:28.750+0000] {processor.py:753} INFO - DAG(s) dict_keys(['launches', 'rockets', 'pads']) retrieved from /opt/airflow/dags/dag.py
[2023-04-14T22:14:28.831+0000] {logging_mixin.py:137} INFO - [2023-04-14T22:14:28.831+0000] {dag.py:2705} INFO - Sync 3 DAGs
[2023-04-14T22:14:28.926+0000] {logging_mixin.py:137} INFO - [2023-04-14T22:14:28.926+0000] {dag.py:3456} INFO - Setting next_dagrun for rockets to 2023-01-01T00:00:00+00:00, run_after=2023-01-02T00:00:00+00:00
[2023-04-14T22:14:28.963+0000] {processor.py:175} INFO - Processing /opt/airflow/dags/dag.py took 0.284 seconds
[2023-04-14T22:14:59.422+0000] {processor.py:153} INFO - Started process (PID=465) to work on /opt/airflow/dags/dag.py
[2023-04-14T22:14:59.427+0000] {processor.py:743} INFO - Processing file /opt/airflow/dags/dag.py for tasks to queue
[2023-04-14T22:14:59.431+0000] {logging_mixin.py:137} INFO - [2023-04-14T22:14:59.430+0000] {dagbag.py:532} INFO - Filling up the DagBag from /opt/airflow/dags/dag.py
[2023-04-14T22:14:59.478+0000] {processor.py:753} INFO - DAG(s) dict_keys(['launches', 'rockets', 'pads']) retrieved from /opt/airflow/dags/dag.py
[2023-04-14T22:14:59.545+0000] {logging_mixin.py:137} INFO - [2023-04-14T22:14:59.545+0000] {dag.py:2705} INFO - Sync 3 DAGs
[2023-04-14T22:14:59.609+0000] {logging_mixin.py:137} INFO - [2023-04-14T22:14:59.608+0000] {dag.py:3456} INFO - Setting next_dagrun for rockets to 2023-01-01T00:00:00+00:00, run_after=2023-01-02T00:00:00+00:00
[2023-04-14T22:14:59.647+0000] {processor.py:175} INFO - Processing /opt/airflow/dags/dag.py took 0.232 seconds
[2023-04-14T22:15:30.167+0000] {processor.py:153} INFO - Started process (PID=470) to work on /opt/airflow/dags/dag.py
[2023-04-14T22:15:30.194+0000] {processor.py:743} INFO - Processing file /opt/airflow/dags/dag.py for tasks to queue
[2023-04-14T22:15:30.201+0000] {logging_mixin.py:137} INFO - [2023-04-14T22:15:30.201+0000] {dagbag.py:532} INFO - Filling up the DagBag from /opt/airflow/dags/dag.py
[2023-04-14T22:15:30.437+0000] {processor.py:753} INFO - DAG(s) dict_keys(['pads', 'launches', 'rockets']) retrieved from /opt/airflow/dags/dag.py
[2023-04-14T22:15:30.738+0000] {logging_mixin.py:137} INFO - [2023-04-14T22:15:30.738+0000] {dag.py:2705} INFO - Sync 3 DAGs
[2023-04-14T22:15:31.027+0000] {logging_mixin.py:137} INFO - [2023-04-14T22:15:31.027+0000] {dag.py:3456} INFO - Setting next_dagrun for rockets to 2023-01-01T00:00:00+00:00, run_after=2023-01-02T00:00:00+00:00
[2023-04-14T22:15:31.108+0000] {processor.py:175} INFO - Processing /opt/airflow/dags/dag.py took 0.963 seconds
[2023-04-14T22:15:57.443+0000] {processor.py:153} INFO - Started process (PID=475) to work on /opt/airflow/dags/dag.py
[2023-04-14T22:15:57.467+0000] {processor.py:743} INFO - Processing file /opt/airflow/dags/dag.py for tasks to queue
[2023-04-14T22:15:57.485+0000] {logging_mixin.py:137} INFO - [2023-04-14T22:15:57.485+0000] {dagbag.py:532} INFO - Filling up the DagBag from /opt/airflow/dags/dag.py
[2023-04-14T22:15:57.620+0000] {processor.py:753} INFO - DAG(s) dict_keys(['pads', 'rockets', 'launches']) retrieved from /opt/airflow/dags/dag.py
[2023-04-14T22:15:57.946+0000] {logging_mixin.py:137} INFO - [2023-04-14T22:15:57.945+0000] {dag.py:2705} INFO - Sync 3 DAGs
[2023-04-14T22:15:58.060+0000] {logging_mixin.py:137} INFO - [2023-04-14T22:15:58.060+0000] {dag.py:3456} INFO - Setting next_dagrun for rockets to 2023-01-01T00:00:00+00:00, run_after=2023-01-02T00:00:00+00:00
[2023-04-14T22:15:58.148+0000] {processor.py:175} INFO - Processing /opt/airflow/dags/dag.py took 0.720 seconds
[2023-04-14T22:16:03.294+0000] {processor.py:153} INFO - Started process (PID=480) to work on /opt/airflow/dags/dag.py
[2023-04-14T22:16:03.303+0000] {processor.py:743} INFO - Processing file /opt/airflow/dags/dag.py for tasks to queue
[2023-04-14T22:16:03.333+0000] {logging_mixin.py:137} INFO - [2023-04-14T22:16:03.333+0000] {dagbag.py:532} INFO - Filling up the DagBag from /opt/airflow/dags/dag.py
[2023-04-14T22:16:03.468+0000] {processor.py:753} INFO - DAG(s) dict_keys(['pads', 'launches', 'rockets']) retrieved from /opt/airflow/dags/dag.py
[2023-04-14T22:16:03.717+0000] {logging_mixin.py:137} INFO - [2023-04-14T22:16:03.717+0000] {dag.py:2705} INFO - Sync 3 DAGs
[2023-04-14T22:16:03.851+0000] {logging_mixin.py:137} INFO - [2023-04-14T22:16:03.851+0000] {dag.py:3456} INFO - Setting next_dagrun for rockets to 2023-01-01T00:00:00+00:00, run_after=2023-01-02T00:00:00+00:00
[2023-04-14T22:16:03.924+0000] {processor.py:175} INFO - Processing /opt/airflow/dags/dag.py took 0.648 seconds
[2023-04-14T22:16:07.065+0000] {processor.py:153} INFO - Started process (PID=485) to work on /opt/airflow/dags/dag.py
[2023-04-14T22:16:07.069+0000] {processor.py:743} INFO - Processing file /opt/airflow/dags/dag.py for tasks to queue
[2023-04-14T22:16:07.079+0000] {logging_mixin.py:137} INFO - [2023-04-14T22:16:07.079+0000] {dagbag.py:532} INFO - Filling up the DagBag from /opt/airflow/dags/dag.py
[2023-04-14T22:16:07.140+0000] {processor.py:753} INFO - DAG(s) dict_keys(['launches', 'pads', 'rockets']) retrieved from /opt/airflow/dags/dag.py
[2023-04-14T22:16:07.170+0000] {logging_mixin.py:137} INFO - [2023-04-14T22:16:07.170+0000] {dag.py:2705} INFO - Sync 3 DAGs
[2023-04-14T22:16:07.224+0000] {logging_mixin.py:137} INFO - [2023-04-14T22:16:07.224+0000] {dag.py:3456} INFO - Setting next_dagrun for rockets to 2023-01-01T00:00:00+00:00, run_after=2023-01-02T00:00:00+00:00
[2023-04-14T22:16:07.266+0000] {processor.py:175} INFO - Processing /opt/airflow/dags/dag.py took 0.210 seconds
[2023-04-14T22:16:40.098+0000] {processor.py:153} INFO - Started process (PID=512) to work on /opt/airflow/dags/dag.py
[2023-04-14T22:16:40.134+0000] {processor.py:743} INFO - Processing file /opt/airflow/dags/dag.py for tasks to queue
[2023-04-14T22:16:40.164+0000] {logging_mixin.py:137} INFO - [2023-04-14T22:16:40.164+0000] {dagbag.py:532} INFO - Filling up the DagBag from /opt/airflow/dags/dag.py
[2023-04-14T22:16:46.017+0000] {processor.py:753} INFO - DAG(s) dict_keys(['launches', 'rockets', 'pads']) retrieved from /opt/airflow/dags/dag.py
[2023-04-14T22:16:50.841+0000] {logging_mixin.py:137} INFO - [2023-04-14T22:16:50.816+0000] {dag.py:2705} INFO - Sync 3 DAGs
[2023-04-14T22:16:53.957+0000] {logging_mixin.py:137} INFO - [2023-04-14T22:16:53.925+0000] {dag.py:3456} INFO - Setting next_dagrun for launches to 2023-01-01T00:05:20+00:00, run_after=2023-01-01T00:05:40+00:00
[2023-04-14T22:16:54.183+0000] {logging_mixin.py:137} INFO - [2023-04-14T22:16:54.182+0000] {dag.py:3456} INFO - Setting next_dagrun for rockets to 2023-01-01T00:00:00+00:00, run_after=2023-01-02T00:00:00+00:00
[2023-04-14T22:16:55.186+0000] {processor.py:175} INFO - Processing /opt/airflow/dags/dag.py took 15.396 seconds
[2023-04-14T22:17:25.601+0000] {processor.py:153} INFO - Started process (PID=569) to work on /opt/airflow/dags/dag.py
[2023-04-14T22:17:25.604+0000] {processor.py:743} INFO - Processing file /opt/airflow/dags/dag.py for tasks to queue
[2023-04-14T22:17:25.607+0000] {logging_mixin.py:137} INFO - [2023-04-14T22:17:25.607+0000] {dagbag.py:532} INFO - Filling up the DagBag from /opt/airflow/dags/dag.py
[2023-04-14T22:17:25.749+0000] {processor.py:753} INFO - DAG(s) dict_keys(['launches', 'rockets', 'pads']) retrieved from /opt/airflow/dags/dag.py
[2023-04-14T22:17:26.085+0000] {logging_mixin.py:137} INFO - [2023-04-14T22:17:26.085+0000] {dag.py:2705} INFO - Sync 3 DAGs
[2023-04-14T22:17:26.352+0000] {logging_mixin.py:137} INFO - [2023-04-14T22:17:26.351+0000] {dag.py:3456} INFO - Setting next_dagrun for launches to 2023-01-01T00:09:00+00:00, run_after=2023-01-01T00:09:20+00:00
[2023-04-14T22:17:26.404+0000] {logging_mixin.py:137} INFO - [2023-04-14T22:17:26.404+0000] {dag.py:3456} INFO - Setting next_dagrun for rockets to 2023-01-01T00:00:00+00:00, run_after=2023-01-02T00:00:00+00:00
[2023-04-14T22:17:26.765+0000] {processor.py:175} INFO - Processing /opt/airflow/dags/dag.py took 1.178 seconds
[2023-04-14T22:17:57.143+0000] {processor.py:153} INFO - Started process (PID=593) to work on /opt/airflow/dags/dag.py
[2023-04-14T22:17:57.149+0000] {processor.py:743} INFO - Processing file /opt/airflow/dags/dag.py for tasks to queue
[2023-04-14T22:17:57.153+0000] {logging_mixin.py:137} INFO - [2023-04-14T22:17:57.152+0000] {dagbag.py:532} INFO - Filling up the DagBag from /opt/airflow/dags/dag.py
[2023-04-14T22:17:57.199+0000] {processor.py:753} INFO - DAG(s) dict_keys(['launches', 'rockets', 'pads']) retrieved from /opt/airflow/dags/dag.py
[2023-04-14T22:17:57.271+0000] {logging_mixin.py:137} INFO - [2023-04-14T22:17:57.271+0000] {dag.py:2705} INFO - Sync 3 DAGs
[2023-04-14T22:17:57.380+0000] {logging_mixin.py:137} INFO - [2023-04-14T22:17:57.380+0000] {dag.py:3456} INFO - Setting next_dagrun for rockets to 2023-01-01T00:00:00+00:00, run_after=2023-01-02T00:00:00+00:00
[2023-04-14T22:17:57.557+0000] {processor.py:175} INFO - Processing /opt/airflow/dags/dag.py took 0.423 seconds
[2023-04-14T22:18:28.376+0000] {processor.py:153} INFO - Started process (PID=598) to work on /opt/airflow/dags/dag.py
[2023-04-14T22:18:28.381+0000] {processor.py:743} INFO - Processing file /opt/airflow/dags/dag.py for tasks to queue
[2023-04-14T22:18:28.384+0000] {logging_mixin.py:137} INFO - [2023-04-14T22:18:28.384+0000] {dagbag.py:532} INFO - Filling up the DagBag from /opt/airflow/dags/dag.py
[2023-04-14T22:18:28.437+0000] {processor.py:753} INFO - DAG(s) dict_keys(['rockets', 'launches', 'pads']) retrieved from /opt/airflow/dags/dag.py
[2023-04-14T22:18:28.507+0000] {logging_mixin.py:137} INFO - [2023-04-14T22:18:28.507+0000] {dag.py:2705} INFO - Sync 3 DAGs
[2023-04-14T22:18:28.570+0000] {logging_mixin.py:137} INFO - [2023-04-14T22:18:28.569+0000] {dag.py:3456} INFO - Setting next_dagrun for rockets to 2023-01-01T00:00:00+00:00, run_after=2023-01-02T00:00:00+00:00
[2023-04-14T22:18:28.606+0000] {processor.py:175} INFO - Processing /opt/airflow/dags/dag.py took 0.238 seconds
[2023-04-14T22:18:58.670+0000] {processor.py:153} INFO - Started process (PID=603) to work on /opt/airflow/dags/dag.py
[2023-04-14T22:18:58.674+0000] {processor.py:743} INFO - Processing file /opt/airflow/dags/dag.py for tasks to queue
[2023-04-14T22:18:58.677+0000] {logging_mixin.py:137} INFO - [2023-04-14T22:18:58.677+0000] {dagbag.py:532} INFO - Filling up the DagBag from /opt/airflow/dags/dag.py
[2023-04-14T22:18:58.714+0000] {processor.py:753} INFO - DAG(s) dict_keys(['launches', 'pads', 'rockets']) retrieved from /opt/airflow/dags/dag.py
[2023-04-14T22:18:58.776+0000] {logging_mixin.py:137} INFO - [2023-04-14T22:18:58.776+0000] {dag.py:2705} INFO - Sync 3 DAGs
[2023-04-14T22:18:58.833+0000] {logging_mixin.py:137} INFO - [2023-04-14T22:18:58.833+0000] {dag.py:3456} INFO - Setting next_dagrun for rockets to 2023-01-01T00:00:00+00:00, run_after=2023-01-02T00:00:00+00:00
[2023-04-14T22:18:58.868+0000] {processor.py:175} INFO - Processing /opt/airflow/dags/dag.py took 0.205 seconds
[2023-04-14T22:19:29.128+0000] {processor.py:153} INFO - Started process (PID=608) to work on /opt/airflow/dags/dag.py
[2023-04-14T22:19:29.133+0000] {processor.py:743} INFO - Processing file /opt/airflow/dags/dag.py for tasks to queue
[2023-04-14T22:19:29.136+0000] {logging_mixin.py:137} INFO - [2023-04-14T22:19:29.136+0000] {dagbag.py:532} INFO - Filling up the DagBag from /opt/airflow/dags/dag.py
[2023-04-14T22:19:29.171+0000] {processor.py:753} INFO - DAG(s) dict_keys(['rockets', 'launches', 'pads']) retrieved from /opt/airflow/dags/dag.py
[2023-04-14T22:19:29.235+0000] {logging_mixin.py:137} INFO - [2023-04-14T22:19:29.235+0000] {dag.py:2705} INFO - Sync 3 DAGs
[2023-04-14T22:19:29.296+0000] {logging_mixin.py:137} INFO - [2023-04-14T22:19:29.296+0000] {dag.py:3456} INFO - Setting next_dagrun for rockets to 2023-01-01T00:00:00+00:00, run_after=2023-01-02T00:00:00+00:00
[2023-04-14T22:19:29.332+0000] {processor.py:175} INFO - Processing /opt/airflow/dags/dag.py took 0.209 seconds
[2023-04-14T22:19:59.454+0000] {processor.py:153} INFO - Started process (PID=613) to work on /opt/airflow/dags/dag.py
[2023-04-14T22:19:59.458+0000] {processor.py:743} INFO - Processing file /opt/airflow/dags/dag.py for tasks to queue
[2023-04-14T22:19:59.461+0000] {logging_mixin.py:137} INFO - [2023-04-14T22:19:59.461+0000] {dagbag.py:532} INFO - Filling up the DagBag from /opt/airflow/dags/dag.py
[2023-04-14T22:19:59.506+0000] {processor.py:753} INFO - DAG(s) dict_keys(['rockets', 'pads', 'launches']) retrieved from /opt/airflow/dags/dag.py
[2023-04-14T22:19:59.643+0000] {logging_mixin.py:137} INFO - [2023-04-14T22:19:59.642+0000] {dag.py:2705} INFO - Sync 3 DAGs
[2023-04-14T22:19:59.725+0000] {logging_mixin.py:137} INFO - [2023-04-14T22:19:59.725+0000] {dag.py:3456} INFO - Setting next_dagrun for rockets to 2023-01-01T00:00:00+00:00, run_after=2023-01-02T00:00:00+00:00
[2023-04-14T22:19:59.764+0000] {processor.py:175} INFO - Processing /opt/airflow/dags/dag.py took 0.317 seconds
[2023-04-14T22:20:30.052+0000] {processor.py:153} INFO - Started process (PID=618) to work on /opt/airflow/dags/dag.py
[2023-04-14T22:20:30.059+0000] {processor.py:743} INFO - Processing file /opt/airflow/dags/dag.py for tasks to queue
[2023-04-14T22:20:30.062+0000] {logging_mixin.py:137} INFO - [2023-04-14T22:20:30.062+0000] {dagbag.py:532} INFO - Filling up the DagBag from /opt/airflow/dags/dag.py
[2023-04-14T22:20:30.120+0000] {processor.py:753} INFO - DAG(s) dict_keys(['rockets', 'pads', 'launches']) retrieved from /opt/airflow/dags/dag.py
[2023-04-14T22:20:30.217+0000] {logging_mixin.py:137} INFO - [2023-04-14T22:20:30.217+0000] {dag.py:2705} INFO - Sync 3 DAGs
[2023-04-14T22:20:30.299+0000] {logging_mixin.py:137} INFO - [2023-04-14T22:20:30.299+0000] {dag.py:3456} INFO - Setting next_dagrun for rockets to 2023-01-01T00:00:00+00:00, run_after=2023-01-02T00:00:00+00:00
[2023-04-14T22:20:30.341+0000] {processor.py:175} INFO - Processing /opt/airflow/dags/dag.py took 0.299 seconds
[2023-04-14T22:21:00.640+0000] {processor.py:153} INFO - Started process (PID=623) to work on /opt/airflow/dags/dag.py
[2023-04-14T22:21:00.644+0000] {processor.py:743} INFO - Processing file /opt/airflow/dags/dag.py for tasks to queue
[2023-04-14T22:21:00.650+0000] {logging_mixin.py:137} INFO - [2023-04-14T22:21:00.649+0000] {dagbag.py:532} INFO - Filling up the DagBag from /opt/airflow/dags/dag.py
[2023-04-14T22:21:00.689+0000] {processor.py:753} INFO - DAG(s) dict_keys(['rockets', 'launches', 'pads']) retrieved from /opt/airflow/dags/dag.py
[2023-04-14T22:21:00.749+0000] {logging_mixin.py:137} INFO - [2023-04-14T22:21:00.749+0000] {dag.py:2705} INFO - Sync 3 DAGs
[2023-04-14T22:21:00.806+0000] {logging_mixin.py:137} INFO - [2023-04-14T22:21:00.806+0000] {dag.py:3456} INFO - Setting next_dagrun for rockets to 2023-01-01T00:00:00+00:00, run_after=2023-01-02T00:00:00+00:00
[2023-04-14T22:21:00.844+0000] {processor.py:175} INFO - Processing /opt/airflow/dags/dag.py took 0.213 seconds
[2023-04-14T22:21:31.157+0000] {processor.py:153} INFO - Started process (PID=628) to work on /opt/airflow/dags/dag.py
[2023-04-14T22:21:31.161+0000] {processor.py:743} INFO - Processing file /opt/airflow/dags/dag.py for tasks to queue
[2023-04-14T22:21:31.164+0000] {logging_mixin.py:137} INFO - [2023-04-14T22:21:31.164+0000] {dagbag.py:532} INFO - Filling up the DagBag from /opt/airflow/dags/dag.py
[2023-04-14T22:21:31.203+0000] {processor.py:753} INFO - DAG(s) dict_keys(['pads', 'launches', 'rockets']) retrieved from /opt/airflow/dags/dag.py
[2023-04-14T22:21:31.281+0000] {logging_mixin.py:137} INFO - [2023-04-14T22:21:31.280+0000] {dag.py:2705} INFO - Sync 3 DAGs
[2023-04-14T22:21:31.363+0000] {logging_mixin.py:137} INFO - [2023-04-14T22:21:31.363+0000] {dag.py:3456} INFO - Setting next_dagrun for rockets to 2023-01-01T00:00:00+00:00, run_after=2023-01-02T00:00:00+00:00
[2023-04-14T22:21:31.420+0000] {processor.py:175} INFO - Processing /opt/airflow/dags/dag.py took 0.272 seconds
