[2023-04-16T02:18:55.126+0000] {processor.py:153} INFO - Started process (PID=239) to work on /opt/airflow/dags/dag_landpad.py
[2023-04-16T02:18:55.138+0000] {processor.py:743} INFO - Processing file /opt/airflow/dags/dag_landpad.py for tasks to queue
[2023-04-16T02:18:55.144+0000] {logging_mixin.py:137} INFO - [2023-04-16T02:18:55.143+0000] {dagbag.py:532} INFO - Filling up the DagBag from /opt/airflow/dags/dag_landpad.py
[2023-04-16T02:18:55.227+0000] {logging_mixin.py:137} INFO - [2023-04-16T02:18:55.212+0000] {dagbag.py:341} ERROR - Failed to import: /opt/airflow/dags/dag_landpad.py
Traceback (most recent call last):
  File "/home/airflow/.local/lib/python3.7/site-packages/airflow/models/dagbag.py", line 337, in parse
    loader.exec_module(new_module)
  File "<frozen importlib._bootstrap_external>", line 728, in exec_module
  File "<frozen importlib._bootstrap>", line 219, in _call_with_frames_removed
  File "/opt/airflow/dags/dag_landpad.py", line 4, in <module>
    from landpad import extract, validate, transform, load
ModuleNotFoundError: No module named 'landpad'
[2023-04-16T02:18:55.231+0000] {processor.py:755} WARNING - No viable dags retrieved from /opt/airflow/dags/dag_landpad.py
[2023-04-16T02:18:55.283+0000] {processor.py:175} INFO - Processing /opt/airflow/dags/dag_landpad.py took 0.176 seconds
[2023-04-16T02:19:26.088+0000] {processor.py:153} INFO - Started process (PID=266) to work on /opt/airflow/dags/dag_landpad.py
[2023-04-16T02:19:26.097+0000] {processor.py:743} INFO - Processing file /opt/airflow/dags/dag_landpad.py for tasks to queue
[2023-04-16T02:19:26.106+0000] {logging_mixin.py:137} INFO - [2023-04-16T02:19:26.104+0000] {dagbag.py:532} INFO - Filling up the DagBag from /opt/airflow/dags/dag_landpad.py
[2023-04-16T02:19:26.154+0000] {logging_mixin.py:137} INFO - [2023-04-16T02:19:26.146+0000] {dagbag.py:341} ERROR - Failed to import: /opt/airflow/dags/dag_landpad.py
Traceback (most recent call last):
  File "/home/airflow/.local/lib/python3.7/site-packages/airflow/models/dagbag.py", line 337, in parse
    loader.exec_module(new_module)
  File "<frozen importlib._bootstrap_external>", line 728, in exec_module
  File "<frozen importlib._bootstrap>", line 219, in _call_with_frames_removed
  File "/opt/airflow/dags/dag_landpad.py", line 4, in <module>
    from landpad import extract, validate, transform, load
ModuleNotFoundError: No module named 'landpad'
[2023-04-16T02:19:26.160+0000] {processor.py:755} WARNING - No viable dags retrieved from /opt/airflow/dags/dag_landpad.py
[2023-04-16T02:19:26.233+0000] {processor.py:175} INFO - Processing /opt/airflow/dags/dag_landpad.py took 0.157 seconds
[2023-04-16T02:19:57.216+0000] {processor.py:153} INFO - Started process (PID=293) to work on /opt/airflow/dags/dag_landpad.py
[2023-04-16T02:19:57.231+0000] {processor.py:743} INFO - Processing file /opt/airflow/dags/dag_landpad.py for tasks to queue
[2023-04-16T02:19:57.255+0000] {logging_mixin.py:137} INFO - [2023-04-16T02:19:57.241+0000] {dagbag.py:532} INFO - Filling up the DagBag from /opt/airflow/dags/dag_landpad.py
[2023-04-16T02:19:57.403+0000] {logging_mixin.py:137} INFO - [2023-04-16T02:19:57.376+0000] {dagbag.py:341} ERROR - Failed to import: /opt/airflow/dags/dag_landpad.py
Traceback (most recent call last):
  File "/home/airflow/.local/lib/python3.7/site-packages/airflow/models/dagbag.py", line 337, in parse
    loader.exec_module(new_module)
  File "<frozen importlib._bootstrap_external>", line 728, in exec_module
  File "<frozen importlib._bootstrap>", line 219, in _call_with_frames_removed
  File "/opt/airflow/dags/dag_landpad.py", line 4, in <module>
    from landpad import extract, validate, transform, load
ModuleNotFoundError: No module named 'landpad'
[2023-04-16T02:19:57.409+0000] {processor.py:755} WARNING - No viable dags retrieved from /opt/airflow/dags/dag_landpad.py
[2023-04-16T02:19:57.476+0000] {processor.py:175} INFO - Processing /opt/airflow/dags/dag_landpad.py took 0.355 seconds
[2023-04-16T02:20:28.150+0000] {processor.py:153} INFO - Started process (PID=320) to work on /opt/airflow/dags/dag_landpad.py
[2023-04-16T02:20:28.159+0000] {processor.py:743} INFO - Processing file /opt/airflow/dags/dag_landpad.py for tasks to queue
[2023-04-16T02:20:28.163+0000] {logging_mixin.py:137} INFO - [2023-04-16T02:20:28.162+0000] {dagbag.py:532} INFO - Filling up the DagBag from /opt/airflow/dags/dag_landpad.py
[2023-04-16T02:20:28.192+0000] {logging_mixin.py:137} INFO - [2023-04-16T02:20:28.187+0000] {dagbag.py:341} ERROR - Failed to import: /opt/airflow/dags/dag_landpad.py
Traceback (most recent call last):
  File "/home/airflow/.local/lib/python3.7/site-packages/airflow/models/dagbag.py", line 337, in parse
    loader.exec_module(new_module)
  File "<frozen importlib._bootstrap_external>", line 728, in exec_module
  File "<frozen importlib._bootstrap>", line 219, in _call_with_frames_removed
  File "/opt/airflow/dags/dag_landpad.py", line 4, in <module>
    from landpad import extract, validate, transform, load
ModuleNotFoundError: No module named 'landpad'
[2023-04-16T02:20:28.194+0000] {processor.py:755} WARNING - No viable dags retrieved from /opt/airflow/dags/dag_landpad.py
[2023-04-16T02:20:28.345+0000] {processor.py:175} INFO - Processing /opt/airflow/dags/dag_landpad.py took 0.203 seconds
[2023-04-16T02:20:58.770+0000] {processor.py:153} INFO - Started process (PID=347) to work on /opt/airflow/dags/dag_landpad.py
[2023-04-16T02:20:58.780+0000] {processor.py:743} INFO - Processing file /opt/airflow/dags/dag_landpad.py for tasks to queue
[2023-04-16T02:20:58.787+0000] {logging_mixin.py:137} INFO - [2023-04-16T02:20:58.787+0000] {dagbag.py:532} INFO - Filling up the DagBag from /opt/airflow/dags/dag_landpad.py
[2023-04-16T02:20:58.867+0000] {logging_mixin.py:137} INFO - [2023-04-16T02:20:58.847+0000] {dagbag.py:341} ERROR - Failed to import: /opt/airflow/dags/dag_landpad.py
Traceback (most recent call last):
  File "/home/airflow/.local/lib/python3.7/site-packages/airflow/models/dagbag.py", line 337, in parse
    loader.exec_module(new_module)
  File "<frozen importlib._bootstrap_external>", line 728, in exec_module
  File "<frozen importlib._bootstrap>", line 219, in _call_with_frames_removed
  File "/opt/airflow/dags/dag_landpad.py", line 4, in <module>
    from landpad import extract, validate, transform, load
ModuleNotFoundError: No module named 'landpad'
[2023-04-16T02:20:58.875+0000] {processor.py:755} WARNING - No viable dags retrieved from /opt/airflow/dags/dag_landpad.py
[2023-04-16T02:20:59.074+0000] {processor.py:175} INFO - Processing /opt/airflow/dags/dag_landpad.py took 0.328 seconds
[2023-04-16T02:21:29.676+0000] {processor.py:153} INFO - Started process (PID=374) to work on /opt/airflow/dags/dag_landpad.py
[2023-04-16T02:21:29.683+0000] {processor.py:743} INFO - Processing file /opt/airflow/dags/dag_landpad.py for tasks to queue
[2023-04-16T02:21:29.687+0000] {logging_mixin.py:137} INFO - [2023-04-16T02:21:29.687+0000] {dagbag.py:532} INFO - Filling up the DagBag from /opt/airflow/dags/dag_landpad.py
[2023-04-16T02:21:29.749+0000] {logging_mixin.py:137} INFO - [2023-04-16T02:21:29.730+0000] {dagbag.py:341} ERROR - Failed to import: /opt/airflow/dags/dag_landpad.py
Traceback (most recent call last):
  File "/home/airflow/.local/lib/python3.7/site-packages/airflow/models/dagbag.py", line 337, in parse
    loader.exec_module(new_module)
  File "<frozen importlib._bootstrap_external>", line 728, in exec_module
  File "<frozen importlib._bootstrap>", line 219, in _call_with_frames_removed
  File "/opt/airflow/dags/dag_landpad.py", line 4, in <module>
    from landpad import extract, validate, transform, load
ModuleNotFoundError: No module named 'landpad'
[2023-04-16T02:21:29.755+0000] {processor.py:755} WARNING - No viable dags retrieved from /opt/airflow/dags/dag_landpad.py
[2023-04-16T02:21:29.871+0000] {processor.py:175} INFO - Processing /opt/airflow/dags/dag_landpad.py took 0.212 seconds
[2023-04-16T02:22:00.839+0000] {processor.py:153} INFO - Started process (PID=401) to work on /opt/airflow/dags/dag_landpad.py
[2023-04-16T02:22:00.843+0000] {processor.py:743} INFO - Processing file /opt/airflow/dags/dag_landpad.py for tasks to queue
[2023-04-16T02:22:00.850+0000] {logging_mixin.py:137} INFO - [2023-04-16T02:22:00.849+0000] {dagbag.py:532} INFO - Filling up the DagBag from /opt/airflow/dags/dag_landpad.py
[2023-04-16T02:22:00.892+0000] {logging_mixin.py:137} INFO - [2023-04-16T02:22:00.882+0000] {dagbag.py:341} ERROR - Failed to import: /opt/airflow/dags/dag_landpad.py
Traceback (most recent call last):
  File "/home/airflow/.local/lib/python3.7/site-packages/airflow/models/dagbag.py", line 337, in parse
    loader.exec_module(new_module)
  File "<frozen importlib._bootstrap_external>", line 728, in exec_module
  File "<frozen importlib._bootstrap>", line 219, in _call_with_frames_removed
  File "/opt/airflow/dags/dag_landpad.py", line 4, in <module>
    from landpad import extract, validate, transform, load
ModuleNotFoundError: No module named 'landpad'
[2023-04-16T02:22:00.896+0000] {processor.py:755} WARNING - No viable dags retrieved from /opt/airflow/dags/dag_landpad.py
[2023-04-16T02:22:00.963+0000] {processor.py:175} INFO - Processing /opt/airflow/dags/dag_landpad.py took 0.137 seconds
[2023-04-16T02:22:31.535+0000] {processor.py:153} INFO - Started process (PID=428) to work on /opt/airflow/dags/dag_landpad.py
[2023-04-16T02:22:31.538+0000] {processor.py:743} INFO - Processing file /opt/airflow/dags/dag_landpad.py for tasks to queue
[2023-04-16T02:22:31.541+0000] {logging_mixin.py:137} INFO - [2023-04-16T02:22:31.541+0000] {dagbag.py:532} INFO - Filling up the DagBag from /opt/airflow/dags/dag_landpad.py
[2023-04-16T02:22:31.583+0000] {logging_mixin.py:137} INFO - [2023-04-16T02:22:31.573+0000] {dagbag.py:341} ERROR - Failed to import: /opt/airflow/dags/dag_landpad.py
Traceback (most recent call last):
  File "/home/airflow/.local/lib/python3.7/site-packages/airflow/models/dagbag.py", line 337, in parse
    loader.exec_module(new_module)
  File "<frozen importlib._bootstrap_external>", line 728, in exec_module
  File "<frozen importlib._bootstrap>", line 219, in _call_with_frames_removed
  File "/opt/airflow/dags/dag_landpad.py", line 4, in <module>
    from landpad import extract, validate, transform, load
ModuleNotFoundError: No module named 'landpad'
[2023-04-16T02:22:31.593+0000] {processor.py:755} WARNING - No viable dags retrieved from /opt/airflow/dags/dag_landpad.py
[2023-04-16T02:22:31.685+0000] {processor.py:175} INFO - Processing /opt/airflow/dags/dag_landpad.py took 0.160 seconds
[2023-04-16T02:23:02.741+0000] {processor.py:153} INFO - Started process (PID=456) to work on /opt/airflow/dags/dag_landpad.py
[2023-04-16T02:23:02.745+0000] {processor.py:743} INFO - Processing file /opt/airflow/dags/dag_landpad.py for tasks to queue
[2023-04-16T02:23:02.749+0000] {logging_mixin.py:137} INFO - [2023-04-16T02:23:02.748+0000] {dagbag.py:532} INFO - Filling up the DagBag from /opt/airflow/dags/dag_landpad.py
[2023-04-16T02:23:02.810+0000] {logging_mixin.py:137} INFO - [2023-04-16T02:23:02.798+0000] {dagbag.py:341} ERROR - Failed to import: /opt/airflow/dags/dag_landpad.py
Traceback (most recent call last):
  File "/home/airflow/.local/lib/python3.7/site-packages/airflow/models/dagbag.py", line 337, in parse
    loader.exec_module(new_module)
  File "<frozen importlib._bootstrap_external>", line 728, in exec_module
  File "<frozen importlib._bootstrap>", line 219, in _call_with_frames_removed
  File "/opt/airflow/dags/dag_landpad.py", line 4, in <module>
    from landpad import extract, validate, transform, load
ModuleNotFoundError: No module named 'landpad'
[2023-04-16T02:23:02.817+0000] {processor.py:755} WARNING - No viable dags retrieved from /opt/airflow/dags/dag_landpad.py
[2023-04-16T02:23:02.921+0000] {processor.py:175} INFO - Processing /opt/airflow/dags/dag_landpad.py took 0.195 seconds
[2023-04-16T02:23:33.744+0000] {processor.py:153} INFO - Started process (PID=484) to work on /opt/airflow/dags/dag_landpad.py
[2023-04-16T02:23:33.749+0000] {processor.py:743} INFO - Processing file /opt/airflow/dags/dag_landpad.py for tasks to queue
[2023-04-16T02:23:33.760+0000] {logging_mixin.py:137} INFO - [2023-04-16T02:23:33.759+0000] {dagbag.py:532} INFO - Filling up the DagBag from /opt/airflow/dags/dag_landpad.py
[2023-04-16T02:23:33.801+0000] {logging_mixin.py:137} INFO - [2023-04-16T02:23:33.792+0000] {dagbag.py:341} ERROR - Failed to import: /opt/airflow/dags/dag_landpad.py
Traceback (most recent call last):
  File "/home/airflow/.local/lib/python3.7/site-packages/airflow/models/dagbag.py", line 337, in parse
    loader.exec_module(new_module)
  File "<frozen importlib._bootstrap_external>", line 728, in exec_module
  File "<frozen importlib._bootstrap>", line 219, in _call_with_frames_removed
  File "/opt/airflow/dags/dag_landpad.py", line 4, in <module>
    from landpad import extract, validate, transform, load
ModuleNotFoundError: No module named 'landpad'
[2023-04-16T02:23:33.804+0000] {processor.py:755} WARNING - No viable dags retrieved from /opt/airflow/dags/dag_landpad.py
[2023-04-16T02:23:33.920+0000] {processor.py:175} INFO - Processing /opt/airflow/dags/dag_landpad.py took 0.188 seconds
[2023-04-16T02:24:04.631+0000] {processor.py:153} INFO - Started process (PID=511) to work on /opt/airflow/dags/dag_landpad.py
[2023-04-16T02:24:04.638+0000] {processor.py:743} INFO - Processing file /opt/airflow/dags/dag_landpad.py for tasks to queue
[2023-04-16T02:24:04.642+0000] {logging_mixin.py:137} INFO - [2023-04-16T02:24:04.641+0000] {dagbag.py:532} INFO - Filling up the DagBag from /opt/airflow/dags/dag_landpad.py
[2023-04-16T02:24:04.699+0000] {logging_mixin.py:137} INFO - [2023-04-16T02:24:04.691+0000] {dagbag.py:341} ERROR - Failed to import: /opt/airflow/dags/dag_landpad.py
Traceback (most recent call last):
  File "/home/airflow/.local/lib/python3.7/site-packages/airflow/models/dagbag.py", line 337, in parse
    loader.exec_module(new_module)
  File "<frozen importlib._bootstrap_external>", line 728, in exec_module
  File "<frozen importlib._bootstrap>", line 219, in _call_with_frames_removed
  File "/opt/airflow/dags/dag_landpad.py", line 4, in <module>
    from landpad import extract, validate, transform, load
ModuleNotFoundError: No module named 'landpad'
[2023-04-16T02:24:04.709+0000] {processor.py:755} WARNING - No viable dags retrieved from /opt/airflow/dags/dag_landpad.py
[2023-04-16T02:24:04.781+0000] {processor.py:175} INFO - Processing /opt/airflow/dags/dag_landpad.py took 0.161 seconds
[2023-04-16T02:24:35.422+0000] {processor.py:153} INFO - Started process (PID=538) to work on /opt/airflow/dags/dag_landpad.py
[2023-04-16T02:24:35.425+0000] {processor.py:743} INFO - Processing file /opt/airflow/dags/dag_landpad.py for tasks to queue
[2023-04-16T02:24:35.435+0000] {logging_mixin.py:137} INFO - [2023-04-16T02:24:35.430+0000] {dagbag.py:532} INFO - Filling up the DagBag from /opt/airflow/dags/dag_landpad.py
[2023-04-16T02:24:35.481+0000] {logging_mixin.py:137} INFO - [2023-04-16T02:24:35.474+0000] {dagbag.py:341} ERROR - Failed to import: /opt/airflow/dags/dag_landpad.py
Traceback (most recent call last):
  File "/home/airflow/.local/lib/python3.7/site-packages/airflow/models/dagbag.py", line 337, in parse
    loader.exec_module(new_module)
  File "<frozen importlib._bootstrap_external>", line 728, in exec_module
  File "<frozen importlib._bootstrap>", line 219, in _call_with_frames_removed
  File "/opt/airflow/dags/dag_landpad.py", line 4, in <module>
    from landpad import extract, validate, transform, load
ModuleNotFoundError: No module named 'landpad'
[2023-04-16T02:24:35.489+0000] {processor.py:755} WARNING - No viable dags retrieved from /opt/airflow/dags/dag_landpad.py
[2023-04-16T02:24:35.593+0000] {processor.py:175} INFO - Processing /opt/airflow/dags/dag_landpad.py took 0.189 seconds
[2023-04-16T02:25:06.210+0000] {processor.py:153} INFO - Started process (PID=565) to work on /opt/airflow/dags/dag_landpad.py
[2023-04-16T02:25:06.213+0000] {processor.py:743} INFO - Processing file /opt/airflow/dags/dag_landpad.py for tasks to queue
[2023-04-16T02:25:06.216+0000] {logging_mixin.py:137} INFO - [2023-04-16T02:25:06.216+0000] {dagbag.py:532} INFO - Filling up the DagBag from /opt/airflow/dags/dag_landpad.py
[2023-04-16T02:25:06.266+0000] {logging_mixin.py:137} INFO - [2023-04-16T02:25:06.260+0000] {dagbag.py:341} ERROR - Failed to import: /opt/airflow/dags/dag_landpad.py
Traceback (most recent call last):
  File "/home/airflow/.local/lib/python3.7/site-packages/airflow/models/dagbag.py", line 337, in parse
    loader.exec_module(new_module)
  File "<frozen importlib._bootstrap_external>", line 728, in exec_module
  File "<frozen importlib._bootstrap>", line 219, in _call_with_frames_removed
  File "/opt/airflow/dags/dag_landpad.py", line 4, in <module>
    from landpad import extract, validate, transform, load
ModuleNotFoundError: No module named 'landpad'
[2023-04-16T02:25:06.270+0000] {processor.py:755} WARNING - No viable dags retrieved from /opt/airflow/dags/dag_landpad.py
[2023-04-16T02:25:06.318+0000] {processor.py:175} INFO - Processing /opt/airflow/dags/dag_landpad.py took 0.117 seconds
[2023-04-16T02:25:36.949+0000] {processor.py:153} INFO - Started process (PID=592) to work on /opt/airflow/dags/dag_landpad.py
[2023-04-16T02:25:36.962+0000] {processor.py:743} INFO - Processing file /opt/airflow/dags/dag_landpad.py for tasks to queue
[2023-04-16T02:25:36.969+0000] {logging_mixin.py:137} INFO - [2023-04-16T02:25:36.968+0000] {dagbag.py:532} INFO - Filling up the DagBag from /opt/airflow/dags/dag_landpad.py
[2023-04-16T02:25:37.033+0000] {logging_mixin.py:137} INFO - [2023-04-16T02:25:37.003+0000] {dagbag.py:341} ERROR - Failed to import: /opt/airflow/dags/dag_landpad.py
Traceback (most recent call last):
  File "/home/airflow/.local/lib/python3.7/site-packages/airflow/models/dagbag.py", line 337, in parse
    loader.exec_module(new_module)
  File "<frozen importlib._bootstrap_external>", line 728, in exec_module
  File "<frozen importlib._bootstrap>", line 219, in _call_with_frames_removed
  File "/opt/airflow/dags/dag_landpad.py", line 4, in <module>
    from landpad import extract, validate, transform, load
ModuleNotFoundError: No module named 'landpad'
[2023-04-16T02:25:37.036+0000] {processor.py:755} WARNING - No viable dags retrieved from /opt/airflow/dags/dag_landpad.py
[2023-04-16T02:25:37.131+0000] {processor.py:175} INFO - Processing /opt/airflow/dags/dag_landpad.py took 0.191 seconds
[2023-04-16T02:26:07.668+0000] {processor.py:153} INFO - Started process (PID=619) to work on /opt/airflow/dags/dag_landpad.py
[2023-04-16T02:26:07.754+0000] {processor.py:743} INFO - Processing file /opt/airflow/dags/dag_landpad.py for tasks to queue
[2023-04-16T02:26:07.764+0000] {logging_mixin.py:137} INFO - [2023-04-16T02:26:07.764+0000] {dagbag.py:532} INFO - Filling up the DagBag from /opt/airflow/dags/dag_landpad.py
[2023-04-16T02:26:07.813+0000] {logging_mixin.py:137} INFO - [2023-04-16T02:26:07.804+0000] {dagbag.py:341} ERROR - Failed to import: /opt/airflow/dags/dag_landpad.py
Traceback (most recent call last):
  File "/home/airflow/.local/lib/python3.7/site-packages/airflow/models/dagbag.py", line 337, in parse
    loader.exec_module(new_module)
  File "<frozen importlib._bootstrap_external>", line 728, in exec_module
  File "<frozen importlib._bootstrap>", line 219, in _call_with_frames_removed
  File "/opt/airflow/dags/dag_landpad.py", line 4, in <module>
    from landpad import extract, validate, transform, load
ModuleNotFoundError: No module named 'landpad'
[2023-04-16T02:26:07.816+0000] {processor.py:755} WARNING - No viable dags retrieved from /opt/airflow/dags/dag_landpad.py
[2023-04-16T02:26:07.876+0000] {processor.py:175} INFO - Processing /opt/airflow/dags/dag_landpad.py took 0.234 seconds
[2023-04-16T02:26:38.405+0000] {processor.py:153} INFO - Started process (PID=646) to work on /opt/airflow/dags/dag_landpad.py
[2023-04-16T02:26:38.409+0000] {processor.py:743} INFO - Processing file /opt/airflow/dags/dag_landpad.py for tasks to queue
[2023-04-16T02:26:38.414+0000] {logging_mixin.py:137} INFO - [2023-04-16T02:26:38.414+0000] {dagbag.py:532} INFO - Filling up the DagBag from /opt/airflow/dags/dag_landpad.py
[2023-04-16T02:26:38.499+0000] {logging_mixin.py:137} INFO - [2023-04-16T02:26:38.488+0000] {dagbag.py:341} ERROR - Failed to import: /opt/airflow/dags/dag_landpad.py
Traceback (most recent call last):
  File "/home/airflow/.local/lib/python3.7/site-packages/airflow/models/dagbag.py", line 337, in parse
    loader.exec_module(new_module)
  File "<frozen importlib._bootstrap_external>", line 728, in exec_module
  File "<frozen importlib._bootstrap>", line 219, in _call_with_frames_removed
  File "/opt/airflow/dags/dag_landpad.py", line 4, in <module>
    from landpad import extract, validate, transform, load
ModuleNotFoundError: No module named 'landpad'
[2023-04-16T02:26:38.508+0000] {processor.py:755} WARNING - No viable dags retrieved from /opt/airflow/dags/dag_landpad.py
[2023-04-16T02:26:38.560+0000] {processor.py:175} INFO - Processing /opt/airflow/dags/dag_landpad.py took 0.168 seconds
[2023-04-16T02:27:09.257+0000] {processor.py:153} INFO - Started process (PID=680) to work on /opt/airflow/dags/dag_landpad.py
[2023-04-16T02:27:09.262+0000] {processor.py:743} INFO - Processing file /opt/airflow/dags/dag_landpad.py for tasks to queue
[2023-04-16T02:27:09.267+0000] {logging_mixin.py:137} INFO - [2023-04-16T02:27:09.267+0000] {dagbag.py:532} INFO - Filling up the DagBag from /opt/airflow/dags/dag_landpad.py
[2023-04-16T02:27:09.316+0000] {logging_mixin.py:137} INFO - [2023-04-16T02:27:09.308+0000] {dagbag.py:341} ERROR - Failed to import: /opt/airflow/dags/dag_landpad.py
Traceback (most recent call last):
  File "/home/airflow/.local/lib/python3.7/site-packages/airflow/models/dagbag.py", line 337, in parse
    loader.exec_module(new_module)
  File "<frozen importlib._bootstrap_external>", line 728, in exec_module
  File "<frozen importlib._bootstrap>", line 219, in _call_with_frames_removed
  File "/opt/airflow/dags/dag_landpad.py", line 4, in <module>
    from landpad import extract, validate, transform, load
ModuleNotFoundError: No module named 'landpad'
[2023-04-16T02:27:09.319+0000] {processor.py:755} WARNING - No viable dags retrieved from /opt/airflow/dags/dag_landpad.py
[2023-04-16T02:27:09.386+0000] {processor.py:175} INFO - Processing /opt/airflow/dags/dag_landpad.py took 0.139 seconds
[2023-04-16T02:27:40.125+0000] {processor.py:153} INFO - Started process (PID=707) to work on /opt/airflow/dags/dag_landpad.py
[2023-04-16T02:27:40.130+0000] {processor.py:743} INFO - Processing file /opt/airflow/dags/dag_landpad.py for tasks to queue
[2023-04-16T02:27:40.137+0000] {logging_mixin.py:137} INFO - [2023-04-16T02:27:40.136+0000] {dagbag.py:532} INFO - Filling up the DagBag from /opt/airflow/dags/dag_landpad.py
[2023-04-16T02:27:40.210+0000] {logging_mixin.py:137} INFO - [2023-04-16T02:27:40.200+0000] {dagbag.py:341} ERROR - Failed to import: /opt/airflow/dags/dag_landpad.py
Traceback (most recent call last):
  File "/home/airflow/.local/lib/python3.7/site-packages/airflow/models/dagbag.py", line 337, in parse
    loader.exec_module(new_module)
  File "<frozen importlib._bootstrap_external>", line 728, in exec_module
  File "<frozen importlib._bootstrap>", line 219, in _call_with_frames_removed
  File "/opt/airflow/dags/dag_landpad.py", line 4, in <module>
    from landpad import extract, validate, transform, load
ModuleNotFoundError: No module named 'landpad'
[2023-04-16T02:27:40.214+0000] {processor.py:755} WARNING - No viable dags retrieved from /opt/airflow/dags/dag_landpad.py
[2023-04-16T02:27:40.323+0000] {processor.py:175} INFO - Processing /opt/airflow/dags/dag_landpad.py took 0.211 seconds
[2023-04-16T02:28:10.899+0000] {processor.py:153} INFO - Started process (PID=734) to work on /opt/airflow/dags/dag_landpad.py
[2023-04-16T02:28:10.921+0000] {processor.py:743} INFO - Processing file /opt/airflow/dags/dag_landpad.py for tasks to queue
[2023-04-16T02:28:10.927+0000] {logging_mixin.py:137} INFO - [2023-04-16T02:28:10.927+0000] {dagbag.py:532} INFO - Filling up the DagBag from /opt/airflow/dags/dag_landpad.py
[2023-04-16T02:28:11.005+0000] {logging_mixin.py:137} INFO - [2023-04-16T02:28:10.984+0000] {dagbag.py:341} ERROR - Failed to import: /opt/airflow/dags/dag_landpad.py
Traceback (most recent call last):
  File "/home/airflow/.local/lib/python3.7/site-packages/airflow/models/dagbag.py", line 337, in parse
    loader.exec_module(new_module)
  File "<frozen importlib._bootstrap_external>", line 728, in exec_module
  File "<frozen importlib._bootstrap>", line 219, in _call_with_frames_removed
  File "/opt/airflow/dags/dag_landpad.py", line 4, in <module>
    from landpad import extract, validate, transform, load
ModuleNotFoundError: No module named 'landpad'
[2023-04-16T02:28:11.055+0000] {processor.py:755} WARNING - No viable dags retrieved from /opt/airflow/dags/dag_landpad.py
[2023-04-16T02:28:11.137+0000] {processor.py:175} INFO - Processing /opt/airflow/dags/dag_landpad.py took 0.249 seconds
[2023-04-16T02:28:42.122+0000] {processor.py:153} INFO - Started process (PID=762) to work on /opt/airflow/dags/dag_landpad.py
[2023-04-16T02:28:42.126+0000] {processor.py:743} INFO - Processing file /opt/airflow/dags/dag_landpad.py for tasks to queue
[2023-04-16T02:28:42.132+0000] {logging_mixin.py:137} INFO - [2023-04-16T02:28:42.131+0000] {dagbag.py:532} INFO - Filling up the DagBag from /opt/airflow/dags/dag_landpad.py
[2023-04-16T02:28:42.176+0000] {logging_mixin.py:137} INFO - [2023-04-16T02:28:42.169+0000] {dagbag.py:341} ERROR - Failed to import: /opt/airflow/dags/dag_landpad.py
Traceback (most recent call last):
  File "/home/airflow/.local/lib/python3.7/site-packages/airflow/models/dagbag.py", line 337, in parse
    loader.exec_module(new_module)
  File "<frozen importlib._bootstrap_external>", line 728, in exec_module
  File "<frozen importlib._bootstrap>", line 219, in _call_with_frames_removed
  File "/opt/airflow/dags/dag_landpad.py", line 4, in <module>
    from landpad import extract, validate, transform, load
ModuleNotFoundError: No module named 'landpad'
[2023-04-16T02:28:42.179+0000] {processor.py:755} WARNING - No viable dags retrieved from /opt/airflow/dags/dag_landpad.py
[2023-04-16T02:28:42.245+0000] {processor.py:175} INFO - Processing /opt/airflow/dags/dag_landpad.py took 0.134 seconds
[2023-04-16T02:29:13.059+0000] {processor.py:153} INFO - Started process (PID=788) to work on /opt/airflow/dags/dag_landpad.py
[2023-04-16T02:29:13.066+0000] {processor.py:743} INFO - Processing file /opt/airflow/dags/dag_landpad.py for tasks to queue
[2023-04-16T02:29:13.072+0000] {logging_mixin.py:137} INFO - [2023-04-16T02:29:13.071+0000] {dagbag.py:532} INFO - Filling up the DagBag from /opt/airflow/dags/dag_landpad.py
[2023-04-16T02:29:13.137+0000] {logging_mixin.py:137} INFO - [2023-04-16T02:29:13.123+0000] {dagbag.py:341} ERROR - Failed to import: /opt/airflow/dags/dag_landpad.py
Traceback (most recent call last):
  File "/home/airflow/.local/lib/python3.7/site-packages/airflow/models/dagbag.py", line 337, in parse
    loader.exec_module(new_module)
  File "<frozen importlib._bootstrap_external>", line 728, in exec_module
  File "<frozen importlib._bootstrap>", line 219, in _call_with_frames_removed
  File "/opt/airflow/dags/dag_landpad.py", line 4, in <module>
    from landpad import extract, validate, transform, load
ModuleNotFoundError: No module named 'landpad'
[2023-04-16T02:29:13.143+0000] {processor.py:755} WARNING - No viable dags retrieved from /opt/airflow/dags/dag_landpad.py
[2023-04-16T02:29:13.203+0000] {processor.py:175} INFO - Processing /opt/airflow/dags/dag_landpad.py took 0.178 seconds
[2023-04-16T02:29:43.834+0000] {processor.py:153} INFO - Started process (PID=817) to work on /opt/airflow/dags/dag_landpad.py
[2023-04-16T02:29:43.842+0000] {processor.py:743} INFO - Processing file /opt/airflow/dags/dag_landpad.py for tasks to queue
[2023-04-16T02:29:43.848+0000] {logging_mixin.py:137} INFO - [2023-04-16T02:29:43.847+0000] {dagbag.py:532} INFO - Filling up the DagBag from /opt/airflow/dags/dag_landpad.py
[2023-04-16T02:29:43.915+0000] {logging_mixin.py:137} INFO - [2023-04-16T02:29:43.897+0000] {dagbag.py:341} ERROR - Failed to import: /opt/airflow/dags/dag_landpad.py
Traceback (most recent call last):
  File "/home/airflow/.local/lib/python3.7/site-packages/airflow/models/dagbag.py", line 337, in parse
    loader.exec_module(new_module)
  File "<frozen importlib._bootstrap_external>", line 728, in exec_module
  File "<frozen importlib._bootstrap>", line 219, in _call_with_frames_removed
  File "/opt/airflow/dags/dag_landpad.py", line 4, in <module>
    from landpad import extract, validate, transform, load
ModuleNotFoundError: No module named 'landpad'
[2023-04-16T02:29:43.928+0000] {processor.py:755} WARNING - No viable dags retrieved from /opt/airflow/dags/dag_landpad.py
[2023-04-16T02:29:44.023+0000] {processor.py:175} INFO - Processing /opt/airflow/dags/dag_landpad.py took 0.202 seconds
[2023-04-16T02:30:14.596+0000] {processor.py:153} INFO - Started process (PID=844) to work on /opt/airflow/dags/dag_landpad.py
[2023-04-16T02:30:14.602+0000] {processor.py:743} INFO - Processing file /opt/airflow/dags/dag_landpad.py for tasks to queue
[2023-04-16T02:30:14.609+0000] {logging_mixin.py:137} INFO - [2023-04-16T02:30:14.608+0000] {dagbag.py:532} INFO - Filling up the DagBag from /opt/airflow/dags/dag_landpad.py
[2023-04-16T02:30:14.644+0000] {logging_mixin.py:137} INFO - [2023-04-16T02:30:14.637+0000] {dagbag.py:341} ERROR - Failed to import: /opt/airflow/dags/dag_landpad.py
Traceback (most recent call last):
  File "/home/airflow/.local/lib/python3.7/site-packages/airflow/models/dagbag.py", line 337, in parse
    loader.exec_module(new_module)
  File "<frozen importlib._bootstrap_external>", line 728, in exec_module
  File "<frozen importlib._bootstrap>", line 219, in _call_with_frames_removed
  File "/opt/airflow/dags/dag_landpad.py", line 4, in <module>
    from landpad import extract, validate, transform, load
ModuleNotFoundError: No module named 'landpad'
[2023-04-16T02:30:14.651+0000] {processor.py:755} WARNING - No viable dags retrieved from /opt/airflow/dags/dag_landpad.py
[2023-04-16T02:30:14.707+0000] {processor.py:175} INFO - Processing /opt/airflow/dags/dag_landpad.py took 0.125 seconds
[2023-04-16T02:30:45.243+0000] {processor.py:153} INFO - Started process (PID=871) to work on /opt/airflow/dags/dag_landpad.py
[2023-04-16T02:30:45.249+0000] {processor.py:743} INFO - Processing file /opt/airflow/dags/dag_landpad.py for tasks to queue
[2023-04-16T02:30:45.253+0000] {logging_mixin.py:137} INFO - [2023-04-16T02:30:45.252+0000] {dagbag.py:532} INFO - Filling up the DagBag from /opt/airflow/dags/dag_landpad.py
[2023-04-16T02:30:45.300+0000] {logging_mixin.py:137} INFO - [2023-04-16T02:30:45.293+0000] {dagbag.py:341} ERROR - Failed to import: /opt/airflow/dags/dag_landpad.py
Traceback (most recent call last):
  File "/home/airflow/.local/lib/python3.7/site-packages/airflow/models/dagbag.py", line 337, in parse
    loader.exec_module(new_module)
  File "<frozen importlib._bootstrap_external>", line 728, in exec_module
  File "<frozen importlib._bootstrap>", line 219, in _call_with_frames_removed
  File "/opt/airflow/dags/dag_landpad.py", line 4, in <module>
    from landpad import extract, validate, transform, load
ModuleNotFoundError: No module named 'landpad'
[2023-04-16T02:30:45.305+0000] {processor.py:755} WARNING - No viable dags retrieved from /opt/airflow/dags/dag_landpad.py
[2023-04-16T02:30:45.371+0000] {processor.py:175} INFO - Processing /opt/airflow/dags/dag_landpad.py took 0.141 seconds
[2023-04-16T02:31:15.826+0000] {processor.py:153} INFO - Started process (PID=898) to work on /opt/airflow/dags/dag_landpad.py
[2023-04-16T02:31:15.833+0000] {processor.py:743} INFO - Processing file /opt/airflow/dags/dag_landpad.py for tasks to queue
[2023-04-16T02:31:15.840+0000] {logging_mixin.py:137} INFO - [2023-04-16T02:31:15.838+0000] {dagbag.py:532} INFO - Filling up the DagBag from /opt/airflow/dags/dag_landpad.py
[2023-04-16T02:31:15.875+0000] {logging_mixin.py:137} INFO - [2023-04-16T02:31:15.865+0000] {dagbag.py:341} ERROR - Failed to import: /opt/airflow/dags/dag_landpad.py
Traceback (most recent call last):
  File "/home/airflow/.local/lib/python3.7/site-packages/airflow/models/dagbag.py", line 337, in parse
    loader.exec_module(new_module)
  File "<frozen importlib._bootstrap_external>", line 728, in exec_module
  File "<frozen importlib._bootstrap>", line 219, in _call_with_frames_removed
  File "/opt/airflow/dags/dag_landpad.py", line 4, in <module>
    from landpad import extract, validate, transform, load
ModuleNotFoundError: No module named 'landpad'
[2023-04-16T02:31:15.879+0000] {processor.py:755} WARNING - No viable dags retrieved from /opt/airflow/dags/dag_landpad.py
[2023-04-16T02:31:15.926+0000] {processor.py:175} INFO - Processing /opt/airflow/dags/dag_landpad.py took 0.111 seconds
[2023-04-16T02:31:46.409+0000] {processor.py:153} INFO - Started process (PID=925) to work on /opt/airflow/dags/dag_landpad.py
[2023-04-16T02:31:46.414+0000] {processor.py:743} INFO - Processing file /opt/airflow/dags/dag_landpad.py for tasks to queue
[2023-04-16T02:31:46.426+0000] {logging_mixin.py:137} INFO - [2023-04-16T02:31:46.426+0000] {dagbag.py:532} INFO - Filling up the DagBag from /opt/airflow/dags/dag_landpad.py
[2023-04-16T02:31:46.481+0000] {logging_mixin.py:137} INFO - [2023-04-16T02:31:46.473+0000] {dagbag.py:341} ERROR - Failed to import: /opt/airflow/dags/dag_landpad.py
Traceback (most recent call last):
  File "/home/airflow/.local/lib/python3.7/site-packages/airflow/models/dagbag.py", line 337, in parse
    loader.exec_module(new_module)
  File "<frozen importlib._bootstrap_external>", line 728, in exec_module
  File "<frozen importlib._bootstrap>", line 219, in _call_with_frames_removed
  File "/opt/airflow/dags/dag_landpad.py", line 4, in <module>
    from landpad import extract, validate, transform, load
ModuleNotFoundError: No module named 'landpad'
[2023-04-16T02:31:46.485+0000] {processor.py:755} WARNING - No viable dags retrieved from /opt/airflow/dags/dag_landpad.py
[2023-04-16T02:31:46.546+0000] {processor.py:175} INFO - Processing /opt/airflow/dags/dag_landpad.py took 0.151 seconds
[2023-04-16T02:32:17.041+0000] {processor.py:153} INFO - Started process (PID=952) to work on /opt/airflow/dags/dag_landpad.py
[2023-04-16T02:32:17.045+0000] {processor.py:743} INFO - Processing file /opt/airflow/dags/dag_landpad.py for tasks to queue
[2023-04-16T02:32:17.049+0000] {logging_mixin.py:137} INFO - [2023-04-16T02:32:17.048+0000] {dagbag.py:532} INFO - Filling up the DagBag from /opt/airflow/dags/dag_landpad.py
[2023-04-16T02:32:17.082+0000] {logging_mixin.py:137} INFO - [2023-04-16T02:32:17.075+0000] {dagbag.py:341} ERROR - Failed to import: /opt/airflow/dags/dag_landpad.py
Traceback (most recent call last):
  File "/home/airflow/.local/lib/python3.7/site-packages/airflow/models/dagbag.py", line 337, in parse
    loader.exec_module(new_module)
  File "<frozen importlib._bootstrap_external>", line 728, in exec_module
  File "<frozen importlib._bootstrap>", line 219, in _call_with_frames_removed
  File "/opt/airflow/dags/dag_landpad.py", line 4, in <module>
    from landpad import extract, validate, transform, load
ModuleNotFoundError: No module named 'landpad'
[2023-04-16T02:32:17.085+0000] {processor.py:755} WARNING - No viable dags retrieved from /opt/airflow/dags/dag_landpad.py
[2023-04-16T02:32:17.146+0000] {processor.py:175} INFO - Processing /opt/airflow/dags/dag_landpad.py took 0.117 seconds
[2023-04-16T02:32:47.612+0000] {processor.py:153} INFO - Started process (PID=979) to work on /opt/airflow/dags/dag_landpad.py
[2023-04-16T02:32:47.616+0000] {processor.py:743} INFO - Processing file /opt/airflow/dags/dag_landpad.py for tasks to queue
[2023-04-16T02:32:47.620+0000] {logging_mixin.py:137} INFO - [2023-04-16T02:32:47.620+0000] {dagbag.py:532} INFO - Filling up the DagBag from /opt/airflow/dags/dag_landpad.py
[2023-04-16T02:32:47.657+0000] {logging_mixin.py:137} INFO - [2023-04-16T02:32:47.648+0000] {dagbag.py:341} ERROR - Failed to import: /opt/airflow/dags/dag_landpad.py
Traceback (most recent call last):
  File "/home/airflow/.local/lib/python3.7/site-packages/airflow/models/dagbag.py", line 337, in parse
    loader.exec_module(new_module)
  File "<frozen importlib._bootstrap_external>", line 728, in exec_module
  File "<frozen importlib._bootstrap>", line 219, in _call_with_frames_removed
  File "/opt/airflow/dags/dag_landpad.py", line 4, in <module>
    from landpad import extract, validate, transform, load
ModuleNotFoundError: No module named 'landpad'
[2023-04-16T02:32:47.662+0000] {processor.py:755} WARNING - No viable dags retrieved from /opt/airflow/dags/dag_landpad.py
[2023-04-16T02:32:47.736+0000] {processor.py:175} INFO - Processing /opt/airflow/dags/dag_landpad.py took 0.139 seconds
[2023-04-16T02:33:18.270+0000] {processor.py:153} INFO - Started process (PID=1007) to work on /opt/airflow/dags/dag_landpad.py
[2023-04-16T02:33:18.276+0000] {processor.py:743} INFO - Processing file /opt/airflow/dags/dag_landpad.py for tasks to queue
[2023-04-16T02:33:18.281+0000] {logging_mixin.py:137} INFO - [2023-04-16T02:33:18.280+0000] {dagbag.py:532} INFO - Filling up the DagBag from /opt/airflow/dags/dag_landpad.py
[2023-04-16T02:33:18.319+0000] {logging_mixin.py:137} INFO - [2023-04-16T02:33:18.314+0000] {dagbag.py:341} ERROR - Failed to import: /opt/airflow/dags/dag_landpad.py
Traceback (most recent call last):
  File "/home/airflow/.local/lib/python3.7/site-packages/airflow/models/dagbag.py", line 337, in parse
    loader.exec_module(new_module)
  File "<frozen importlib._bootstrap_external>", line 728, in exec_module
  File "<frozen importlib._bootstrap>", line 219, in _call_with_frames_removed
  File "/opt/airflow/dags/dag_landpad.py", line 4, in <module>
    from landpad import extract, validate, transform, load
ModuleNotFoundError: No module named 'landpad'
[2023-04-16T02:33:18.322+0000] {processor.py:755} WARNING - No viable dags retrieved from /opt/airflow/dags/dag_landpad.py
[2023-04-16T02:33:18.369+0000] {processor.py:175} INFO - Processing /opt/airflow/dags/dag_landpad.py took 0.110 seconds
[2023-04-16T02:33:48.909+0000] {processor.py:153} INFO - Started process (PID=1034) to work on /opt/airflow/dags/dag_landpad.py
[2023-04-16T02:33:48.913+0000] {processor.py:743} INFO - Processing file /opt/airflow/dags/dag_landpad.py for tasks to queue
[2023-04-16T02:33:48.917+0000] {logging_mixin.py:137} INFO - [2023-04-16T02:33:48.917+0000] {dagbag.py:532} INFO - Filling up the DagBag from /opt/airflow/dags/dag_landpad.py
[2023-04-16T02:33:48.946+0000] {logging_mixin.py:137} INFO - [2023-04-16T02:33:48.940+0000] {dagbag.py:341} ERROR - Failed to import: /opt/airflow/dags/dag_landpad.py
Traceback (most recent call last):
  File "/home/airflow/.local/lib/python3.7/site-packages/airflow/models/dagbag.py", line 337, in parse
    loader.exec_module(new_module)
  File "<frozen importlib._bootstrap_external>", line 728, in exec_module
  File "<frozen importlib._bootstrap>", line 219, in _call_with_frames_removed
  File "/opt/airflow/dags/dag_landpad.py", line 4, in <module>
    from landpad import extract, validate, transform, load
ModuleNotFoundError: No module named 'landpad'
[2023-04-16T02:33:48.955+0000] {processor.py:755} WARNING - No viable dags retrieved from /opt/airflow/dags/dag_landpad.py
[2023-04-16T02:33:49.005+0000] {processor.py:175} INFO - Processing /opt/airflow/dags/dag_landpad.py took 0.104 seconds
[2023-04-16T02:34:19.613+0000] {processor.py:153} INFO - Started process (PID=1062) to work on /opt/airflow/dags/dag_landpad.py
[2023-04-16T02:34:19.623+0000] {processor.py:743} INFO - Processing file /opt/airflow/dags/dag_landpad.py for tasks to queue
[2023-04-16T02:34:19.630+0000] {logging_mixin.py:137} INFO - [2023-04-16T02:34:19.629+0000] {dagbag.py:532} INFO - Filling up the DagBag from /opt/airflow/dags/dag_landpad.py
[2023-04-16T02:34:19.677+0000] {logging_mixin.py:137} INFO - [2023-04-16T02:34:19.664+0000] {dagbag.py:341} ERROR - Failed to import: /opt/airflow/dags/dag_landpad.py
Traceback (most recent call last):
  File "/home/airflow/.local/lib/python3.7/site-packages/airflow/models/dagbag.py", line 337, in parse
    loader.exec_module(new_module)
  File "<frozen importlib._bootstrap_external>", line 728, in exec_module
  File "<frozen importlib._bootstrap>", line 219, in _call_with_frames_removed
  File "/opt/airflow/dags/dag_landpad.py", line 4, in <module>
    from landpad import extract, validate, transform, load
ModuleNotFoundError: No module named 'landpad'
[2023-04-16T02:34:19.688+0000] {processor.py:755} WARNING - No viable dags retrieved from /opt/airflow/dags/dag_landpad.py
[2023-04-16T02:34:19.745+0000] {processor.py:175} INFO - Processing /opt/airflow/dags/dag_landpad.py took 0.148 seconds
[2023-04-16T04:07:51.136+0000] {processor.py:153} INFO - Started process (PID=165) to work on /opt/airflow/dags/dag_landpad.py
[2023-04-16T04:07:51.149+0000] {processor.py:743} INFO - Processing file /opt/airflow/dags/dag_landpad.py for tasks to queue
[2023-04-16T04:07:51.164+0000] {logging_mixin.py:137} INFO - [2023-04-16T04:07:51.164+0000] {dagbag.py:532} INFO - Filling up the DagBag from /opt/airflow/dags/dag_landpad.py
[2023-04-16T04:07:51.443+0000] {logging_mixin.py:137} INFO - [2023-04-16T04:07:51.406+0000] {dagbag.py:341} ERROR - Failed to import: /opt/airflow/dags/dag_landpad.py
Traceback (most recent call last):
  File "/home/airflow/.local/lib/python3.7/site-packages/airflow/models/dagbag.py", line 337, in parse
    loader.exec_module(new_module)
  File "<frozen importlib._bootstrap_external>", line 728, in exec_module
  File "<frozen importlib._bootstrap>", line 219, in _call_with_frames_removed
  File "/opt/airflow/dags/dag_landpad.py", line 4, in <module>
    from landpad import extract, validate, transform, load
ModuleNotFoundError: No module named 'landpad'
[2023-04-16T04:07:51.446+0000] {processor.py:755} WARNING - No viable dags retrieved from /opt/airflow/dags/dag_landpad.py
[2023-04-16T04:07:51.690+0000] {processor.py:175} INFO - Processing /opt/airflow/dags/dag_landpad.py took 0.632 seconds
[2023-04-16T04:08:21.872+0000] {processor.py:153} INFO - Started process (PID=193) to work on /opt/airflow/dags/dag_landpad.py
[2023-04-16T04:08:21.881+0000] {processor.py:743} INFO - Processing file /opt/airflow/dags/dag_landpad.py for tasks to queue
[2023-04-16T04:08:21.898+0000] {logging_mixin.py:137} INFO - [2023-04-16T04:08:21.886+0000] {dagbag.py:532} INFO - Filling up the DagBag from /opt/airflow/dags/dag_landpad.py
[2023-04-16T04:08:21.963+0000] {logging_mixin.py:137} INFO - [2023-04-16T04:08:21.953+0000] {dagbag.py:341} ERROR - Failed to import: /opt/airflow/dags/dag_landpad.py
Traceback (most recent call last):
  File "/home/airflow/.local/lib/python3.7/site-packages/airflow/models/dagbag.py", line 337, in parse
    loader.exec_module(new_module)
  File "<frozen importlib._bootstrap_external>", line 728, in exec_module
  File "<frozen importlib._bootstrap>", line 219, in _call_with_frames_removed
  File "/opt/airflow/dags/dag_landpad.py", line 4, in <module>
    from landpad import extract, validate, transform, load
ModuleNotFoundError: No module named 'landpad'
[2023-04-16T04:08:21.966+0000] {processor.py:755} WARNING - No viable dags retrieved from /opt/airflow/dags/dag_landpad.py
[2023-04-16T04:08:22.058+0000] {processor.py:175} INFO - Processing /opt/airflow/dags/dag_landpad.py took 0.203 seconds
[2023-04-16T04:08:52.603+0000] {processor.py:153} INFO - Started process (PID=219) to work on /opt/airflow/dags/dag_landpad.py
[2023-04-16T04:08:52.608+0000] {processor.py:743} INFO - Processing file /opt/airflow/dags/dag_landpad.py for tasks to queue
[2023-04-16T04:08:52.619+0000] {logging_mixin.py:137} INFO - [2023-04-16T04:08:52.619+0000] {dagbag.py:532} INFO - Filling up the DagBag from /opt/airflow/dags/dag_landpad.py
[2023-04-16T04:08:52.662+0000] {logging_mixin.py:137} INFO - [2023-04-16T04:08:52.653+0000] {dagbag.py:341} ERROR - Failed to import: /opt/airflow/dags/dag_landpad.py
Traceback (most recent call last):
  File "/home/airflow/.local/lib/python3.7/site-packages/airflow/models/dagbag.py", line 337, in parse
    loader.exec_module(new_module)
  File "<frozen importlib._bootstrap_external>", line 728, in exec_module
  File "<frozen importlib._bootstrap>", line 219, in _call_with_frames_removed
  File "/opt/airflow/dags/dag_landpad.py", line 4, in <module>
    from landpad import extract, validate, transform, load
ModuleNotFoundError: No module named 'landpad'
[2023-04-16T04:08:52.667+0000] {processor.py:755} WARNING - No viable dags retrieved from /opt/airflow/dags/dag_landpad.py
[2023-04-16T04:08:52.777+0000] {processor.py:175} INFO - Processing /opt/airflow/dags/dag_landpad.py took 0.192 seconds
[2023-04-16T04:09:23.257+0000] {processor.py:153} INFO - Started process (PID=246) to work on /opt/airflow/dags/dag_landpad.py
[2023-04-16T04:09:23.263+0000] {processor.py:743} INFO - Processing file /opt/airflow/dags/dag_landpad.py for tasks to queue
[2023-04-16T04:09:23.268+0000] {logging_mixin.py:137} INFO - [2023-04-16T04:09:23.268+0000] {dagbag.py:532} INFO - Filling up the DagBag from /opt/airflow/dags/dag_landpad.py
[2023-04-16T04:09:23.341+0000] {logging_mixin.py:137} INFO - [2023-04-16T04:09:23.335+0000] {dagbag.py:341} ERROR - Failed to import: /opt/airflow/dags/dag_landpad.py
Traceback (most recent call last):
  File "/home/airflow/.local/lib/python3.7/site-packages/airflow/models/dagbag.py", line 337, in parse
    loader.exec_module(new_module)
  File "<frozen importlib._bootstrap_external>", line 728, in exec_module
  File "<frozen importlib._bootstrap>", line 219, in _call_with_frames_removed
  File "/opt/airflow/dags/dag_landpad.py", line 4, in <module>
    from landpad import extract, validate, transform, load
ModuleNotFoundError: No module named 'landpad'
[2023-04-16T04:09:23.350+0000] {processor.py:755} WARNING - No viable dags retrieved from /opt/airflow/dags/dag_landpad.py
[2023-04-16T04:09:23.452+0000] {processor.py:175} INFO - Processing /opt/airflow/dags/dag_landpad.py took 0.210 seconds
[2023-04-16T04:09:54.005+0000] {processor.py:153} INFO - Started process (PID=273) to work on /opt/airflow/dags/dag_landpad.py
[2023-04-16T04:09:54.020+0000] {processor.py:743} INFO - Processing file /opt/airflow/dags/dag_landpad.py for tasks to queue
[2023-04-16T04:09:54.026+0000] {logging_mixin.py:137} INFO - [2023-04-16T04:09:54.026+0000] {dagbag.py:532} INFO - Filling up the DagBag from /opt/airflow/dags/dag_landpad.py
[2023-04-16T04:09:54.203+0000] {logging_mixin.py:137} INFO - [2023-04-16T04:09:54.190+0000] {dagbag.py:341} ERROR - Failed to import: /opt/airflow/dags/dag_landpad.py
Traceback (most recent call last):
  File "/home/airflow/.local/lib/python3.7/site-packages/airflow/models/dagbag.py", line 337, in parse
    loader.exec_module(new_module)
  File "<frozen importlib._bootstrap_external>", line 728, in exec_module
  File "<frozen importlib._bootstrap>", line 219, in _call_with_frames_removed
  File "/opt/airflow/dags/dag_landpad.py", line 4, in <module>
    from landpad import extract, validate, transform, load
ModuleNotFoundError: No module named 'landpad'
[2023-04-16T04:09:54.207+0000] {processor.py:755} WARNING - No viable dags retrieved from /opt/airflow/dags/dag_landpad.py
[2023-04-16T04:09:54.275+0000] {processor.py:175} INFO - Processing /opt/airflow/dags/dag_landpad.py took 0.293 seconds
[2023-04-16T04:10:24.557+0000] {processor.py:153} INFO - Started process (PID=300) to work on /opt/airflow/dags/dag_landpad.py
[2023-04-16T04:10:24.562+0000] {processor.py:743} INFO - Processing file /opt/airflow/dags/dag_landpad.py for tasks to queue
[2023-04-16T04:10:24.568+0000] {logging_mixin.py:137} INFO - [2023-04-16T04:10:24.566+0000] {dagbag.py:532} INFO - Filling up the DagBag from /opt/airflow/dags/dag_landpad.py
[2023-04-16T04:10:24.598+0000] {logging_mixin.py:137} INFO - [2023-04-16T04:10:24.593+0000] {dagbag.py:341} ERROR - Failed to import: /opt/airflow/dags/dag_landpad.py
Traceback (most recent call last):
  File "/home/airflow/.local/lib/python3.7/site-packages/airflow/models/dagbag.py", line 337, in parse
    loader.exec_module(new_module)
  File "<frozen importlib._bootstrap_external>", line 728, in exec_module
  File "<frozen importlib._bootstrap>", line 219, in _call_with_frames_removed
  File "/opt/airflow/dags/dag_landpad.py", line 4, in <module>
    from landpad import extract, validate, transform, load
ModuleNotFoundError: No module named 'landpad'
[2023-04-16T04:10:24.602+0000] {processor.py:755} WARNING - No viable dags retrieved from /opt/airflow/dags/dag_landpad.py
[2023-04-16T04:10:24.652+0000] {processor.py:175} INFO - Processing /opt/airflow/dags/dag_landpad.py took 0.114 seconds
[2023-04-16T04:10:55.120+0000] {processor.py:153} INFO - Started process (PID=327) to work on /opt/airflow/dags/dag_landpad.py
[2023-04-16T04:10:55.126+0000] {processor.py:743} INFO - Processing file /opt/airflow/dags/dag_landpad.py for tasks to queue
[2023-04-16T04:10:55.148+0000] {logging_mixin.py:137} INFO - [2023-04-16T04:10:55.148+0000] {dagbag.py:532} INFO - Filling up the DagBag from /opt/airflow/dags/dag_landpad.py
[2023-04-16T04:10:55.177+0000] {logging_mixin.py:137} INFO - [2023-04-16T04:10:55.174+0000] {dagbag.py:341} ERROR - Failed to import: /opt/airflow/dags/dag_landpad.py
Traceback (most recent call last):
  File "/home/airflow/.local/lib/python3.7/site-packages/airflow/models/dagbag.py", line 337, in parse
    loader.exec_module(new_module)
  File "<frozen importlib._bootstrap_external>", line 728, in exec_module
  File "<frozen importlib._bootstrap>", line 219, in _call_with_frames_removed
  File "/opt/airflow/dags/dag_landpad.py", line 4, in <module>
    from landpad import extract, validate, transform, load
ModuleNotFoundError: No module named 'landpad'
[2023-04-16T04:10:55.179+0000] {processor.py:755} WARNING - No viable dags retrieved from /opt/airflow/dags/dag_landpad.py
[2023-04-16T04:10:55.237+0000] {processor.py:175} INFO - Processing /opt/airflow/dags/dag_landpad.py took 0.125 seconds
[2023-04-16T04:11:25.591+0000] {processor.py:153} INFO - Started process (PID=355) to work on /opt/airflow/dags/dag_landpad.py
[2023-04-16T04:11:25.596+0000] {processor.py:743} INFO - Processing file /opt/airflow/dags/dag_landpad.py for tasks to queue
[2023-04-16T04:11:25.602+0000] {logging_mixin.py:137} INFO - [2023-04-16T04:11:25.602+0000] {dagbag.py:532} INFO - Filling up the DagBag from /opt/airflow/dags/dag_landpad.py
[2023-04-16T04:11:25.633+0000] {logging_mixin.py:137} INFO - [2023-04-16T04:11:25.629+0000] {dagbag.py:341} ERROR - Failed to import: /opt/airflow/dags/dag_landpad.py
Traceback (most recent call last):
  File "/home/airflow/.local/lib/python3.7/site-packages/airflow/models/dagbag.py", line 337, in parse
    loader.exec_module(new_module)
  File "<frozen importlib._bootstrap_external>", line 728, in exec_module
  File "<frozen importlib._bootstrap>", line 219, in _call_with_frames_removed
  File "/opt/airflow/dags/dag_landpad.py", line 4, in <module>
    from landpad import extract, validate, transform, load
ModuleNotFoundError: No module named 'landpad'
[2023-04-16T04:11:25.636+0000] {processor.py:755} WARNING - No viable dags retrieved from /opt/airflow/dags/dag_landpad.py
[2023-04-16T04:11:25.690+0000] {processor.py:175} INFO - Processing /opt/airflow/dags/dag_landpad.py took 0.110 seconds
[2023-04-16T04:11:56.421+0000] {processor.py:153} INFO - Started process (PID=382) to work on /opt/airflow/dags/dag_landpad.py
[2023-04-16T04:11:56.425+0000] {processor.py:743} INFO - Processing file /opt/airflow/dags/dag_landpad.py for tasks to queue
[2023-04-16T04:11:56.434+0000] {logging_mixin.py:137} INFO - [2023-04-16T04:11:56.433+0000] {dagbag.py:532} INFO - Filling up the DagBag from /opt/airflow/dags/dag_landpad.py
[2023-04-16T04:11:56.475+0000] {logging_mixin.py:137} INFO - [2023-04-16T04:11:56.467+0000] {dagbag.py:341} ERROR - Failed to import: /opt/airflow/dags/dag_landpad.py
Traceback (most recent call last):
  File "/home/airflow/.local/lib/python3.7/site-packages/airflow/models/dagbag.py", line 337, in parse
    loader.exec_module(new_module)
  File "<frozen importlib._bootstrap_external>", line 728, in exec_module
  File "<frozen importlib._bootstrap>", line 219, in _call_with_frames_removed
  File "/opt/airflow/dags/dag_landpad.py", line 4, in <module>
    from landpad import extract, validate, transform, load
ModuleNotFoundError: No module named 'landpad'
[2023-04-16T04:11:56.480+0000] {processor.py:755} WARNING - No viable dags retrieved from /opt/airflow/dags/dag_landpad.py
[2023-04-16T04:11:56.548+0000] {processor.py:175} INFO - Processing /opt/airflow/dags/dag_landpad.py took 0.149 seconds
[2023-04-16T04:12:27.099+0000] {processor.py:153} INFO - Started process (PID=409) to work on /opt/airflow/dags/dag_landpad.py
[2023-04-16T04:12:27.103+0000] {processor.py:743} INFO - Processing file /opt/airflow/dags/dag_landpad.py for tasks to queue
[2023-04-16T04:12:27.107+0000] {logging_mixin.py:137} INFO - [2023-04-16T04:12:27.106+0000] {dagbag.py:532} INFO - Filling up the DagBag from /opt/airflow/dags/dag_landpad.py
[2023-04-16T04:12:27.135+0000] {logging_mixin.py:137} INFO - [2023-04-16T04:12:27.130+0000] {dagbag.py:341} ERROR - Failed to import: /opt/airflow/dags/dag_landpad.py
Traceback (most recent call last):
  File "/home/airflow/.local/lib/python3.7/site-packages/airflow/models/dagbag.py", line 337, in parse
    loader.exec_module(new_module)
  File "<frozen importlib._bootstrap_external>", line 728, in exec_module
  File "<frozen importlib._bootstrap>", line 219, in _call_with_frames_removed
  File "/opt/airflow/dags/dag_landpad.py", line 4, in <module>
    from landpad import extract, validate, transform, load
ModuleNotFoundError: No module named 'landpad'
[2023-04-16T04:12:27.140+0000] {processor.py:755} WARNING - No viable dags retrieved from /opt/airflow/dags/dag_landpad.py
[2023-04-16T04:12:27.200+0000] {processor.py:175} INFO - Processing /opt/airflow/dags/dag_landpad.py took 0.117 seconds
[2023-04-16T04:12:58.366+0000] {processor.py:153} INFO - Started process (PID=443) to work on /opt/airflow/dags/dag_landpad.py
[2023-04-16T04:12:58.378+0000] {processor.py:743} INFO - Processing file /opt/airflow/dags/dag_landpad.py for tasks to queue
[2023-04-16T04:12:58.384+0000] {logging_mixin.py:137} INFO - [2023-04-16T04:12:58.383+0000] {dagbag.py:532} INFO - Filling up the DagBag from /opt/airflow/dags/dag_landpad.py
[2023-04-16T04:12:58.481+0000] {logging_mixin.py:137} INFO - [2023-04-16T04:12:58.442+0000] {dagbag.py:341} ERROR - Failed to import: /opt/airflow/dags/dag_landpad.py
Traceback (most recent call last):
  File "/home/airflow/.local/lib/python3.7/site-packages/airflow/models/dagbag.py", line 337, in parse
    loader.exec_module(new_module)
  File "<frozen importlib._bootstrap_external>", line 728, in exec_module
  File "<frozen importlib._bootstrap>", line 219, in _call_with_frames_removed
  File "/opt/airflow/dags/dag_landpad.py", line 4, in <module>
    from landpad import extract, validate, transform, load
ModuleNotFoundError: No module named 'landpad'
[2023-04-16T04:12:58.496+0000] {processor.py:755} WARNING - No viable dags retrieved from /opt/airflow/dags/dag_landpad.py
[2023-04-16T04:12:58.841+0000] {processor.py:175} INFO - Processing /opt/airflow/dags/dag_landpad.py took 0.512 seconds
[2023-04-16T04:13:29.723+0000] {processor.py:153} INFO - Started process (PID=470) to work on /opt/airflow/dags/dag_landpad.py
[2023-04-16T04:13:29.732+0000] {processor.py:743} INFO - Processing file /opt/airflow/dags/dag_landpad.py for tasks to queue
[2023-04-16T04:13:29.738+0000] {logging_mixin.py:137} INFO - [2023-04-16T04:13:29.737+0000] {dagbag.py:532} INFO - Filling up the DagBag from /opt/airflow/dags/dag_landpad.py
[2023-04-16T04:13:29.778+0000] {logging_mixin.py:137} INFO - [2023-04-16T04:13:29.772+0000] {dagbag.py:341} ERROR - Failed to import: /opt/airflow/dags/dag_landpad.py
Traceback (most recent call last):
  File "/home/airflow/.local/lib/python3.7/site-packages/airflow/models/dagbag.py", line 337, in parse
    loader.exec_module(new_module)
  File "<frozen importlib._bootstrap_external>", line 728, in exec_module
  File "<frozen importlib._bootstrap>", line 219, in _call_with_frames_removed
  File "/opt/airflow/dags/dag_landpad.py", line 4, in <module>
    from landpad import extract, validate, transform, load
ModuleNotFoundError: No module named 'landpad'
[2023-04-16T04:13:29.781+0000] {processor.py:755} WARNING - No viable dags retrieved from /opt/airflow/dags/dag_landpad.py
[2023-04-16T04:13:29.827+0000] {processor.py:175} INFO - Processing /opt/airflow/dags/dag_landpad.py took 0.115 seconds
[2023-04-16T04:14:00.340+0000] {processor.py:153} INFO - Started process (PID=497) to work on /opt/airflow/dags/dag_landpad.py
[2023-04-16T04:14:00.345+0000] {processor.py:743} INFO - Processing file /opt/airflow/dags/dag_landpad.py for tasks to queue
[2023-04-16T04:14:00.349+0000] {logging_mixin.py:137} INFO - [2023-04-16T04:14:00.348+0000] {dagbag.py:532} INFO - Filling up the DagBag from /opt/airflow/dags/dag_landpad.py
[2023-04-16T04:14:00.398+0000] {logging_mixin.py:137} INFO - [2023-04-16T04:14:00.385+0000] {dagbag.py:341} ERROR - Failed to import: /opt/airflow/dags/dag_landpad.py
Traceback (most recent call last):
  File "/home/airflow/.local/lib/python3.7/site-packages/airflow/models/dagbag.py", line 337, in parse
    loader.exec_module(new_module)
  File "<frozen importlib._bootstrap_external>", line 728, in exec_module
  File "<frozen importlib._bootstrap>", line 219, in _call_with_frames_removed
  File "/opt/airflow/dags/dag_landpad.py", line 4, in <module>
    from landpad import extract, validate, transform, load
ModuleNotFoundError: No module named 'landpad'
[2023-04-16T04:14:00.400+0000] {processor.py:755} WARNING - No viable dags retrieved from /opt/airflow/dags/dag_landpad.py
[2023-04-16T04:14:00.456+0000] {processor.py:175} INFO - Processing /opt/airflow/dags/dag_landpad.py took 0.126 seconds
[2023-04-16T04:14:30.875+0000] {processor.py:153} INFO - Started process (PID=524) to work on /opt/airflow/dags/dag_landpad.py
[2023-04-16T04:14:30.879+0000] {processor.py:743} INFO - Processing file /opt/airflow/dags/dag_landpad.py for tasks to queue
[2023-04-16T04:14:30.883+0000] {logging_mixin.py:137} INFO - [2023-04-16T04:14:30.883+0000] {dagbag.py:532} INFO - Filling up the DagBag from /opt/airflow/dags/dag_landpad.py
[2023-04-16T04:14:30.915+0000] {logging_mixin.py:137} INFO - [2023-04-16T04:14:30.911+0000] {dagbag.py:341} ERROR - Failed to import: /opt/airflow/dags/dag_landpad.py
Traceback (most recent call last):
  File "/home/airflow/.local/lib/python3.7/site-packages/airflow/models/dagbag.py", line 337, in parse
    loader.exec_module(new_module)
  File "<frozen importlib._bootstrap_external>", line 728, in exec_module
  File "<frozen importlib._bootstrap>", line 219, in _call_with_frames_removed
  File "/opt/airflow/dags/dag_landpad.py", line 4, in <module>
    from landpad import extract, validate, transform, load
ModuleNotFoundError: No module named 'landpad'
[2023-04-16T04:14:30.917+0000] {processor.py:755} WARNING - No viable dags retrieved from /opt/airflow/dags/dag_landpad.py
[2023-04-16T04:14:30.957+0000] {processor.py:175} INFO - Processing /opt/airflow/dags/dag_landpad.py took 0.095 seconds
[2023-04-16T04:15:01.368+0000] {processor.py:153} INFO - Started process (PID=551) to work on /opt/airflow/dags/dag_landpad.py
[2023-04-16T04:15:01.371+0000] {processor.py:743} INFO - Processing file /opt/airflow/dags/dag_landpad.py for tasks to queue
[2023-04-16T04:15:01.375+0000] {logging_mixin.py:137} INFO - [2023-04-16T04:15:01.375+0000] {dagbag.py:532} INFO - Filling up the DagBag from /opt/airflow/dags/dag_landpad.py
[2023-04-16T04:15:01.400+0000] {logging_mixin.py:137} INFO - [2023-04-16T04:15:01.395+0000] {dagbag.py:341} ERROR - Failed to import: /opt/airflow/dags/dag_landpad.py
Traceback (most recent call last):
  File "/home/airflow/.local/lib/python3.7/site-packages/airflow/models/dagbag.py", line 337, in parse
    loader.exec_module(new_module)
  File "<frozen importlib._bootstrap_external>", line 728, in exec_module
  File "<frozen importlib._bootstrap>", line 219, in _call_with_frames_removed
  File "/opt/airflow/dags/dag_landpad.py", line 4, in <module>
    from landpad import extract, validate, transform, load
ModuleNotFoundError: No module named 'landpad'
[2023-04-16T04:15:01.403+0000] {processor.py:755} WARNING - No viable dags retrieved from /opt/airflow/dags/dag_landpad.py
[2023-04-16T04:15:01.458+0000] {processor.py:175} INFO - Processing /opt/airflow/dags/dag_landpad.py took 0.099 seconds
[2023-04-16T04:15:31.899+0000] {processor.py:153} INFO - Started process (PID=579) to work on /opt/airflow/dags/dag_landpad.py
[2023-04-16T04:15:31.916+0000] {processor.py:743} INFO - Processing file /opt/airflow/dags/dag_landpad.py for tasks to queue
[2023-04-16T04:15:31.920+0000] {logging_mixin.py:137} INFO - [2023-04-16T04:15:31.920+0000] {dagbag.py:532} INFO - Filling up the DagBag from /opt/airflow/dags/dag_landpad.py
[2023-04-16T04:15:31.951+0000] {logging_mixin.py:137} INFO - [2023-04-16T04:15:31.948+0000] {dagbag.py:341} ERROR - Failed to import: /opt/airflow/dags/dag_landpad.py
Traceback (most recent call last):
  File "/home/airflow/.local/lib/python3.7/site-packages/airflow/models/dagbag.py", line 337, in parse
    loader.exec_module(new_module)
  File "<frozen importlib._bootstrap_external>", line 728, in exec_module
  File "<frozen importlib._bootstrap>", line 219, in _call_with_frames_removed
  File "/opt/airflow/dags/dag_landpad.py", line 4, in <module>
    from landpad import extract, validate, transform, load
ModuleNotFoundError: No module named 'landpad'
[2023-04-16T04:15:31.956+0000] {processor.py:755} WARNING - No viable dags retrieved from /opt/airflow/dags/dag_landpad.py
[2023-04-16T04:15:32.003+0000] {processor.py:175} INFO - Processing /opt/airflow/dags/dag_landpad.py took 0.112 seconds
[2023-04-16T04:16:02.539+0000] {processor.py:153} INFO - Started process (PID=606) to work on /opt/airflow/dags/dag_landpad.py
[2023-04-16T04:16:02.544+0000] {processor.py:743} INFO - Processing file /opt/airflow/dags/dag_landpad.py for tasks to queue
[2023-04-16T04:16:02.549+0000] {logging_mixin.py:137} INFO - [2023-04-16T04:16:02.548+0000] {dagbag.py:532} INFO - Filling up the DagBag from /opt/airflow/dags/dag_landpad.py
[2023-04-16T04:16:02.589+0000] {logging_mixin.py:137} INFO - [2023-04-16T04:16:02.584+0000] {dagbag.py:341} ERROR - Failed to import: /opt/airflow/dags/dag_landpad.py
Traceback (most recent call last):
  File "/home/airflow/.local/lib/python3.7/site-packages/airflow/models/dagbag.py", line 337, in parse
    loader.exec_module(new_module)
  File "<frozen importlib._bootstrap_external>", line 728, in exec_module
  File "<frozen importlib._bootstrap>", line 219, in _call_with_frames_removed
  File "/opt/airflow/dags/dag_landpad.py", line 4, in <module>
    from landpad import extract, validate, transform, load
ModuleNotFoundError: No module named 'landpad'
[2023-04-16T04:16:02.595+0000] {processor.py:755} WARNING - No viable dags retrieved from /opt/airflow/dags/dag_landpad.py
[2023-04-16T04:16:02.646+0000] {processor.py:175} INFO - Processing /opt/airflow/dags/dag_landpad.py took 0.117 seconds
[2023-04-16T04:16:33.129+0000] {processor.py:153} INFO - Started process (PID=633) to work on /opt/airflow/dags/dag_landpad.py
[2023-04-16T04:16:33.139+0000] {processor.py:743} INFO - Processing file /opt/airflow/dags/dag_landpad.py for tasks to queue
[2023-04-16T04:16:33.144+0000] {logging_mixin.py:137} INFO - [2023-04-16T04:16:33.143+0000] {dagbag.py:532} INFO - Filling up the DagBag from /opt/airflow/dags/dag_landpad.py
[2023-04-16T04:16:33.181+0000] {logging_mixin.py:137} INFO - [2023-04-16T04:16:33.175+0000] {dagbag.py:341} ERROR - Failed to import: /opt/airflow/dags/dag_landpad.py
Traceback (most recent call last):
  File "/home/airflow/.local/lib/python3.7/site-packages/airflow/models/dagbag.py", line 337, in parse
    loader.exec_module(new_module)
  File "<frozen importlib._bootstrap_external>", line 728, in exec_module
  File "<frozen importlib._bootstrap>", line 219, in _call_with_frames_removed
  File "/opt/airflow/dags/dag_landpad.py", line 4, in <module>
    from landpad import extract, validate, transform, load
ModuleNotFoundError: No module named 'landpad'
[2023-04-16T04:16:33.184+0000] {processor.py:755} WARNING - No viable dags retrieved from /opt/airflow/dags/dag_landpad.py
[2023-04-16T04:16:33.221+0000] {processor.py:175} INFO - Processing /opt/airflow/dags/dag_landpad.py took 0.097 seconds
[2023-04-16T04:17:03.703+0000] {processor.py:153} INFO - Started process (PID=659) to work on /opt/airflow/dags/dag_landpad.py
[2023-04-16T04:17:03.707+0000] {processor.py:743} INFO - Processing file /opt/airflow/dags/dag_landpad.py for tasks to queue
[2023-04-16T04:17:03.721+0000] {logging_mixin.py:137} INFO - [2023-04-16T04:17:03.721+0000] {dagbag.py:532} INFO - Filling up the DagBag from /opt/airflow/dags/dag_landpad.py
[2023-04-16T04:17:03.806+0000] {logging_mixin.py:137} INFO - [2023-04-16T04:17:03.790+0000] {dagbag.py:341} ERROR - Failed to import: /opt/airflow/dags/dag_landpad.py
Traceback (most recent call last):
  File "/home/airflow/.local/lib/python3.7/site-packages/airflow/models/dagbag.py", line 337, in parse
    loader.exec_module(new_module)
  File "<frozen importlib._bootstrap_external>", line 728, in exec_module
  File "<frozen importlib._bootstrap>", line 219, in _call_with_frames_removed
  File "/opt/airflow/dags/dag_landpad.py", line 4, in <module>
    from landpad import extract, validate, transform, load
ModuleNotFoundError: No module named 'landpad'
[2023-04-16T04:17:03.810+0000] {processor.py:755} WARNING - No viable dags retrieved from /opt/airflow/dags/dag_landpad.py
[2023-04-16T04:17:03.888+0000] {processor.py:175} INFO - Processing /opt/airflow/dags/dag_landpad.py took 0.199 seconds
[2023-04-16T04:17:34.389+0000] {processor.py:153} INFO - Started process (PID=686) to work on /opt/airflow/dags/dag_landpad.py
[2023-04-16T04:17:34.392+0000] {processor.py:743} INFO - Processing file /opt/airflow/dags/dag_landpad.py for tasks to queue
[2023-04-16T04:17:34.396+0000] {logging_mixin.py:137} INFO - [2023-04-16T04:17:34.396+0000] {dagbag.py:532} INFO - Filling up the DagBag from /opt/airflow/dags/dag_landpad.py
[2023-04-16T04:17:34.425+0000] {logging_mixin.py:137} INFO - [2023-04-16T04:17:34.421+0000] {dagbag.py:341} ERROR - Failed to import: /opt/airflow/dags/dag_landpad.py
Traceback (most recent call last):
  File "/home/airflow/.local/lib/python3.7/site-packages/airflow/models/dagbag.py", line 337, in parse
    loader.exec_module(new_module)
  File "<frozen importlib._bootstrap_external>", line 728, in exec_module
  File "<frozen importlib._bootstrap>", line 219, in _call_with_frames_removed
  File "/opt/airflow/dags/dag_landpad.py", line 4, in <module>
    from landpad import extract, validate, transform, load
ModuleNotFoundError: No module named 'landpad'
[2023-04-16T04:17:34.428+0000] {processor.py:755} WARNING - No viable dags retrieved from /opt/airflow/dags/dag_landpad.py
[2023-04-16T04:17:34.487+0000] {processor.py:175} INFO - Processing /opt/airflow/dags/dag_landpad.py took 0.111 seconds
[2023-04-16T04:18:05.117+0000] {processor.py:153} INFO - Started process (PID=712) to work on /opt/airflow/dags/dag_landpad.py
[2023-04-16T04:18:05.126+0000] {processor.py:743} INFO - Processing file /opt/airflow/dags/dag_landpad.py for tasks to queue
[2023-04-16T04:18:05.139+0000] {logging_mixin.py:137} INFO - [2023-04-16T04:18:05.139+0000] {dagbag.py:532} INFO - Filling up the DagBag from /opt/airflow/dags/dag_landpad.py
[2023-04-16T04:18:05.183+0000] {logging_mixin.py:137} INFO - [2023-04-16T04:18:05.174+0000] {dagbag.py:341} ERROR - Failed to import: /opt/airflow/dags/dag_landpad.py
Traceback (most recent call last):
  File "/home/airflow/.local/lib/python3.7/site-packages/airflow/models/dagbag.py", line 337, in parse
    loader.exec_module(new_module)
  File "<frozen importlib._bootstrap_external>", line 728, in exec_module
  File "<frozen importlib._bootstrap>", line 219, in _call_with_frames_removed
  File "/opt/airflow/dags/dag_landpad.py", line 4, in <module>
    from landpad import extract, validate, transform, load
ModuleNotFoundError: No module named 'landpad'
[2023-04-16T04:18:05.187+0000] {processor.py:755} WARNING - No viable dags retrieved from /opt/airflow/dags/dag_landpad.py
[2023-04-16T04:18:05.239+0000] {processor.py:175} INFO - Processing /opt/airflow/dags/dag_landpad.py took 0.128 seconds
[2023-04-16T04:18:35.629+0000] {processor.py:153} INFO - Started process (PID=739) to work on /opt/airflow/dags/dag_landpad.py
[2023-04-16T04:18:35.633+0000] {processor.py:743} INFO - Processing file /opt/airflow/dags/dag_landpad.py for tasks to queue
[2023-04-16T04:18:35.637+0000] {logging_mixin.py:137} INFO - [2023-04-16T04:18:35.636+0000] {dagbag.py:532} INFO - Filling up the DagBag from /opt/airflow/dags/dag_landpad.py
[2023-04-16T04:18:35.682+0000] {logging_mixin.py:137} INFO - [2023-04-16T04:18:35.674+0000] {dagbag.py:341} ERROR - Failed to import: /opt/airflow/dags/dag_landpad.py
Traceback (most recent call last):
  File "/home/airflow/.local/lib/python3.7/site-packages/airflow/models/dagbag.py", line 337, in parse
    loader.exec_module(new_module)
  File "<frozen importlib._bootstrap_external>", line 728, in exec_module
  File "<frozen importlib._bootstrap>", line 219, in _call_with_frames_removed
  File "/opt/airflow/dags/dag_landpad.py", line 4, in <module>
    from landpad import extract, validate, transform, load
ModuleNotFoundError: No module named 'landpad'
[2023-04-16T04:18:35.684+0000] {processor.py:755} WARNING - No viable dags retrieved from /opt/airflow/dags/dag_landpad.py
[2023-04-16T04:18:35.762+0000] {processor.py:175} INFO - Processing /opt/airflow/dags/dag_landpad.py took 0.139 seconds
[2023-04-16T04:19:06.499+0000] {processor.py:153} INFO - Started process (PID=765) to work on /opt/airflow/dags/dag_landpad.py
[2023-04-16T04:19:06.508+0000] {processor.py:743} INFO - Processing file /opt/airflow/dags/dag_landpad.py for tasks to queue
[2023-04-16T04:19:06.514+0000] {logging_mixin.py:137} INFO - [2023-04-16T04:19:06.513+0000] {dagbag.py:532} INFO - Filling up the DagBag from /opt/airflow/dags/dag_landpad.py
[2023-04-16T04:19:06.564+0000] {logging_mixin.py:137} INFO - [2023-04-16T04:19:06.555+0000] {dagbag.py:341} ERROR - Failed to import: /opt/airflow/dags/dag_landpad.py
Traceback (most recent call last):
  File "/home/airflow/.local/lib/python3.7/site-packages/airflow/models/dagbag.py", line 337, in parse
    loader.exec_module(new_module)
  File "<frozen importlib._bootstrap_external>", line 728, in exec_module
  File "<frozen importlib._bootstrap>", line 219, in _call_with_frames_removed
  File "/opt/airflow/dags/dag_landpad.py", line 4, in <module>
    from landpad import extract, validate, transform, load
ModuleNotFoundError: No module named 'landpad'
[2023-04-16T04:19:06.568+0000] {processor.py:755} WARNING - No viable dags retrieved from /opt/airflow/dags/dag_landpad.py
[2023-04-16T04:19:06.683+0000] {processor.py:175} INFO - Processing /opt/airflow/dags/dag_landpad.py took 0.207 seconds
[2023-04-16T04:19:37.071+0000] {processor.py:153} INFO - Started process (PID=792) to work on /opt/airflow/dags/dag_landpad.py
[2023-04-16T04:19:37.075+0000] {processor.py:743} INFO - Processing file /opt/airflow/dags/dag_landpad.py for tasks to queue
[2023-04-16T04:19:37.080+0000] {logging_mixin.py:137} INFO - [2023-04-16T04:19:37.080+0000] {dagbag.py:532} INFO - Filling up the DagBag from /opt/airflow/dags/dag_landpad.py
[2023-04-16T04:19:37.116+0000] {logging_mixin.py:137} INFO - [2023-04-16T04:19:37.111+0000] {dagbag.py:341} ERROR - Failed to import: /opt/airflow/dags/dag_landpad.py
Traceback (most recent call last):
  File "/home/airflow/.local/lib/python3.7/site-packages/airflow/models/dagbag.py", line 337, in parse
    loader.exec_module(new_module)
  File "<frozen importlib._bootstrap_external>", line 728, in exec_module
  File "<frozen importlib._bootstrap>", line 219, in _call_with_frames_removed
  File "/opt/airflow/dags/dag_landpad.py", line 4, in <module>
    from landpad import extract, validate, transform, load
ModuleNotFoundError: No module named 'landpad'
[2023-04-16T04:19:37.118+0000] {processor.py:755} WARNING - No viable dags retrieved from /opt/airflow/dags/dag_landpad.py
[2023-04-16T04:19:37.196+0000] {processor.py:175} INFO - Processing /opt/airflow/dags/dag_landpad.py took 0.136 seconds
[2023-04-16T04:20:07.696+0000] {processor.py:153} INFO - Started process (PID=818) to work on /opt/airflow/dags/dag_landpad.py
[2023-04-16T04:20:07.699+0000] {processor.py:743} INFO - Processing file /opt/airflow/dags/dag_landpad.py for tasks to queue
[2023-04-16T04:20:07.704+0000] {logging_mixin.py:137} INFO - [2023-04-16T04:20:07.703+0000] {dagbag.py:532} INFO - Filling up the DagBag from /opt/airflow/dags/dag_landpad.py
[2023-04-16T04:20:07.738+0000] {logging_mixin.py:137} INFO - [2023-04-16T04:20:07.733+0000] {dagbag.py:341} ERROR - Failed to import: /opt/airflow/dags/dag_landpad.py
Traceback (most recent call last):
  File "/home/airflow/.local/lib/python3.7/site-packages/airflow/models/dagbag.py", line 337, in parse
    loader.exec_module(new_module)
  File "<frozen importlib._bootstrap_external>", line 728, in exec_module
  File "<frozen importlib._bootstrap>", line 219, in _call_with_frames_removed
  File "/opt/airflow/dags/dag_landpad.py", line 4, in <module>
    from landpad import extract, validate, transform, load
ModuleNotFoundError: No module named 'landpad'
[2023-04-16T04:20:07.742+0000] {processor.py:755} WARNING - No viable dags retrieved from /opt/airflow/dags/dag_landpad.py
[2023-04-16T04:20:07.784+0000] {processor.py:175} INFO - Processing /opt/airflow/dags/dag_landpad.py took 0.101 seconds
[2023-04-16T04:20:38.309+0000] {processor.py:153} INFO - Started process (PID=845) to work on /opt/airflow/dags/dag_landpad.py
[2023-04-16T04:20:38.315+0000] {processor.py:743} INFO - Processing file /opt/airflow/dags/dag_landpad.py for tasks to queue
[2023-04-16T04:20:38.322+0000] {logging_mixin.py:137} INFO - [2023-04-16T04:20:38.320+0000] {dagbag.py:532} INFO - Filling up the DagBag from /opt/airflow/dags/dag_landpad.py
[2023-04-16T04:20:38.361+0000] {logging_mixin.py:137} INFO - [2023-04-16T04:20:38.355+0000] {dagbag.py:341} ERROR - Failed to import: /opt/airflow/dags/dag_landpad.py
Traceback (most recent call last):
  File "/home/airflow/.local/lib/python3.7/site-packages/airflow/models/dagbag.py", line 337, in parse
    loader.exec_module(new_module)
  File "<frozen importlib._bootstrap_external>", line 728, in exec_module
  File "<frozen importlib._bootstrap>", line 219, in _call_with_frames_removed
  File "/opt/airflow/dags/dag_landpad.py", line 4, in <module>
    from landpad import extract, validate, transform, load
ModuleNotFoundError: No module named 'landpad'
[2023-04-16T04:20:38.366+0000] {processor.py:755} WARNING - No viable dags retrieved from /opt/airflow/dags/dag_landpad.py
[2023-04-16T04:20:38.426+0000] {processor.py:175} INFO - Processing /opt/airflow/dags/dag_landpad.py took 0.131 seconds
[2023-04-16T04:21:08.884+0000] {processor.py:153} INFO - Started process (PID=872) to work on /opt/airflow/dags/dag_landpad.py
[2023-04-16T04:21:08.893+0000] {processor.py:743} INFO - Processing file /opt/airflow/dags/dag_landpad.py for tasks to queue
[2023-04-16T04:21:08.895+0000] {logging_mixin.py:137} INFO - [2023-04-16T04:21:08.895+0000] {dagbag.py:532} INFO - Filling up the DagBag from /opt/airflow/dags/dag_landpad.py
[2023-04-16T04:21:08.921+0000] {logging_mixin.py:137} INFO - [2023-04-16T04:21:08.915+0000] {dagbag.py:341} ERROR - Failed to import: /opt/airflow/dags/dag_landpad.py
Traceback (most recent call last):
  File "/home/airflow/.local/lib/python3.7/site-packages/airflow/models/dagbag.py", line 337, in parse
    loader.exec_module(new_module)
  File "<frozen importlib._bootstrap_external>", line 728, in exec_module
  File "<frozen importlib._bootstrap>", line 219, in _call_with_frames_removed
  File "/opt/airflow/dags/dag_landpad.py", line 4, in <module>
    from landpad import extract, validate, transform, load
ModuleNotFoundError: No module named 'landpad'
[2023-04-16T04:21:08.924+0000] {processor.py:755} WARNING - No viable dags retrieved from /opt/airflow/dags/dag_landpad.py
[2023-04-16T04:21:09.050+0000] {processor.py:175} INFO - Processing /opt/airflow/dags/dag_landpad.py took 0.176 seconds
[2023-04-16T04:21:39.538+0000] {processor.py:153} INFO - Started process (PID=899) to work on /opt/airflow/dags/dag_landpad.py
[2023-04-16T04:21:39.549+0000] {processor.py:743} INFO - Processing file /opt/airflow/dags/dag_landpad.py for tasks to queue
[2023-04-16T04:21:39.552+0000] {logging_mixin.py:137} INFO - [2023-04-16T04:21:39.552+0000] {dagbag.py:532} INFO - Filling up the DagBag from /opt/airflow/dags/dag_landpad.py
[2023-04-16T04:21:39.589+0000] {logging_mixin.py:137} INFO - [2023-04-16T04:21:39.583+0000] {dagbag.py:341} ERROR - Failed to import: /opt/airflow/dags/dag_landpad.py
Traceback (most recent call last):
  File "/home/airflow/.local/lib/python3.7/site-packages/airflow/models/dagbag.py", line 337, in parse
    loader.exec_module(new_module)
  File "<frozen importlib._bootstrap_external>", line 728, in exec_module
  File "<frozen importlib._bootstrap>", line 219, in _call_with_frames_removed
  File "/opt/airflow/dags/dag_landpad.py", line 4, in <module>
    from landpad import extract, validate, transform, load
ModuleNotFoundError: No module named 'landpad'
[2023-04-16T04:21:39.593+0000] {processor.py:755} WARNING - No viable dags retrieved from /opt/airflow/dags/dag_landpad.py
[2023-04-16T04:21:39.644+0000] {processor.py:175} INFO - Processing /opt/airflow/dags/dag_landpad.py took 0.114 seconds
[2023-04-16T04:22:09.961+0000] {processor.py:153} INFO - Started process (PID=926) to work on /opt/airflow/dags/dag_landpad.py
[2023-04-16T04:22:09.964+0000] {processor.py:743} INFO - Processing file /opt/airflow/dags/dag_landpad.py for tasks to queue
[2023-04-16T04:22:09.968+0000] {logging_mixin.py:137} INFO - [2023-04-16T04:22:09.967+0000] {dagbag.py:532} INFO - Filling up the DagBag from /opt/airflow/dags/dag_landpad.py
[2023-04-16T04:22:10.000+0000] {logging_mixin.py:137} INFO - [2023-04-16T04:22:09.994+0000] {dagbag.py:341} ERROR - Failed to import: /opt/airflow/dags/dag_landpad.py
Traceback (most recent call last):
  File "/home/airflow/.local/lib/python3.7/site-packages/airflow/models/dagbag.py", line 337, in parse
    loader.exec_module(new_module)
  File "<frozen importlib._bootstrap_external>", line 728, in exec_module
  File "<frozen importlib._bootstrap>", line 219, in _call_with_frames_removed
  File "/opt/airflow/dags/dag_landpad.py", line 4, in <module>
    from landpad import extract, validate, transform, load
ModuleNotFoundError: No module named 'landpad'
[2023-04-16T04:22:10.004+0000] {processor.py:755} WARNING - No viable dags retrieved from /opt/airflow/dags/dag_landpad.py
[2023-04-16T04:22:10.062+0000] {processor.py:175} INFO - Processing /opt/airflow/dags/dag_landpad.py took 0.114 seconds
[2023-04-16T04:22:40.595+0000] {processor.py:153} INFO - Started process (PID=954) to work on /opt/airflow/dags/dag_landpad.py
[2023-04-16T04:22:40.599+0000] {processor.py:743} INFO - Processing file /opt/airflow/dags/dag_landpad.py for tasks to queue
[2023-04-16T04:22:40.603+0000] {logging_mixin.py:137} INFO - [2023-04-16T04:22:40.602+0000] {dagbag.py:532} INFO - Filling up the DagBag from /opt/airflow/dags/dag_landpad.py
[2023-04-16T04:22:40.633+0000] {logging_mixin.py:137} INFO - [2023-04-16T04:22:40.627+0000] {dagbag.py:341} ERROR - Failed to import: /opt/airflow/dags/dag_landpad.py
Traceback (most recent call last):
  File "/home/airflow/.local/lib/python3.7/site-packages/airflow/models/dagbag.py", line 337, in parse
    loader.exec_module(new_module)
  File "<frozen importlib._bootstrap_external>", line 728, in exec_module
  File "<frozen importlib._bootstrap>", line 219, in _call_with_frames_removed
  File "/opt/airflow/dags/dag_landpad.py", line 4, in <module>
    from landpad import extract, validate, transform, load
ModuleNotFoundError: No module named 'landpad'
[2023-04-16T04:22:40.636+0000] {processor.py:755} WARNING - No viable dags retrieved from /opt/airflow/dags/dag_landpad.py
[2023-04-16T04:22:40.700+0000] {processor.py:175} INFO - Processing /opt/airflow/dags/dag_landpad.py took 0.118 seconds
[2023-04-16T04:23:11.331+0000] {processor.py:153} INFO - Started process (PID=980) to work on /opt/airflow/dags/dag_landpad.py
[2023-04-16T04:23:11.336+0000] {processor.py:743} INFO - Processing file /opt/airflow/dags/dag_landpad.py for tasks to queue
[2023-04-16T04:23:11.343+0000] {logging_mixin.py:137} INFO - [2023-04-16T04:23:11.342+0000] {dagbag.py:532} INFO - Filling up the DagBag from /opt/airflow/dags/dag_landpad.py
[2023-04-16T04:23:11.384+0000] {logging_mixin.py:137} INFO - [2023-04-16T04:23:11.376+0000] {dagbag.py:341} ERROR - Failed to import: /opt/airflow/dags/dag_landpad.py
Traceback (most recent call last):
  File "/home/airflow/.local/lib/python3.7/site-packages/airflow/models/dagbag.py", line 337, in parse
    loader.exec_module(new_module)
  File "<frozen importlib._bootstrap_external>", line 728, in exec_module
  File "<frozen importlib._bootstrap>", line 219, in _call_with_frames_removed
  File "/opt/airflow/dags/dag_landpad.py", line 4, in <module>
    from landpad import extract, validate, transform, load
ModuleNotFoundError: No module named 'landpad'
[2023-04-16T04:23:11.389+0000] {processor.py:755} WARNING - No viable dags retrieved from /opt/airflow/dags/dag_landpad.py
[2023-04-16T04:23:11.504+0000] {processor.py:175} INFO - Processing /opt/airflow/dags/dag_landpad.py took 0.187 seconds
[2023-04-16T04:23:41.939+0000] {processor.py:153} INFO - Started process (PID=1007) to work on /opt/airflow/dags/dag_landpad.py
[2023-04-16T04:23:41.948+0000] {processor.py:743} INFO - Processing file /opt/airflow/dags/dag_landpad.py for tasks to queue
[2023-04-16T04:23:41.954+0000] {logging_mixin.py:137} INFO - [2023-04-16T04:23:41.953+0000] {dagbag.py:532} INFO - Filling up the DagBag from /opt/airflow/dags/dag_landpad.py
[2023-04-16T04:23:41.991+0000] {logging_mixin.py:137} INFO - [2023-04-16T04:23:41.983+0000] {dagbag.py:341} ERROR - Failed to import: /opt/airflow/dags/dag_landpad.py
Traceback (most recent call last):
  File "/home/airflow/.local/lib/python3.7/site-packages/airflow/models/dagbag.py", line 337, in parse
    loader.exec_module(new_module)
  File "<frozen importlib._bootstrap_external>", line 728, in exec_module
  File "<frozen importlib._bootstrap>", line 219, in _call_with_frames_removed
  File "/opt/airflow/dags/dag_landpad.py", line 4, in <module>
    from landpad import extract, validate, transform, load
ModuleNotFoundError: No module named 'landpad'
[2023-04-16T04:23:41.995+0000] {processor.py:755} WARNING - No viable dags retrieved from /opt/airflow/dags/dag_landpad.py
[2023-04-16T04:23:42.092+0000] {processor.py:175} INFO - Processing /opt/airflow/dags/dag_landpad.py took 0.168 seconds
[2023-04-16T04:24:12.458+0000] {processor.py:153} INFO - Started process (PID=1034) to work on /opt/airflow/dags/dag_landpad.py
[2023-04-16T04:24:12.469+0000] {processor.py:743} INFO - Processing file /opt/airflow/dags/dag_landpad.py for tasks to queue
[2023-04-16T04:24:12.472+0000] {logging_mixin.py:137} INFO - [2023-04-16T04:24:12.472+0000] {dagbag.py:532} INFO - Filling up the DagBag from /opt/airflow/dags/dag_landpad.py
[2023-04-16T04:24:12.515+0000] {logging_mixin.py:137} INFO - [2023-04-16T04:24:12.508+0000] {dagbag.py:341} ERROR - Failed to import: /opt/airflow/dags/dag_landpad.py
Traceback (most recent call last):
  File "/home/airflow/.local/lib/python3.7/site-packages/airflow/models/dagbag.py", line 337, in parse
    loader.exec_module(new_module)
  File "<frozen importlib._bootstrap_external>", line 728, in exec_module
  File "<frozen importlib._bootstrap>", line 219, in _call_with_frames_removed
  File "/opt/airflow/dags/dag_landpad.py", line 4, in <module>
    from landpad import extract, validate, transform, load
ModuleNotFoundError: No module named 'landpad'
[2023-04-16T04:24:12.518+0000] {processor.py:755} WARNING - No viable dags retrieved from /opt/airflow/dags/dag_landpad.py
[2023-04-16T04:24:12.587+0000] {processor.py:175} INFO - Processing /opt/airflow/dags/dag_landpad.py took 0.142 seconds
[2023-04-16T04:24:42.715+0000] {processor.py:153} INFO - Started process (PID=1061) to work on /opt/airflow/dags/dag_landpad.py
[2023-04-16T04:24:42.721+0000] {processor.py:743} INFO - Processing file /opt/airflow/dags/dag_landpad.py for tasks to queue
[2023-04-16T04:24:42.731+0000] {logging_mixin.py:137} INFO - [2023-04-16T04:24:42.731+0000] {dagbag.py:532} INFO - Filling up the DagBag from /opt/airflow/dags/dag_landpad.py
[2023-04-16T04:24:42.785+0000] {logging_mixin.py:137} INFO - [2023-04-16T04:24:42.772+0000] {dagbag.py:341} ERROR - Failed to import: /opt/airflow/dags/dag_landpad.py
Traceback (most recent call last):
  File "/home/airflow/.local/lib/python3.7/site-packages/airflow/models/dagbag.py", line 337, in parse
    loader.exec_module(new_module)
  File "<frozen importlib._bootstrap_external>", line 728, in exec_module
  File "<frozen importlib._bootstrap>", line 219, in _call_with_frames_removed
  File "/opt/airflow/dags/dag_landpad.py", line 4, in <module>
    from landpad import extract, validate, transform, load
ModuleNotFoundError: No module named 'landpad'
[2023-04-16T04:24:42.795+0000] {processor.py:755} WARNING - No viable dags retrieved from /opt/airflow/dags/dag_landpad.py
[2023-04-16T04:24:42.868+0000] {processor.py:175} INFO - Processing /opt/airflow/dags/dag_landpad.py took 0.181 seconds
[2023-04-16T04:25:13.805+0000] {processor.py:153} INFO - Started process (PID=1088) to work on /opt/airflow/dags/dag_landpad.py
[2023-04-16T04:25:13.812+0000] {processor.py:743} INFO - Processing file /opt/airflow/dags/dag_landpad.py for tasks to queue
[2023-04-16T04:25:13.818+0000] {logging_mixin.py:137} INFO - [2023-04-16T04:25:13.817+0000] {dagbag.py:532} INFO - Filling up the DagBag from /opt/airflow/dags/dag_landpad.py
[2023-04-16T04:25:13.862+0000] {logging_mixin.py:137} INFO - [2023-04-16T04:25:13.853+0000] {dagbag.py:341} ERROR - Failed to import: /opt/airflow/dags/dag_landpad.py
Traceback (most recent call last):
  File "/home/airflow/.local/lib/python3.7/site-packages/airflow/models/dagbag.py", line 337, in parse
    loader.exec_module(new_module)
  File "<frozen importlib._bootstrap_external>", line 728, in exec_module
  File "<frozen importlib._bootstrap>", line 219, in _call_with_frames_removed
  File "/opt/airflow/dags/dag_landpad.py", line 4, in <module>
    from landpad import extract, validate, transform, load
ModuleNotFoundError: No module named 'landpad'
[2023-04-16T04:25:13.869+0000] {processor.py:755} WARNING - No viable dags retrieved from /opt/airflow/dags/dag_landpad.py
[2023-04-16T04:25:13.918+0000] {processor.py:175} INFO - Processing /opt/airflow/dags/dag_landpad.py took 0.126 seconds
[2023-04-16T04:25:44.790+0000] {processor.py:153} INFO - Started process (PID=1116) to work on /opt/airflow/dags/dag_landpad.py
[2023-04-16T04:25:44.845+0000] {processor.py:743} INFO - Processing file /opt/airflow/dags/dag_landpad.py for tasks to queue
[2023-04-16T04:25:44.860+0000] {logging_mixin.py:137} INFO - [2023-04-16T04:25:44.860+0000] {dagbag.py:532} INFO - Filling up the DagBag from /opt/airflow/dags/dag_landpad.py
[2023-04-16T04:25:44.997+0000] {logging_mixin.py:137} INFO - [2023-04-16T04:25:44.975+0000] {dagbag.py:341} ERROR - Failed to import: /opt/airflow/dags/dag_landpad.py
Traceback (most recent call last):
  File "/home/airflow/.local/lib/python3.7/site-packages/airflow/models/dagbag.py", line 337, in parse
    loader.exec_module(new_module)
  File "<frozen importlib._bootstrap_external>", line 728, in exec_module
  File "<frozen importlib._bootstrap>", line 219, in _call_with_frames_removed
  File "/opt/airflow/dags/dag_landpad.py", line 4, in <module>
    from landpad import extract, validate, transform, load
ModuleNotFoundError: No module named 'landpad'
[2023-04-16T04:25:45.007+0000] {processor.py:755} WARNING - No viable dags retrieved from /opt/airflow/dags/dag_landpad.py
[2023-04-16T04:25:45.285+0000] {processor.py:175} INFO - Processing /opt/airflow/dags/dag_landpad.py took 0.519 seconds
[2023-04-16T04:26:15.628+0000] {processor.py:153} INFO - Started process (PID=1142) to work on /opt/airflow/dags/dag_landpad.py
[2023-04-16T04:26:15.632+0000] {processor.py:743} INFO - Processing file /opt/airflow/dags/dag_landpad.py for tasks to queue
[2023-04-16T04:26:15.637+0000] {logging_mixin.py:137} INFO - [2023-04-16T04:26:15.636+0000] {dagbag.py:532} INFO - Filling up the DagBag from /opt/airflow/dags/dag_landpad.py
[2023-04-16T04:26:15.663+0000] {logging_mixin.py:137} INFO - [2023-04-16T04:26:15.657+0000] {dagbag.py:341} ERROR - Failed to import: /opt/airflow/dags/dag_landpad.py
Traceback (most recent call last):
  File "/home/airflow/.local/lib/python3.7/site-packages/airflow/models/dagbag.py", line 337, in parse
    loader.exec_module(new_module)
  File "<frozen importlib._bootstrap_external>", line 728, in exec_module
  File "<frozen importlib._bootstrap>", line 219, in _call_with_frames_removed
  File "/opt/airflow/dags/dag_landpad.py", line 4, in <module>
    from landpad import extract, validate, transform, load
ModuleNotFoundError: No module named 'landpad'
[2023-04-16T04:26:15.669+0000] {processor.py:755} WARNING - No viable dags retrieved from /opt/airflow/dags/dag_landpad.py
[2023-04-16T04:26:15.740+0000] {processor.py:175} INFO - Processing /opt/airflow/dags/dag_landpad.py took 0.119 seconds
[2023-04-16T04:26:46.259+0000] {processor.py:153} INFO - Started process (PID=1170) to work on /opt/airflow/dags/dag_landpad.py
[2023-04-16T04:26:46.263+0000] {processor.py:743} INFO - Processing file /opt/airflow/dags/dag_landpad.py for tasks to queue
[2023-04-16T04:26:46.266+0000] {logging_mixin.py:137} INFO - [2023-04-16T04:26:46.266+0000] {dagbag.py:532} INFO - Filling up the DagBag from /opt/airflow/dags/dag_landpad.py
[2023-04-16T04:26:46.297+0000] {logging_mixin.py:137} INFO - [2023-04-16T04:26:46.293+0000] {dagbag.py:341} ERROR - Failed to import: /opt/airflow/dags/dag_landpad.py
Traceback (most recent call last):
  File "/home/airflow/.local/lib/python3.7/site-packages/airflow/models/dagbag.py", line 337, in parse
    loader.exec_module(new_module)
  File "<frozen importlib._bootstrap_external>", line 728, in exec_module
  File "<frozen importlib._bootstrap>", line 219, in _call_with_frames_removed
  File "/opt/airflow/dags/dag_landpad.py", line 4, in <module>
    from landpad import extract, validate, transform, load
ModuleNotFoundError: No module named 'landpad'
[2023-04-16T04:26:46.299+0000] {processor.py:755} WARNING - No viable dags retrieved from /opt/airflow/dags/dag_landpad.py
[2023-04-16T04:26:46.368+0000] {processor.py:175} INFO - Processing /opt/airflow/dags/dag_landpad.py took 0.116 seconds
[2023-04-16T04:27:17.128+0000] {processor.py:153} INFO - Started process (PID=1197) to work on /opt/airflow/dags/dag_landpad.py
[2023-04-16T04:27:17.144+0000] {processor.py:743} INFO - Processing file /opt/airflow/dags/dag_landpad.py for tasks to queue
[2023-04-16T04:27:17.147+0000] {logging_mixin.py:137} INFO - [2023-04-16T04:27:17.146+0000] {dagbag.py:532} INFO - Filling up the DagBag from /opt/airflow/dags/dag_landpad.py
[2023-04-16T04:27:17.193+0000] {logging_mixin.py:137} INFO - [2023-04-16T04:27:17.185+0000] {dagbag.py:341} ERROR - Failed to import: /opt/airflow/dags/dag_landpad.py
Traceback (most recent call last):
  File "/home/airflow/.local/lib/python3.7/site-packages/airflow/models/dagbag.py", line 337, in parse
    loader.exec_module(new_module)
  File "<frozen importlib._bootstrap_external>", line 728, in exec_module
  File "<frozen importlib._bootstrap>", line 219, in _call_with_frames_removed
  File "/opt/airflow/dags/dag_landpad.py", line 4, in <module>
    from landpad import extract, validate, transform, load
ModuleNotFoundError: No module named 'landpad'
[2023-04-16T04:27:17.199+0000] {processor.py:755} WARNING - No viable dags retrieved from /opt/airflow/dags/dag_landpad.py
[2023-04-16T04:27:17.267+0000] {processor.py:175} INFO - Processing /opt/airflow/dags/dag_landpad.py took 0.144 seconds
[2023-04-16T04:27:47.920+0000] {processor.py:153} INFO - Started process (PID=1224) to work on /opt/airflow/dags/dag_landpad.py
[2023-04-16T04:27:47.926+0000] {processor.py:743} INFO - Processing file /opt/airflow/dags/dag_landpad.py for tasks to queue
[2023-04-16T04:27:47.933+0000] {logging_mixin.py:137} INFO - [2023-04-16T04:27:47.933+0000] {dagbag.py:532} INFO - Filling up the DagBag from /opt/airflow/dags/dag_landpad.py
[2023-04-16T04:27:47.980+0000] {logging_mixin.py:137} INFO - [2023-04-16T04:27:47.972+0000] {dagbag.py:341} ERROR - Failed to import: /opt/airflow/dags/dag_landpad.py
Traceback (most recent call last):
  File "/home/airflow/.local/lib/python3.7/site-packages/airflow/models/dagbag.py", line 337, in parse
    loader.exec_module(new_module)
  File "<frozen importlib._bootstrap_external>", line 728, in exec_module
  File "<frozen importlib._bootstrap>", line 219, in _call_with_frames_removed
  File "/opt/airflow/dags/dag_landpad.py", line 4, in <module>
    from landpad import extract, validate, transform, load
ModuleNotFoundError: No module named 'landpad'
[2023-04-16T04:27:47.988+0000] {processor.py:755} WARNING - No viable dags retrieved from /opt/airflow/dags/dag_landpad.py
[2023-04-16T04:27:48.113+0000] {processor.py:175} INFO - Processing /opt/airflow/dags/dag_landpad.py took 0.206 seconds
[2023-04-16T04:28:18.630+0000] {processor.py:153} INFO - Started process (PID=1251) to work on /opt/airflow/dags/dag_landpad.py
[2023-04-16T04:28:18.640+0000] {processor.py:743} INFO - Processing file /opt/airflow/dags/dag_landpad.py for tasks to queue
[2023-04-16T04:28:18.648+0000] {logging_mixin.py:137} INFO - [2023-04-16T04:28:18.647+0000] {dagbag.py:532} INFO - Filling up the DagBag from /opt/airflow/dags/dag_landpad.py
[2023-04-16T04:28:18.682+0000] {logging_mixin.py:137} INFO - [2023-04-16T04:28:18.676+0000] {dagbag.py:341} ERROR - Failed to import: /opt/airflow/dags/dag_landpad.py
Traceback (most recent call last):
  File "/home/airflow/.local/lib/python3.7/site-packages/airflow/models/dagbag.py", line 337, in parse
    loader.exec_module(new_module)
  File "<frozen importlib._bootstrap_external>", line 728, in exec_module
  File "<frozen importlib._bootstrap>", line 219, in _call_with_frames_removed
  File "/opt/airflow/dags/dag_landpad.py", line 4, in <module>
    from landpad import extract, validate, transform, load
ModuleNotFoundError: No module named 'landpad'
[2023-04-16T04:28:18.686+0000] {processor.py:755} WARNING - No viable dags retrieved from /opt/airflow/dags/dag_landpad.py
[2023-04-16T04:28:18.744+0000] {processor.py:175} INFO - Processing /opt/airflow/dags/dag_landpad.py took 0.131 seconds
