[2023-04-16T02:18:55.101+0000] {processor.py:153} INFO - Started process (PID=236) to work on /opt/airflow/dags/dag_launchpad.py
[2023-04-16T02:18:55.118+0000] {processor.py:743} INFO - Processing file /opt/airflow/dags/dag_launchpad.py for tasks to queue
[2023-04-16T02:18:55.121+0000] {logging_mixin.py:137} INFO - [2023-04-16T02:18:55.121+0000] {dagbag.py:532} INFO - Filling up the DagBag from /opt/airflow/dags/dag_launchpad.py
[2023-04-16T02:18:55.217+0000] {logging_mixin.py:137} INFO - [2023-04-16T02:18:55.210+0000] {dagbag.py:341} ERROR - Failed to import: /opt/airflow/dags/dag_launchpad.py
Traceback (most recent call last):
  File "/home/airflow/.local/lib/python3.7/site-packages/airflow/models/dagbag.py", line 337, in parse
    loader.exec_module(new_module)
  File "<frozen importlib._bootstrap_external>", line 728, in exec_module
  File "<frozen importlib._bootstrap>", line 219, in _call_with_frames_removed
  File "/opt/airflow/dags/dag_launchpad.py", line 4, in <module>
    from launchpad import extract, validate, transform, load
ModuleNotFoundError: No module named 'launchpad'
[2023-04-16T02:18:55.223+0000] {processor.py:755} WARNING - No viable dags retrieved from /opt/airflow/dags/dag_launchpad.py
[2023-04-16T02:18:55.283+0000] {processor.py:175} INFO - Processing /opt/airflow/dags/dag_launchpad.py took 0.214 seconds
[2023-04-16T02:19:26.071+0000] {processor.py:153} INFO - Started process (PID=263) to work on /opt/airflow/dags/dag_launchpad.py
[2023-04-16T02:19:26.076+0000] {processor.py:743} INFO - Processing file /opt/airflow/dags/dag_launchpad.py for tasks to queue
[2023-04-16T02:19:26.083+0000] {logging_mixin.py:137} INFO - [2023-04-16T02:19:26.083+0000] {dagbag.py:532} INFO - Filling up the DagBag from /opt/airflow/dags/dag_launchpad.py
[2023-04-16T02:19:26.124+0000] {logging_mixin.py:137} INFO - [2023-04-16T02:19:26.118+0000] {dagbag.py:341} ERROR - Failed to import: /opt/airflow/dags/dag_launchpad.py
Traceback (most recent call last):
  File "/home/airflow/.local/lib/python3.7/site-packages/airflow/models/dagbag.py", line 337, in parse
    loader.exec_module(new_module)
  File "<frozen importlib._bootstrap_external>", line 728, in exec_module
  File "<frozen importlib._bootstrap>", line 219, in _call_with_frames_removed
  File "/opt/airflow/dags/dag_launchpad.py", line 4, in <module>
    from launchpad import extract, validate, transform, load
ModuleNotFoundError: No module named 'launchpad'
[2023-04-16T02:19:26.127+0000] {processor.py:755} WARNING - No viable dags retrieved from /opt/airflow/dags/dag_launchpad.py
[2023-04-16T02:19:26.217+0000] {processor.py:175} INFO - Processing /opt/airflow/dags/dag_launchpad.py took 0.161 seconds
[2023-04-16T02:19:57.067+0000] {processor.py:153} INFO - Started process (PID=290) to work on /opt/airflow/dags/dag_launchpad.py
[2023-04-16T02:19:57.093+0000] {processor.py:743} INFO - Processing file /opt/airflow/dags/dag_launchpad.py for tasks to queue
[2023-04-16T02:19:57.103+0000] {logging_mixin.py:137} INFO - [2023-04-16T02:19:57.102+0000] {dagbag.py:532} INFO - Filling up the DagBag from /opt/airflow/dags/dag_launchpad.py
[2023-04-16T02:19:57.281+0000] {logging_mixin.py:137} INFO - [2023-04-16T02:19:57.270+0000] {dagbag.py:341} ERROR - Failed to import: /opt/airflow/dags/dag_launchpad.py
Traceback (most recent call last):
  File "/home/airflow/.local/lib/python3.7/site-packages/airflow/models/dagbag.py", line 337, in parse
    loader.exec_module(new_module)
  File "<frozen importlib._bootstrap_external>", line 728, in exec_module
  File "<frozen importlib._bootstrap>", line 219, in _call_with_frames_removed
  File "/opt/airflow/dags/dag_launchpad.py", line 4, in <module>
    from launchpad import extract, validate, transform, load
ModuleNotFoundError: No module named 'launchpad'
[2023-04-16T02:19:57.284+0000] {processor.py:755} WARNING - No viable dags retrieved from /opt/airflow/dags/dag_launchpad.py
[2023-04-16T02:19:57.427+0000] {processor.py:175} INFO - Processing /opt/airflow/dags/dag_launchpad.py took 0.380 seconds
[2023-04-16T02:20:28.128+0000] {processor.py:153} INFO - Started process (PID=317) to work on /opt/airflow/dags/dag_launchpad.py
[2023-04-16T02:20:28.136+0000] {processor.py:743} INFO - Processing file /opt/airflow/dags/dag_launchpad.py for tasks to queue
[2023-04-16T02:20:28.140+0000] {logging_mixin.py:137} INFO - [2023-04-16T02:20:28.139+0000] {dagbag.py:532} INFO - Filling up the DagBag from /opt/airflow/dags/dag_launchpad.py
[2023-04-16T02:20:28.189+0000] {logging_mixin.py:137} INFO - [2023-04-16T02:20:28.184+0000] {dagbag.py:341} ERROR - Failed to import: /opt/airflow/dags/dag_launchpad.py
Traceback (most recent call last):
  File "/home/airflow/.local/lib/python3.7/site-packages/airflow/models/dagbag.py", line 337, in parse
    loader.exec_module(new_module)
  File "<frozen importlib._bootstrap_external>", line 728, in exec_module
  File "<frozen importlib._bootstrap>", line 219, in _call_with_frames_removed
  File "/opt/airflow/dags/dag_launchpad.py", line 4, in <module>
    from launchpad import extract, validate, transform, load
ModuleNotFoundError: No module named 'launchpad'
[2023-04-16T02:20:28.191+0000] {processor.py:755} WARNING - No viable dags retrieved from /opt/airflow/dags/dag_launchpad.py
[2023-04-16T02:20:28.428+0000] {processor.py:175} INFO - Processing /opt/airflow/dags/dag_launchpad.py took 0.310 seconds
[2023-04-16T02:20:58.770+0000] {processor.py:153} INFO - Started process (PID=344) to work on /opt/airflow/dags/dag_launchpad.py
[2023-04-16T02:20:58.777+0000] {processor.py:743} INFO - Processing file /opt/airflow/dags/dag_launchpad.py for tasks to queue
[2023-04-16T02:20:58.784+0000] {logging_mixin.py:137} INFO - [2023-04-16T02:20:58.782+0000] {dagbag.py:532} INFO - Filling up the DagBag from /opt/airflow/dags/dag_launchpad.py
[2023-04-16T02:20:58.849+0000] {logging_mixin.py:137} INFO - [2023-04-16T02:20:58.835+0000] {dagbag.py:341} ERROR - Failed to import: /opt/airflow/dags/dag_launchpad.py
Traceback (most recent call last):
  File "/home/airflow/.local/lib/python3.7/site-packages/airflow/models/dagbag.py", line 337, in parse
    loader.exec_module(new_module)
  File "<frozen importlib._bootstrap_external>", line 728, in exec_module
  File "<frozen importlib._bootstrap>", line 219, in _call_with_frames_removed
  File "/opt/airflow/dags/dag_launchpad.py", line 4, in <module>
    from launchpad import extract, validate, transform, load
ModuleNotFoundError: No module named 'launchpad'
[2023-04-16T02:20:58.860+0000] {processor.py:755} WARNING - No viable dags retrieved from /opt/airflow/dags/dag_launchpad.py
[2023-04-16T02:20:59.050+0000] {processor.py:175} INFO - Processing /opt/airflow/dags/dag_launchpad.py took 0.301 seconds
[2023-04-16T02:21:29.674+0000] {processor.py:153} INFO - Started process (PID=371) to work on /opt/airflow/dags/dag_launchpad.py
[2023-04-16T02:21:29.683+0000] {processor.py:743} INFO - Processing file /opt/airflow/dags/dag_launchpad.py for tasks to queue
[2023-04-16T02:21:29.687+0000] {logging_mixin.py:137} INFO - [2023-04-16T02:21:29.686+0000] {dagbag.py:532} INFO - Filling up the DagBag from /opt/airflow/dags/dag_launchpad.py
[2023-04-16T02:21:29.733+0000] {logging_mixin.py:137} INFO - [2023-04-16T02:21:29.728+0000] {dagbag.py:341} ERROR - Failed to import: /opt/airflow/dags/dag_launchpad.py
Traceback (most recent call last):
  File "/home/airflow/.local/lib/python3.7/site-packages/airflow/models/dagbag.py", line 337, in parse
    loader.exec_module(new_module)
  File "<frozen importlib._bootstrap_external>", line 728, in exec_module
  File "<frozen importlib._bootstrap>", line 219, in _call_with_frames_removed
  File "/opt/airflow/dags/dag_launchpad.py", line 4, in <module>
    from launchpad import extract, validate, transform, load
ModuleNotFoundError: No module named 'launchpad'
[2023-04-16T02:21:29.740+0000] {processor.py:755} WARNING - No viable dags retrieved from /opt/airflow/dags/dag_launchpad.py
[2023-04-16T02:21:29.878+0000] {processor.py:175} INFO - Processing /opt/airflow/dags/dag_launchpad.py took 0.218 seconds
[2023-04-16T02:22:00.806+0000] {processor.py:153} INFO - Started process (PID=398) to work on /opt/airflow/dags/dag_launchpad.py
[2023-04-16T02:22:00.817+0000] {processor.py:743} INFO - Processing file /opt/airflow/dags/dag_launchpad.py for tasks to queue
[2023-04-16T02:22:00.823+0000] {logging_mixin.py:137} INFO - [2023-04-16T02:22:00.822+0000] {dagbag.py:532} INFO - Filling up the DagBag from /opt/airflow/dags/dag_launchpad.py
[2023-04-16T02:22:00.858+0000] {logging_mixin.py:137} INFO - [2023-04-16T02:22:00.852+0000] {dagbag.py:341} ERROR - Failed to import: /opt/airflow/dags/dag_launchpad.py
Traceback (most recent call last):
  File "/home/airflow/.local/lib/python3.7/site-packages/airflow/models/dagbag.py", line 337, in parse
    loader.exec_module(new_module)
  File "<frozen importlib._bootstrap_external>", line 728, in exec_module
  File "<frozen importlib._bootstrap>", line 219, in _call_with_frames_removed
  File "/opt/airflow/dags/dag_launchpad.py", line 4, in <module>
    from launchpad import extract, validate, transform, load
ModuleNotFoundError: No module named 'launchpad'
[2023-04-16T02:22:00.861+0000] {processor.py:755} WARNING - No viable dags retrieved from /opt/airflow/dags/dag_launchpad.py
[2023-04-16T02:22:00.928+0000] {processor.py:175} INFO - Processing /opt/airflow/dags/dag_launchpad.py took 0.138 seconds
[2023-04-16T02:22:31.529+0000] {processor.py:153} INFO - Started process (PID=425) to work on /opt/airflow/dags/dag_launchpad.py
[2023-04-16T02:22:31.538+0000] {processor.py:743} INFO - Processing file /opt/airflow/dags/dag_launchpad.py for tasks to queue
[2023-04-16T02:22:31.541+0000] {logging_mixin.py:137} INFO - [2023-04-16T02:22:31.541+0000] {dagbag.py:532} INFO - Filling up the DagBag from /opt/airflow/dags/dag_launchpad.py
[2023-04-16T02:22:31.574+0000] {logging_mixin.py:137} INFO - [2023-04-16T02:22:31.566+0000] {dagbag.py:341} ERROR - Failed to import: /opt/airflow/dags/dag_launchpad.py
Traceback (most recent call last):
  File "/home/airflow/.local/lib/python3.7/site-packages/airflow/models/dagbag.py", line 337, in parse
    loader.exec_module(new_module)
  File "<frozen importlib._bootstrap_external>", line 728, in exec_module
  File "<frozen importlib._bootstrap>", line 219, in _call_with_frames_removed
  File "/opt/airflow/dags/dag_launchpad.py", line 4, in <module>
    from launchpad import extract, validate, transform, load
ModuleNotFoundError: No module named 'launchpad'
[2023-04-16T02:22:31.581+0000] {processor.py:755} WARNING - No viable dags retrieved from /opt/airflow/dags/dag_launchpad.py
[2023-04-16T02:22:31.664+0000] {processor.py:175} INFO - Processing /opt/airflow/dags/dag_launchpad.py took 0.148 seconds
[2023-04-16T02:23:02.647+0000] {processor.py:153} INFO - Started process (PID=453) to work on /opt/airflow/dags/dag_launchpad.py
[2023-04-16T02:23:02.658+0000] {processor.py:743} INFO - Processing file /opt/airflow/dags/dag_launchpad.py for tasks to queue
[2023-04-16T02:23:02.699+0000] {logging_mixin.py:137} INFO - [2023-04-16T02:23:02.697+0000] {dagbag.py:532} INFO - Filling up the DagBag from /opt/airflow/dags/dag_launchpad.py
[2023-04-16T02:23:02.749+0000] {logging_mixin.py:137} INFO - [2023-04-16T02:23:02.742+0000] {dagbag.py:341} ERROR - Failed to import: /opt/airflow/dags/dag_launchpad.py
Traceback (most recent call last):
  File "/home/airflow/.local/lib/python3.7/site-packages/airflow/models/dagbag.py", line 337, in parse
    loader.exec_module(new_module)
  File "<frozen importlib._bootstrap_external>", line 728, in exec_module
  File "<frozen importlib._bootstrap>", line 219, in _call_with_frames_removed
  File "/opt/airflow/dags/dag_launchpad.py", line 4, in <module>
    from launchpad import extract, validate, transform, load
ModuleNotFoundError: No module named 'launchpad'
[2023-04-16T02:23:02.753+0000] {processor.py:755} WARNING - No viable dags retrieved from /opt/airflow/dags/dag_launchpad.py
[2023-04-16T02:23:02.841+0000] {processor.py:175} INFO - Processing /opt/airflow/dags/dag_launchpad.py took 0.217 seconds
[2023-04-16T02:23:33.718+0000] {processor.py:153} INFO - Started process (PID=481) to work on /opt/airflow/dags/dag_launchpad.py
[2023-04-16T02:23:33.727+0000] {processor.py:743} INFO - Processing file /opt/airflow/dags/dag_launchpad.py for tasks to queue
[2023-04-16T02:23:33.735+0000] {logging_mixin.py:137} INFO - [2023-04-16T02:23:33.734+0000] {dagbag.py:532} INFO - Filling up the DagBag from /opt/airflow/dags/dag_launchpad.py
[2023-04-16T02:23:33.778+0000] {logging_mixin.py:137} INFO - [2023-04-16T02:23:33.772+0000] {dagbag.py:341} ERROR - Failed to import: /opt/airflow/dags/dag_launchpad.py
Traceback (most recent call last):
  File "/home/airflow/.local/lib/python3.7/site-packages/airflow/models/dagbag.py", line 337, in parse
    loader.exec_module(new_module)
  File "<frozen importlib._bootstrap_external>", line 728, in exec_module
  File "<frozen importlib._bootstrap>", line 219, in _call_with_frames_removed
  File "/opt/airflow/dags/dag_launchpad.py", line 4, in <module>
    from launchpad import extract, validate, transform, load
ModuleNotFoundError: No module named 'launchpad'
[2023-04-16T02:23:33.782+0000] {processor.py:755} WARNING - No viable dags retrieved from /opt/airflow/dags/dag_launchpad.py
[2023-04-16T02:23:33.850+0000] {processor.py:175} INFO - Processing /opt/airflow/dags/dag_launchpad.py took 0.156 seconds
[2023-04-16T02:24:04.620+0000] {processor.py:153} INFO - Started process (PID=508) to work on /opt/airflow/dags/dag_launchpad.py
[2023-04-16T02:24:04.624+0000] {processor.py:743} INFO - Processing file /opt/airflow/dags/dag_launchpad.py for tasks to queue
[2023-04-16T02:24:04.627+0000] {logging_mixin.py:137} INFO - [2023-04-16T02:24:04.627+0000] {dagbag.py:532} INFO - Filling up the DagBag from /opt/airflow/dags/dag_launchpad.py
[2023-04-16T02:24:04.689+0000] {logging_mixin.py:137} INFO - [2023-04-16T02:24:04.682+0000] {dagbag.py:341} ERROR - Failed to import: /opt/airflow/dags/dag_launchpad.py
Traceback (most recent call last):
  File "/home/airflow/.local/lib/python3.7/site-packages/airflow/models/dagbag.py", line 337, in parse
    loader.exec_module(new_module)
  File "<frozen importlib._bootstrap_external>", line 728, in exec_module
  File "<frozen importlib._bootstrap>", line 219, in _call_with_frames_removed
  File "/opt/airflow/dags/dag_launchpad.py", line 4, in <module>
    from launchpad import extract, validate, transform, load
ModuleNotFoundError: No module named 'launchpad'
[2023-04-16T02:24:04.696+0000] {processor.py:755} WARNING - No viable dags retrieved from /opt/airflow/dags/dag_launchpad.py
[2023-04-16T02:24:04.802+0000] {processor.py:175} INFO - Processing /opt/airflow/dags/dag_launchpad.py took 0.193 seconds
[2023-04-16T02:24:35.329+0000] {processor.py:153} INFO - Started process (PID=535) to work on /opt/airflow/dags/dag_launchpad.py
[2023-04-16T02:24:35.341+0000] {processor.py:743} INFO - Processing file /opt/airflow/dags/dag_launchpad.py for tasks to queue
[2023-04-16T02:24:35.360+0000] {logging_mixin.py:137} INFO - [2023-04-16T02:24:35.359+0000] {dagbag.py:532} INFO - Filling up the DagBag from /opt/airflow/dags/dag_launchpad.py
[2023-04-16T02:24:35.491+0000] {logging_mixin.py:137} INFO - [2023-04-16T02:24:35.481+0000] {dagbag.py:341} ERROR - Failed to import: /opt/airflow/dags/dag_launchpad.py
Traceback (most recent call last):
  File "/home/airflow/.local/lib/python3.7/site-packages/airflow/models/dagbag.py", line 337, in parse
    loader.exec_module(new_module)
  File "<frozen importlib._bootstrap_external>", line 728, in exec_module
  File "<frozen importlib._bootstrap>", line 219, in _call_with_frames_removed
  File "/opt/airflow/dags/dag_launchpad.py", line 4, in <module>
    from launchpad import extract, validate, transform, load
ModuleNotFoundError: No module named 'launchpad'
[2023-04-16T02:24:35.494+0000] {processor.py:755} WARNING - No viable dags retrieved from /opt/airflow/dags/dag_launchpad.py
[2023-04-16T02:24:35.590+0000] {processor.py:175} INFO - Processing /opt/airflow/dags/dag_launchpad.py took 0.280 seconds
[2023-04-16T02:25:06.180+0000] {processor.py:153} INFO - Started process (PID=562) to work on /opt/airflow/dags/dag_launchpad.py
[2023-04-16T02:25:06.184+0000] {processor.py:743} INFO - Processing file /opt/airflow/dags/dag_launchpad.py for tasks to queue
[2023-04-16T02:25:06.190+0000] {logging_mixin.py:137} INFO - [2023-04-16T02:25:06.189+0000] {dagbag.py:532} INFO - Filling up the DagBag from /opt/airflow/dags/dag_launchpad.py
[2023-04-16T02:25:06.234+0000] {logging_mixin.py:137} INFO - [2023-04-16T02:25:06.229+0000] {dagbag.py:341} ERROR - Failed to import: /opt/airflow/dags/dag_launchpad.py
Traceback (most recent call last):
  File "/home/airflow/.local/lib/python3.7/site-packages/airflow/models/dagbag.py", line 337, in parse
    loader.exec_module(new_module)
  File "<frozen importlib._bootstrap_external>", line 728, in exec_module
  File "<frozen importlib._bootstrap>", line 219, in _call_with_frames_removed
  File "/opt/airflow/dags/dag_launchpad.py", line 4, in <module>
    from launchpad import extract, validate, transform, load
ModuleNotFoundError: No module named 'launchpad'
[2023-04-16T02:25:06.236+0000] {processor.py:755} WARNING - No viable dags retrieved from /opt/airflow/dags/dag_launchpad.py
[2023-04-16T02:25:06.304+0000] {processor.py:175} INFO - Processing /opt/airflow/dags/dag_launchpad.py took 0.131 seconds
[2023-04-16T02:25:36.944+0000] {processor.py:153} INFO - Started process (PID=589) to work on /opt/airflow/dags/dag_launchpad.py
[2023-04-16T02:25:36.948+0000] {processor.py:743} INFO - Processing file /opt/airflow/dags/dag_launchpad.py for tasks to queue
[2023-04-16T02:25:36.964+0000] {logging_mixin.py:137} INFO - [2023-04-16T02:25:36.963+0000] {dagbag.py:532} INFO - Filling up the DagBag from /opt/airflow/dags/dag_launchpad.py
[2023-04-16T02:25:37.004+0000] {logging_mixin.py:137} INFO - [2023-04-16T02:25:36.995+0000] {dagbag.py:341} ERROR - Failed to import: /opt/airflow/dags/dag_launchpad.py
Traceback (most recent call last):
  File "/home/airflow/.local/lib/python3.7/site-packages/airflow/models/dagbag.py", line 337, in parse
    loader.exec_module(new_module)
  File "<frozen importlib._bootstrap_external>", line 728, in exec_module
  File "<frozen importlib._bootstrap>", line 219, in _call_with_frames_removed
  File "/opt/airflow/dags/dag_launchpad.py", line 4, in <module>
    from launchpad import extract, validate, transform, load
ModuleNotFoundError: No module named 'launchpad'
[2023-04-16T02:25:37.024+0000] {processor.py:755} WARNING - No viable dags retrieved from /opt/airflow/dags/dag_launchpad.py
[2023-04-16T02:25:37.117+0000] {processor.py:175} INFO - Processing /opt/airflow/dags/dag_launchpad.py took 0.187 seconds
[2023-04-16T02:26:07.604+0000] {processor.py:153} INFO - Started process (PID=616) to work on /opt/airflow/dags/dag_launchpad.py
[2023-04-16T02:26:07.608+0000] {processor.py:743} INFO - Processing file /opt/airflow/dags/dag_launchpad.py for tasks to queue
[2023-04-16T02:26:07.627+0000] {logging_mixin.py:137} INFO - [2023-04-16T02:26:07.617+0000] {dagbag.py:532} INFO - Filling up the DagBag from /opt/airflow/dags/dag_launchpad.py
[2023-04-16T02:26:07.731+0000] {logging_mixin.py:137} INFO - [2023-04-16T02:26:07.669+0000] {dagbag.py:341} ERROR - Failed to import: /opt/airflow/dags/dag_launchpad.py
Traceback (most recent call last):
  File "/home/airflow/.local/lib/python3.7/site-packages/airflow/models/dagbag.py", line 337, in parse
    loader.exec_module(new_module)
  File "<frozen importlib._bootstrap_external>", line 728, in exec_module
  File "<frozen importlib._bootstrap>", line 219, in _call_with_frames_removed
  File "/opt/airflow/dags/dag_launchpad.py", line 4, in <module>
    from launchpad import extract, validate, transform, load
ModuleNotFoundError: No module named 'launchpad'
[2023-04-16T02:26:07.745+0000] {processor.py:755} WARNING - No viable dags retrieved from /opt/airflow/dags/dag_launchpad.py
[2023-04-16T02:26:07.838+0000] {processor.py:175} INFO - Processing /opt/airflow/dags/dag_launchpad.py took 0.248 seconds
[2023-04-16T02:26:38.365+0000] {processor.py:153} INFO - Started process (PID=643) to work on /opt/airflow/dags/dag_launchpad.py
[2023-04-16T02:26:38.370+0000] {processor.py:743} INFO - Processing file /opt/airflow/dags/dag_launchpad.py for tasks to queue
[2023-04-16T02:26:38.380+0000] {logging_mixin.py:137} INFO - [2023-04-16T02:26:38.379+0000] {dagbag.py:532} INFO - Filling up the DagBag from /opt/airflow/dags/dag_launchpad.py
[2023-04-16T02:26:38.435+0000] {logging_mixin.py:137} INFO - [2023-04-16T02:26:38.421+0000] {dagbag.py:341} ERROR - Failed to import: /opt/airflow/dags/dag_launchpad.py
Traceback (most recent call last):
  File "/home/airflow/.local/lib/python3.7/site-packages/airflow/models/dagbag.py", line 337, in parse
    loader.exec_module(new_module)
  File "<frozen importlib._bootstrap_external>", line 728, in exec_module
  File "<frozen importlib._bootstrap>", line 219, in _call_with_frames_removed
  File "/opt/airflow/dags/dag_launchpad.py", line 4, in <module>
    from launchpad import extract, validate, transform, load
ModuleNotFoundError: No module named 'launchpad'
[2023-04-16T02:26:38.439+0000] {processor.py:755} WARNING - No viable dags retrieved from /opt/airflow/dags/dag_launchpad.py
[2023-04-16T02:26:38.559+0000] {processor.py:175} INFO - Processing /opt/airflow/dags/dag_launchpad.py took 0.211 seconds
[2023-04-16T02:27:09.248+0000] {processor.py:153} INFO - Started process (PID=678) to work on /opt/airflow/dags/dag_launchpad.py
[2023-04-16T02:27:09.266+0000] {processor.py:743} INFO - Processing file /opt/airflow/dags/dag_launchpad.py for tasks to queue
[2023-04-16T02:27:09.275+0000] {logging_mixin.py:137} INFO - [2023-04-16T02:27:09.274+0000] {dagbag.py:532} INFO - Filling up the DagBag from /opt/airflow/dags/dag_launchpad.py
[2023-04-16T02:27:09.316+0000] {logging_mixin.py:137} INFO - [2023-04-16T02:27:09.310+0000] {dagbag.py:341} ERROR - Failed to import: /opt/airflow/dags/dag_launchpad.py
Traceback (most recent call last):
  File "/home/airflow/.local/lib/python3.7/site-packages/airflow/models/dagbag.py", line 337, in parse
    loader.exec_module(new_module)
  File "<frozen importlib._bootstrap_external>", line 728, in exec_module
  File "<frozen importlib._bootstrap>", line 219, in _call_with_frames_removed
  File "/opt/airflow/dags/dag_launchpad.py", line 4, in <module>
    from launchpad import extract, validate, transform, load
ModuleNotFoundError: No module named 'launchpad'
[2023-04-16T02:27:09.319+0000] {processor.py:755} WARNING - No viable dags retrieved from /opt/airflow/dags/dag_launchpad.py
[2023-04-16T02:27:09.377+0000] {processor.py:175} INFO - Processing /opt/airflow/dags/dag_launchpad.py took 0.143 seconds
[2023-04-16T02:27:40.090+0000] {processor.py:153} INFO - Started process (PID=704) to work on /opt/airflow/dags/dag_launchpad.py
[2023-04-16T02:27:40.116+0000] {processor.py:743} INFO - Processing file /opt/airflow/dags/dag_launchpad.py for tasks to queue
[2023-04-16T02:27:40.125+0000] {logging_mixin.py:137} INFO - [2023-04-16T02:27:40.125+0000] {dagbag.py:532} INFO - Filling up the DagBag from /opt/airflow/dags/dag_launchpad.py
[2023-04-16T02:27:40.196+0000] {logging_mixin.py:137} INFO - [2023-04-16T02:27:40.184+0000] {dagbag.py:341} ERROR - Failed to import: /opt/airflow/dags/dag_launchpad.py
Traceback (most recent call last):
  File "/home/airflow/.local/lib/python3.7/site-packages/airflow/models/dagbag.py", line 337, in parse
    loader.exec_module(new_module)
  File "<frozen importlib._bootstrap_external>", line 728, in exec_module
  File "<frozen importlib._bootstrap>", line 219, in _call_with_frames_removed
  File "/opt/airflow/dags/dag_launchpad.py", line 4, in <module>
    from launchpad import extract, validate, transform, load
ModuleNotFoundError: No module named 'launchpad'
[2023-04-16T02:27:40.205+0000] {processor.py:755} WARNING - No viable dags retrieved from /opt/airflow/dags/dag_launchpad.py
[2023-04-16T02:27:40.322+0000] {processor.py:175} INFO - Processing /opt/airflow/dags/dag_launchpad.py took 0.267 seconds
[2023-04-16T02:28:10.887+0000] {processor.py:153} INFO - Started process (PID=731) to work on /opt/airflow/dags/dag_launchpad.py
[2023-04-16T02:28:10.892+0000] {processor.py:743} INFO - Processing file /opt/airflow/dags/dag_launchpad.py for tasks to queue
[2023-04-16T02:28:10.897+0000] {logging_mixin.py:137} INFO - [2023-04-16T02:28:10.896+0000] {dagbag.py:532} INFO - Filling up the DagBag from /opt/airflow/dags/dag_launchpad.py
[2023-04-16T02:28:10.967+0000] {logging_mixin.py:137} INFO - [2023-04-16T02:28:10.956+0000] {dagbag.py:341} ERROR - Failed to import: /opt/airflow/dags/dag_launchpad.py
Traceback (most recent call last):
  File "/home/airflow/.local/lib/python3.7/site-packages/airflow/models/dagbag.py", line 337, in parse
    loader.exec_module(new_module)
  File "<frozen importlib._bootstrap_external>", line 728, in exec_module
  File "<frozen importlib._bootstrap>", line 219, in _call_with_frames_removed
  File "/opt/airflow/dags/dag_launchpad.py", line 4, in <module>
    from launchpad import extract, validate, transform, load
ModuleNotFoundError: No module named 'launchpad'
[2023-04-16T02:28:10.974+0000] {processor.py:755} WARNING - No viable dags retrieved from /opt/airflow/dags/dag_launchpad.py
[2023-04-16T02:28:11.114+0000] {processor.py:175} INFO - Processing /opt/airflow/dags/dag_launchpad.py took 0.248 seconds
[2023-04-16T02:28:42.088+0000] {processor.py:153} INFO - Started process (PID=759) to work on /opt/airflow/dags/dag_launchpad.py
[2023-04-16T02:28:42.093+0000] {processor.py:743} INFO - Processing file /opt/airflow/dags/dag_launchpad.py for tasks to queue
[2023-04-16T02:28:42.099+0000] {logging_mixin.py:137} INFO - [2023-04-16T02:28:42.097+0000] {dagbag.py:532} INFO - Filling up the DagBag from /opt/airflow/dags/dag_launchpad.py
[2023-04-16T02:28:42.137+0000] {logging_mixin.py:137} INFO - [2023-04-16T02:28:42.130+0000] {dagbag.py:341} ERROR - Failed to import: /opt/airflow/dags/dag_launchpad.py
Traceback (most recent call last):
  File "/home/airflow/.local/lib/python3.7/site-packages/airflow/models/dagbag.py", line 337, in parse
    loader.exec_module(new_module)
  File "<frozen importlib._bootstrap_external>", line 728, in exec_module
  File "<frozen importlib._bootstrap>", line 219, in _call_with_frames_removed
  File "/opt/airflow/dags/dag_launchpad.py", line 4, in <module>
    from launchpad import extract, validate, transform, load
ModuleNotFoundError: No module named 'launchpad'
[2023-04-16T02:28:42.143+0000] {processor.py:755} WARNING - No viable dags retrieved from /opt/airflow/dags/dag_launchpad.py
[2023-04-16T02:28:42.226+0000] {processor.py:175} INFO - Processing /opt/airflow/dags/dag_launchpad.py took 0.149 seconds
[2023-04-16T02:29:13.055+0000] {processor.py:153} INFO - Started process (PID=787) to work on /opt/airflow/dags/dag_launchpad.py
[2023-04-16T02:29:13.060+0000] {processor.py:743} INFO - Processing file /opt/airflow/dags/dag_launchpad.py for tasks to queue
[2023-04-16T02:29:13.064+0000] {logging_mixin.py:137} INFO - [2023-04-16T02:29:13.064+0000] {dagbag.py:532} INFO - Filling up the DagBag from /opt/airflow/dags/dag_launchpad.py
[2023-04-16T02:29:13.118+0000] {logging_mixin.py:137} INFO - [2023-04-16T02:29:13.108+0000] {dagbag.py:341} ERROR - Failed to import: /opt/airflow/dags/dag_launchpad.py
Traceback (most recent call last):
  File "/home/airflow/.local/lib/python3.7/site-packages/airflow/models/dagbag.py", line 337, in parse
    loader.exec_module(new_module)
  File "<frozen importlib._bootstrap_external>", line 728, in exec_module
  File "<frozen importlib._bootstrap>", line 219, in _call_with_frames_removed
  File "/opt/airflow/dags/dag_launchpad.py", line 4, in <module>
    from launchpad import extract, validate, transform, load
ModuleNotFoundError: No module named 'launchpad'
[2023-04-16T02:29:13.127+0000] {processor.py:755} WARNING - No viable dags retrieved from /opt/airflow/dags/dag_launchpad.py
[2023-04-16T02:29:13.204+0000] {processor.py:175} INFO - Processing /opt/airflow/dags/dag_launchpad.py took 0.163 seconds
[2023-04-16T02:29:43.792+0000] {processor.py:153} INFO - Started process (PID=814) to work on /opt/airflow/dags/dag_launchpad.py
[2023-04-16T02:29:43.802+0000] {processor.py:743} INFO - Processing file /opt/airflow/dags/dag_launchpad.py for tasks to queue
[2023-04-16T02:29:43.819+0000] {logging_mixin.py:137} INFO - [2023-04-16T02:29:43.817+0000] {dagbag.py:532} INFO - Filling up the DagBag from /opt/airflow/dags/dag_launchpad.py
[2023-04-16T02:29:43.887+0000] {logging_mixin.py:137} INFO - [2023-04-16T02:29:43.882+0000] {dagbag.py:341} ERROR - Failed to import: /opt/airflow/dags/dag_launchpad.py
Traceback (most recent call last):
  File "/home/airflow/.local/lib/python3.7/site-packages/airflow/models/dagbag.py", line 337, in parse
    loader.exec_module(new_module)
  File "<frozen importlib._bootstrap_external>", line 728, in exec_module
  File "<frozen importlib._bootstrap>", line 219, in _call_with_frames_removed
  File "/opt/airflow/dags/dag_launchpad.py", line 4, in <module>
    from launchpad import extract, validate, transform, load
ModuleNotFoundError: No module named 'launchpad'
[2023-04-16T02:29:43.889+0000] {processor.py:755} WARNING - No viable dags retrieved from /opt/airflow/dags/dag_launchpad.py
[2023-04-16T02:29:44.008+0000] {processor.py:175} INFO - Processing /opt/airflow/dags/dag_launchpad.py took 0.231 seconds
[2023-04-16T02:30:14.589+0000] {processor.py:153} INFO - Started process (PID=841) to work on /opt/airflow/dags/dag_launchpad.py
[2023-04-16T02:30:14.592+0000] {processor.py:743} INFO - Processing file /opt/airflow/dags/dag_launchpad.py for tasks to queue
[2023-04-16T02:30:14.596+0000] {logging_mixin.py:137} INFO - [2023-04-16T02:30:14.596+0000] {dagbag.py:532} INFO - Filling up the DagBag from /opt/airflow/dags/dag_launchpad.py
[2023-04-16T02:30:14.632+0000] {logging_mixin.py:137} INFO - [2023-04-16T02:30:14.627+0000] {dagbag.py:341} ERROR - Failed to import: /opt/airflow/dags/dag_launchpad.py
Traceback (most recent call last):
  File "/home/airflow/.local/lib/python3.7/site-packages/airflow/models/dagbag.py", line 337, in parse
    loader.exec_module(new_module)
  File "<frozen importlib._bootstrap_external>", line 728, in exec_module
  File "<frozen importlib._bootstrap>", line 219, in _call_with_frames_removed
  File "/opt/airflow/dags/dag_launchpad.py", line 4, in <module>
    from launchpad import extract, validate, transform, load
ModuleNotFoundError: No module named 'launchpad'
[2023-04-16T02:30:14.637+0000] {processor.py:755} WARNING - No viable dags retrieved from /opt/airflow/dags/dag_launchpad.py
[2023-04-16T02:30:14.696+0000] {processor.py:175} INFO - Processing /opt/airflow/dags/dag_launchpad.py took 0.121 seconds
[2023-04-16T02:30:45.227+0000] {processor.py:153} INFO - Started process (PID=868) to work on /opt/airflow/dags/dag_launchpad.py
[2023-04-16T02:30:45.230+0000] {processor.py:743} INFO - Processing file /opt/airflow/dags/dag_launchpad.py for tasks to queue
[2023-04-16T02:30:45.234+0000] {logging_mixin.py:137} INFO - [2023-04-16T02:30:45.233+0000] {dagbag.py:532} INFO - Filling up the DagBag from /opt/airflow/dags/dag_launchpad.py
[2023-04-16T02:30:45.271+0000] {logging_mixin.py:137} INFO - [2023-04-16T02:30:45.265+0000] {dagbag.py:341} ERROR - Failed to import: /opt/airflow/dags/dag_launchpad.py
Traceback (most recent call last):
  File "/home/airflow/.local/lib/python3.7/site-packages/airflow/models/dagbag.py", line 337, in parse
    loader.exec_module(new_module)
  File "<frozen importlib._bootstrap_external>", line 728, in exec_module
  File "<frozen importlib._bootstrap>", line 219, in _call_with_frames_removed
  File "/opt/airflow/dags/dag_launchpad.py", line 4, in <module>
    from launchpad import extract, validate, transform, load
ModuleNotFoundError: No module named 'launchpad'
[2023-04-16T02:30:45.274+0000] {processor.py:755} WARNING - No viable dags retrieved from /opt/airflow/dags/dag_launchpad.py
[2023-04-16T02:30:45.359+0000] {processor.py:175} INFO - Processing /opt/airflow/dags/dag_launchpad.py took 0.149 seconds
[2023-04-16T02:31:15.787+0000] {processor.py:153} INFO - Started process (PID=895) to work on /opt/airflow/dags/dag_launchpad.py
[2023-04-16T02:31:15.791+0000] {processor.py:743} INFO - Processing file /opt/airflow/dags/dag_launchpad.py for tasks to queue
[2023-04-16T02:31:15.795+0000] {logging_mixin.py:137} INFO - [2023-04-16T02:31:15.795+0000] {dagbag.py:532} INFO - Filling up the DagBag from /opt/airflow/dags/dag_launchpad.py
[2023-04-16T02:31:15.845+0000] {logging_mixin.py:137} INFO - [2023-04-16T02:31:15.838+0000] {dagbag.py:341} ERROR - Failed to import: /opt/airflow/dags/dag_launchpad.py
Traceback (most recent call last):
  File "/home/airflow/.local/lib/python3.7/site-packages/airflow/models/dagbag.py", line 337, in parse
    loader.exec_module(new_module)
  File "<frozen importlib._bootstrap_external>", line 728, in exec_module
  File "<frozen importlib._bootstrap>", line 219, in _call_with_frames_removed
  File "/opt/airflow/dags/dag_launchpad.py", line 4, in <module>
    from launchpad import extract, validate, transform, load
ModuleNotFoundError: No module named 'launchpad'
[2023-04-16T02:31:15.850+0000] {processor.py:755} WARNING - No viable dags retrieved from /opt/airflow/dags/dag_launchpad.py
[2023-04-16T02:31:15.910+0000] {processor.py:175} INFO - Processing /opt/airflow/dags/dag_launchpad.py took 0.130 seconds
[2023-04-16T02:31:46.399+0000] {processor.py:153} INFO - Started process (PID=922) to work on /opt/airflow/dags/dag_launchpad.py
[2023-04-16T02:31:46.403+0000] {processor.py:743} INFO - Processing file /opt/airflow/dags/dag_launchpad.py for tasks to queue
[2023-04-16T02:31:46.407+0000] {logging_mixin.py:137} INFO - [2023-04-16T02:31:46.407+0000] {dagbag.py:532} INFO - Filling up the DagBag from /opt/airflow/dags/dag_launchpad.py
[2023-04-16T02:31:46.458+0000] {logging_mixin.py:137} INFO - [2023-04-16T02:31:46.444+0000] {dagbag.py:341} ERROR - Failed to import: /opt/airflow/dags/dag_launchpad.py
Traceback (most recent call last):
  File "/home/airflow/.local/lib/python3.7/site-packages/airflow/models/dagbag.py", line 337, in parse
    loader.exec_module(new_module)
  File "<frozen importlib._bootstrap_external>", line 728, in exec_module
  File "<frozen importlib._bootstrap>", line 219, in _call_with_frames_removed
  File "/opt/airflow/dags/dag_launchpad.py", line 4, in <module>
    from launchpad import extract, validate, transform, load
ModuleNotFoundError: No module named 'launchpad'
[2023-04-16T02:31:46.460+0000] {processor.py:755} WARNING - No viable dags retrieved from /opt/airflow/dags/dag_launchpad.py
[2023-04-16T02:31:46.527+0000] {processor.py:175} INFO - Processing /opt/airflow/dags/dag_launchpad.py took 0.138 seconds
[2023-04-16T02:32:17.002+0000] {processor.py:153} INFO - Started process (PID=949) to work on /opt/airflow/dags/dag_launchpad.py
[2023-04-16T02:32:17.016+0000] {processor.py:743} INFO - Processing file /opt/airflow/dags/dag_launchpad.py for tasks to queue
[2023-04-16T02:32:17.021+0000] {logging_mixin.py:137} INFO - [2023-04-16T02:32:17.020+0000] {dagbag.py:532} INFO - Filling up the DagBag from /opt/airflow/dags/dag_launchpad.py
[2023-04-16T02:32:17.057+0000] {logging_mixin.py:137} INFO - [2023-04-16T02:32:17.051+0000] {dagbag.py:341} ERROR - Failed to import: /opt/airflow/dags/dag_launchpad.py
Traceback (most recent call last):
  File "/home/airflow/.local/lib/python3.7/site-packages/airflow/models/dagbag.py", line 337, in parse
    loader.exec_module(new_module)
  File "<frozen importlib._bootstrap_external>", line 728, in exec_module
  File "<frozen importlib._bootstrap>", line 219, in _call_with_frames_removed
  File "/opt/airflow/dags/dag_launchpad.py", line 4, in <module>
    from launchpad import extract, validate, transform, load
ModuleNotFoundError: No module named 'launchpad'
[2023-04-16T02:32:17.060+0000] {processor.py:755} WARNING - No viable dags retrieved from /opt/airflow/dags/dag_launchpad.py
[2023-04-16T02:32:17.127+0000] {processor.py:175} INFO - Processing /opt/airflow/dags/dag_launchpad.py took 0.133 seconds
[2023-04-16T02:32:47.589+0000] {processor.py:153} INFO - Started process (PID=976) to work on /opt/airflow/dags/dag_launchpad.py
[2023-04-16T02:32:47.593+0000] {processor.py:743} INFO - Processing file /opt/airflow/dags/dag_launchpad.py for tasks to queue
[2023-04-16T02:32:47.597+0000] {logging_mixin.py:137} INFO - [2023-04-16T02:32:47.597+0000] {dagbag.py:532} INFO - Filling up the DagBag from /opt/airflow/dags/dag_launchpad.py
[2023-04-16T02:32:47.626+0000] {logging_mixin.py:137} INFO - [2023-04-16T02:32:47.621+0000] {dagbag.py:341} ERROR - Failed to import: /opt/airflow/dags/dag_launchpad.py
Traceback (most recent call last):
  File "/home/airflow/.local/lib/python3.7/site-packages/airflow/models/dagbag.py", line 337, in parse
    loader.exec_module(new_module)
  File "<frozen importlib._bootstrap_external>", line 728, in exec_module
  File "<frozen importlib._bootstrap>", line 219, in _call_with_frames_removed
  File "/opt/airflow/dags/dag_launchpad.py", line 4, in <module>
    from launchpad import extract, validate, transform, load
ModuleNotFoundError: No module named 'launchpad'
[2023-04-16T02:32:47.628+0000] {processor.py:755} WARNING - No viable dags retrieved from /opt/airflow/dags/dag_launchpad.py
[2023-04-16T02:32:47.692+0000] {processor.py:175} INFO - Processing /opt/airflow/dags/dag_launchpad.py took 0.111 seconds
[2023-04-16T02:33:18.245+0000] {processor.py:153} INFO - Started process (PID=1004) to work on /opt/airflow/dags/dag_launchpad.py
[2023-04-16T02:33:18.253+0000] {processor.py:743} INFO - Processing file /opt/airflow/dags/dag_launchpad.py for tasks to queue
[2023-04-16T02:33:18.257+0000] {logging_mixin.py:137} INFO - [2023-04-16T02:33:18.257+0000] {dagbag.py:532} INFO - Filling up the DagBag from /opt/airflow/dags/dag_launchpad.py
[2023-04-16T02:33:18.291+0000] {logging_mixin.py:137} INFO - [2023-04-16T02:33:18.283+0000] {dagbag.py:341} ERROR - Failed to import: /opt/airflow/dags/dag_launchpad.py
Traceback (most recent call last):
  File "/home/airflow/.local/lib/python3.7/site-packages/airflow/models/dagbag.py", line 337, in parse
    loader.exec_module(new_module)
  File "<frozen importlib._bootstrap_external>", line 728, in exec_module
  File "<frozen importlib._bootstrap>", line 219, in _call_with_frames_removed
  File "/opt/airflow/dags/dag_launchpad.py", line 4, in <module>
    from launchpad import extract, validate, transform, load
ModuleNotFoundError: No module named 'launchpad'
[2023-04-16T02:33:18.294+0000] {processor.py:755} WARNING - No viable dags retrieved from /opt/airflow/dags/dag_launchpad.py
[2023-04-16T02:33:18.354+0000] {processor.py:175} INFO - Processing /opt/airflow/dags/dag_launchpad.py took 0.118 seconds
[2023-04-16T02:33:48.877+0000] {processor.py:153} INFO - Started process (PID=1031) to work on /opt/airflow/dags/dag_launchpad.py
[2023-04-16T02:33:48.880+0000] {processor.py:743} INFO - Processing file /opt/airflow/dags/dag_launchpad.py for tasks to queue
[2023-04-16T02:33:48.885+0000] {logging_mixin.py:137} INFO - [2023-04-16T02:33:48.884+0000] {dagbag.py:532} INFO - Filling up the DagBag from /opt/airflow/dags/dag_launchpad.py
[2023-04-16T02:33:48.923+0000] {logging_mixin.py:137} INFO - [2023-04-16T02:33:48.918+0000] {dagbag.py:341} ERROR - Failed to import: /opt/airflow/dags/dag_launchpad.py
Traceback (most recent call last):
  File "/home/airflow/.local/lib/python3.7/site-packages/airflow/models/dagbag.py", line 337, in parse
    loader.exec_module(new_module)
  File "<frozen importlib._bootstrap_external>", line 728, in exec_module
  File "<frozen importlib._bootstrap>", line 219, in _call_with_frames_removed
  File "/opt/airflow/dags/dag_launchpad.py", line 4, in <module>
    from launchpad import extract, validate, transform, load
ModuleNotFoundError: No module named 'launchpad'
[2023-04-16T02:33:48.926+0000] {processor.py:755} WARNING - No viable dags retrieved from /opt/airflow/dags/dag_launchpad.py
[2023-04-16T02:33:49.007+0000] {processor.py:175} INFO - Processing /opt/airflow/dags/dag_launchpad.py took 0.137 seconds
[2023-04-16T02:34:19.581+0000] {processor.py:153} INFO - Started process (PID=1059) to work on /opt/airflow/dags/dag_launchpad.py
[2023-04-16T02:34:19.589+0000] {processor.py:743} INFO - Processing file /opt/airflow/dags/dag_launchpad.py for tasks to queue
[2023-04-16T02:34:19.593+0000] {logging_mixin.py:137} INFO - [2023-04-16T02:34:19.593+0000] {dagbag.py:532} INFO - Filling up the DagBag from /opt/airflow/dags/dag_launchpad.py
[2023-04-16T02:34:19.631+0000] {logging_mixin.py:137} INFO - [2023-04-16T02:34:19.624+0000] {dagbag.py:341} ERROR - Failed to import: /opt/airflow/dags/dag_launchpad.py
Traceback (most recent call last):
  File "/home/airflow/.local/lib/python3.7/site-packages/airflow/models/dagbag.py", line 337, in parse
    loader.exec_module(new_module)
  File "<frozen importlib._bootstrap_external>", line 728, in exec_module
  File "<frozen importlib._bootstrap>", line 219, in _call_with_frames_removed
  File "/opt/airflow/dags/dag_launchpad.py", line 4, in <module>
    from launchpad import extract, validate, transform, load
ModuleNotFoundError: No module named 'launchpad'
[2023-04-16T02:34:19.639+0000] {processor.py:755} WARNING - No viable dags retrieved from /opt/airflow/dags/dag_launchpad.py
[2023-04-16T02:34:19.734+0000] {processor.py:175} INFO - Processing /opt/airflow/dags/dag_launchpad.py took 0.175 seconds
[2023-04-16T04:07:51.181+0000] {processor.py:153} INFO - Started process (PID=166) to work on /opt/airflow/dags/dag_launchpad.py
[2023-04-16T04:07:51.201+0000] {processor.py:743} INFO - Processing file /opt/airflow/dags/dag_launchpad.py for tasks to queue
[2023-04-16T04:07:51.215+0000] {logging_mixin.py:137} INFO - [2023-04-16T04:07:51.213+0000] {dagbag.py:532} INFO - Filling up the DagBag from /opt/airflow/dags/dag_launchpad.py
[2023-04-16T04:07:51.478+0000] {logging_mixin.py:137} INFO - [2023-04-16T04:07:51.459+0000] {dagbag.py:341} ERROR - Failed to import: /opt/airflow/dags/dag_launchpad.py
Traceback (most recent call last):
  File "/home/airflow/.local/lib/python3.7/site-packages/airflow/models/dagbag.py", line 337, in parse
    loader.exec_module(new_module)
  File "<frozen importlib._bootstrap_external>", line 728, in exec_module
  File "<frozen importlib._bootstrap>", line 219, in _call_with_frames_removed
  File "/opt/airflow/dags/dag_launchpad.py", line 4, in <module>
    from launchpad import extract, validate, transform, load
ModuleNotFoundError: No module named 'launchpad'
[2023-04-16T04:07:51.483+0000] {processor.py:755} WARNING - No viable dags retrieved from /opt/airflow/dags/dag_launchpad.py
[2023-04-16T04:07:51.689+0000] {processor.py:175} INFO - Processing /opt/airflow/dags/dag_launchpad.py took 0.571 seconds
[2023-04-16T04:08:21.922+0000] {processor.py:153} INFO - Started process (PID=196) to work on /opt/airflow/dags/dag_launchpad.py
[2023-04-16T04:08:21.928+0000] {processor.py:743} INFO - Processing file /opt/airflow/dags/dag_launchpad.py for tasks to queue
[2023-04-16T04:08:21.935+0000] {logging_mixin.py:137} INFO - [2023-04-16T04:08:21.934+0000] {dagbag.py:532} INFO - Filling up the DagBag from /opt/airflow/dags/dag_launchpad.py
[2023-04-16T04:08:21.993+0000] {logging_mixin.py:137} INFO - [2023-04-16T04:08:21.980+0000] {dagbag.py:341} ERROR - Failed to import: /opt/airflow/dags/dag_launchpad.py
Traceback (most recent call last):
  File "/home/airflow/.local/lib/python3.7/site-packages/airflow/models/dagbag.py", line 337, in parse
    loader.exec_module(new_module)
  File "<frozen importlib._bootstrap_external>", line 728, in exec_module
  File "<frozen importlib._bootstrap>", line 219, in _call_with_frames_removed
  File "/opt/airflow/dags/dag_launchpad.py", line 4, in <module>
    from launchpad import extract, validate, transform, load
ModuleNotFoundError: No module named 'launchpad'
[2023-04-16T04:08:21.996+0000] {processor.py:755} WARNING - No viable dags retrieved from /opt/airflow/dags/dag_launchpad.py
[2023-04-16T04:08:22.061+0000] {processor.py:175} INFO - Processing /opt/airflow/dags/dag_launchpad.py took 0.165 seconds
[2023-04-16T04:08:52.626+0000] {processor.py:153} INFO - Started process (PID=222) to work on /opt/airflow/dags/dag_launchpad.py
[2023-04-16T04:08:52.633+0000] {processor.py:743} INFO - Processing file /opt/airflow/dags/dag_launchpad.py for tasks to queue
[2023-04-16T04:08:52.639+0000] {logging_mixin.py:137} INFO - [2023-04-16T04:08:52.639+0000] {dagbag.py:532} INFO - Filling up the DagBag from /opt/airflow/dags/dag_launchpad.py
[2023-04-16T04:08:52.699+0000] {logging_mixin.py:137} INFO - [2023-04-16T04:08:52.690+0000] {dagbag.py:341} ERROR - Failed to import: /opt/airflow/dags/dag_launchpad.py
Traceback (most recent call last):
  File "/home/airflow/.local/lib/python3.7/site-packages/airflow/models/dagbag.py", line 337, in parse
    loader.exec_module(new_module)
  File "<frozen importlib._bootstrap_external>", line 728, in exec_module
  File "<frozen importlib._bootstrap>", line 219, in _call_with_frames_removed
  File "/opt/airflow/dags/dag_launchpad.py", line 4, in <module>
    from launchpad import extract, validate, transform, load
ModuleNotFoundError: No module named 'launchpad'
[2023-04-16T04:08:52.711+0000] {processor.py:755} WARNING - No viable dags retrieved from /opt/airflow/dags/dag_launchpad.py
[2023-04-16T04:08:52.805+0000] {processor.py:175} INFO - Processing /opt/airflow/dags/dag_launchpad.py took 0.203 seconds
[2023-04-16T04:09:23.297+0000] {processor.py:153} INFO - Started process (PID=249) to work on /opt/airflow/dags/dag_launchpad.py
[2023-04-16T04:09:23.301+0000] {processor.py:743} INFO - Processing file /opt/airflow/dags/dag_launchpad.py for tasks to queue
[2023-04-16T04:09:23.305+0000] {logging_mixin.py:137} INFO - [2023-04-16T04:09:23.305+0000] {dagbag.py:532} INFO - Filling up the DagBag from /opt/airflow/dags/dag_launchpad.py
[2023-04-16T04:09:23.394+0000] {logging_mixin.py:137} INFO - [2023-04-16T04:09:23.375+0000] {dagbag.py:341} ERROR - Failed to import: /opt/airflow/dags/dag_launchpad.py
Traceback (most recent call last):
  File "/home/airflow/.local/lib/python3.7/site-packages/airflow/models/dagbag.py", line 337, in parse
    loader.exec_module(new_module)
  File "<frozen importlib._bootstrap_external>", line 728, in exec_module
  File "<frozen importlib._bootstrap>", line 219, in _call_with_frames_removed
  File "/opt/airflow/dags/dag_launchpad.py", line 4, in <module>
    from launchpad import extract, validate, transform, load
ModuleNotFoundError: No module named 'launchpad'
[2023-04-16T04:09:23.401+0000] {processor.py:755} WARNING - No viable dags retrieved from /opt/airflow/dags/dag_launchpad.py
[2023-04-16T04:09:23.466+0000] {processor.py:175} INFO - Processing /opt/airflow/dags/dag_launchpad.py took 0.194 seconds
[2023-04-16T04:09:54.052+0000] {processor.py:153} INFO - Started process (PID=276) to work on /opt/airflow/dags/dag_launchpad.py
[2023-04-16T04:09:54.094+0000] {processor.py:743} INFO - Processing file /opt/airflow/dags/dag_launchpad.py for tasks to queue
[2023-04-16T04:09:54.137+0000] {logging_mixin.py:137} INFO - [2023-04-16T04:09:54.136+0000] {dagbag.py:532} INFO - Filling up the DagBag from /opt/airflow/dags/dag_launchpad.py
[2023-04-16T04:09:54.195+0000] {logging_mixin.py:137} INFO - [2023-04-16T04:09:54.186+0000] {dagbag.py:341} ERROR - Failed to import: /opt/airflow/dags/dag_launchpad.py
Traceback (most recent call last):
  File "/home/airflow/.local/lib/python3.7/site-packages/airflow/models/dagbag.py", line 337, in parse
    loader.exec_module(new_module)
  File "<frozen importlib._bootstrap_external>", line 728, in exec_module
  File "<frozen importlib._bootstrap>", line 219, in _call_with_frames_removed
  File "/opt/airflow/dags/dag_launchpad.py", line 4, in <module>
    from launchpad import extract, validate, transform, load
ModuleNotFoundError: No module named 'launchpad'
[2023-04-16T04:09:54.202+0000] {processor.py:755} WARNING - No viable dags retrieved from /opt/airflow/dags/dag_launchpad.py
[2023-04-16T04:09:54.287+0000] {processor.py:175} INFO - Processing /opt/airflow/dags/dag_launchpad.py took 0.264 seconds
[2023-04-16T04:10:24.558+0000] {processor.py:153} INFO - Started process (PID=303) to work on /opt/airflow/dags/dag_launchpad.py
[2023-04-16T04:10:24.562+0000] {processor.py:743} INFO - Processing file /opt/airflow/dags/dag_launchpad.py for tasks to queue
[2023-04-16T04:10:24.564+0000] {logging_mixin.py:137} INFO - [2023-04-16T04:10:24.564+0000] {dagbag.py:532} INFO - Filling up the DagBag from /opt/airflow/dags/dag_launchpad.py
[2023-04-16T04:10:24.589+0000] {logging_mixin.py:137} INFO - [2023-04-16T04:10:24.584+0000] {dagbag.py:341} ERROR - Failed to import: /opt/airflow/dags/dag_launchpad.py
Traceback (most recent call last):
  File "/home/airflow/.local/lib/python3.7/site-packages/airflow/models/dagbag.py", line 337, in parse
    loader.exec_module(new_module)
  File "<frozen importlib._bootstrap_external>", line 728, in exec_module
  File "<frozen importlib._bootstrap>", line 219, in _call_with_frames_removed
  File "/opt/airflow/dags/dag_launchpad.py", line 4, in <module>
    from launchpad import extract, validate, transform, load
ModuleNotFoundError: No module named 'launchpad'
[2023-04-16T04:10:24.594+0000] {processor.py:755} WARNING - No viable dags retrieved from /opt/airflow/dags/dag_launchpad.py
[2023-04-16T04:10:24.639+0000] {processor.py:175} INFO - Processing /opt/airflow/dags/dag_launchpad.py took 0.092 seconds
[2023-04-16T04:10:55.177+0000] {processor.py:153} INFO - Started process (PID=330) to work on /opt/airflow/dags/dag_launchpad.py
[2023-04-16T04:10:55.182+0000] {processor.py:743} INFO - Processing file /opt/airflow/dags/dag_launchpad.py for tasks to queue
[2023-04-16T04:10:55.186+0000] {logging_mixin.py:137} INFO - [2023-04-16T04:10:55.185+0000] {dagbag.py:532} INFO - Filling up the DagBag from /opt/airflow/dags/dag_launchpad.py
[2023-04-16T04:10:55.226+0000] {logging_mixin.py:137} INFO - [2023-04-16T04:10:55.220+0000] {dagbag.py:341} ERROR - Failed to import: /opt/airflow/dags/dag_launchpad.py
Traceback (most recent call last):
  File "/home/airflow/.local/lib/python3.7/site-packages/airflow/models/dagbag.py", line 337, in parse
    loader.exec_module(new_module)
  File "<frozen importlib._bootstrap_external>", line 728, in exec_module
  File "<frozen importlib._bootstrap>", line 219, in _call_with_frames_removed
  File "/opt/airflow/dags/dag_launchpad.py", line 4, in <module>
    from launchpad import extract, validate, transform, load
ModuleNotFoundError: No module named 'launchpad'
[2023-04-16T04:10:55.228+0000] {processor.py:755} WARNING - No viable dags retrieved from /opt/airflow/dags/dag_launchpad.py
[2023-04-16T04:10:55.294+0000] {processor.py:175} INFO - Processing /opt/airflow/dags/dag_launchpad.py took 0.135 seconds
[2023-04-16T04:11:25.622+0000] {processor.py:153} INFO - Started process (PID=358) to work on /opt/airflow/dags/dag_launchpad.py
[2023-04-16T04:11:25.625+0000] {processor.py:743} INFO - Processing file /opt/airflow/dags/dag_launchpad.py for tasks to queue
[2023-04-16T04:11:25.629+0000] {logging_mixin.py:137} INFO - [2023-04-16T04:11:25.629+0000] {dagbag.py:532} INFO - Filling up the DagBag from /opt/airflow/dags/dag_launchpad.py
[2023-04-16T04:11:25.658+0000] {logging_mixin.py:137} INFO - [2023-04-16T04:11:25.654+0000] {dagbag.py:341} ERROR - Failed to import: /opt/airflow/dags/dag_launchpad.py
Traceback (most recent call last):
  File "/home/airflow/.local/lib/python3.7/site-packages/airflow/models/dagbag.py", line 337, in parse
    loader.exec_module(new_module)
  File "<frozen importlib._bootstrap_external>", line 728, in exec_module
  File "<frozen importlib._bootstrap>", line 219, in _call_with_frames_removed
  File "/opt/airflow/dags/dag_launchpad.py", line 4, in <module>
    from launchpad import extract, validate, transform, load
ModuleNotFoundError: No module named 'launchpad'
[2023-04-16T04:11:25.661+0000] {processor.py:755} WARNING - No viable dags retrieved from /opt/airflow/dags/dag_launchpad.py
[2023-04-16T04:11:25.702+0000] {processor.py:175} INFO - Processing /opt/airflow/dags/dag_launchpad.py took 0.092 seconds
[2023-04-16T04:11:56.430+0000] {processor.py:153} INFO - Started process (PID=385) to work on /opt/airflow/dags/dag_launchpad.py
[2023-04-16T04:11:56.437+0000] {processor.py:743} INFO - Processing file /opt/airflow/dags/dag_launchpad.py for tasks to queue
[2023-04-16T04:11:56.445+0000] {logging_mixin.py:137} INFO - [2023-04-16T04:11:56.444+0000] {dagbag.py:532} INFO - Filling up the DagBag from /opt/airflow/dags/dag_launchpad.py
[2023-04-16T04:11:56.506+0000] {logging_mixin.py:137} INFO - [2023-04-16T04:11:56.498+0000] {dagbag.py:341} ERROR - Failed to import: /opt/airflow/dags/dag_launchpad.py
Traceback (most recent call last):
  File "/home/airflow/.local/lib/python3.7/site-packages/airflow/models/dagbag.py", line 337, in parse
    loader.exec_module(new_module)
  File "<frozen importlib._bootstrap_external>", line 728, in exec_module
  File "<frozen importlib._bootstrap>", line 219, in _call_with_frames_removed
  File "/opt/airflow/dags/dag_launchpad.py", line 4, in <module>
    from launchpad import extract, validate, transform, load
ModuleNotFoundError: No module named 'launchpad'
[2023-04-16T04:11:56.514+0000] {processor.py:755} WARNING - No viable dags retrieved from /opt/airflow/dags/dag_launchpad.py
[2023-04-16T04:11:56.575+0000] {processor.py:175} INFO - Processing /opt/airflow/dags/dag_launchpad.py took 0.160 seconds
[2023-04-16T04:12:27.105+0000] {processor.py:153} INFO - Started process (PID=412) to work on /opt/airflow/dags/dag_launchpad.py
[2023-04-16T04:12:27.109+0000] {processor.py:743} INFO - Processing file /opt/airflow/dags/dag_launchpad.py for tasks to queue
[2023-04-16T04:12:27.114+0000] {logging_mixin.py:137} INFO - [2023-04-16T04:12:27.112+0000] {dagbag.py:532} INFO - Filling up the DagBag from /opt/airflow/dags/dag_launchpad.py
[2023-04-16T04:12:27.139+0000] {logging_mixin.py:137} INFO - [2023-04-16T04:12:27.133+0000] {dagbag.py:341} ERROR - Failed to import: /opt/airflow/dags/dag_launchpad.py
Traceback (most recent call last):
  File "/home/airflow/.local/lib/python3.7/site-packages/airflow/models/dagbag.py", line 337, in parse
    loader.exec_module(new_module)
  File "<frozen importlib._bootstrap_external>", line 728, in exec_module
  File "<frozen importlib._bootstrap>", line 219, in _call_with_frames_removed
  File "/opt/airflow/dags/dag_launchpad.py", line 4, in <module>
    from launchpad import extract, validate, transform, load
ModuleNotFoundError: No module named 'launchpad'
[2023-04-16T04:12:27.148+0000] {processor.py:755} WARNING - No viable dags retrieved from /opt/airflow/dags/dag_launchpad.py
[2023-04-16T04:12:27.199+0000] {processor.py:175} INFO - Processing /opt/airflow/dags/dag_launchpad.py took 0.106 seconds
[2023-04-16T04:12:58.388+0000] {processor.py:153} INFO - Started process (PID=444) to work on /opt/airflow/dags/dag_launchpad.py
[2023-04-16T04:12:58.404+0000] {processor.py:743} INFO - Processing file /opt/airflow/dags/dag_launchpad.py for tasks to queue
[2023-04-16T04:12:58.412+0000] {logging_mixin.py:137} INFO - [2023-04-16T04:12:58.412+0000] {dagbag.py:532} INFO - Filling up the DagBag from /opt/airflow/dags/dag_launchpad.py
[2023-04-16T04:12:58.517+0000] {logging_mixin.py:137} INFO - [2023-04-16T04:12:58.498+0000] {dagbag.py:341} ERROR - Failed to import: /opt/airflow/dags/dag_launchpad.py
Traceback (most recent call last):
  File "/home/airflow/.local/lib/python3.7/site-packages/airflow/models/dagbag.py", line 337, in parse
    loader.exec_module(new_module)
  File "<frozen importlib._bootstrap_external>", line 728, in exec_module
  File "<frozen importlib._bootstrap>", line 219, in _call_with_frames_removed
  File "/opt/airflow/dags/dag_launchpad.py", line 4, in <module>
    from launchpad import extract, validate, transform, load
ModuleNotFoundError: No module named 'launchpad'
[2023-04-16T04:12:58.526+0000] {processor.py:755} WARNING - No viable dags retrieved from /opt/airflow/dags/dag_launchpad.py
[2023-04-16T04:12:58.861+0000] {processor.py:175} INFO - Processing /opt/airflow/dags/dag_launchpad.py took 0.551 seconds
[2023-04-16T04:13:29.754+0000] {processor.py:153} INFO - Started process (PID=473) to work on /opt/airflow/dags/dag_launchpad.py
[2023-04-16T04:13:29.757+0000] {processor.py:743} INFO - Processing file /opt/airflow/dags/dag_launchpad.py for tasks to queue
[2023-04-16T04:13:29.762+0000] {logging_mixin.py:137} INFO - [2023-04-16T04:13:29.761+0000] {dagbag.py:532} INFO - Filling up the DagBag from /opt/airflow/dags/dag_launchpad.py
[2023-04-16T04:13:29.789+0000] {logging_mixin.py:137} INFO - [2023-04-16T04:13:29.785+0000] {dagbag.py:341} ERROR - Failed to import: /opt/airflow/dags/dag_launchpad.py
Traceback (most recent call last):
  File "/home/airflow/.local/lib/python3.7/site-packages/airflow/models/dagbag.py", line 337, in parse
    loader.exec_module(new_module)
  File "<frozen importlib._bootstrap_external>", line 728, in exec_module
  File "<frozen importlib._bootstrap>", line 219, in _call_with_frames_removed
  File "/opt/airflow/dags/dag_launchpad.py", line 4, in <module>
    from launchpad import extract, validate, transform, load
ModuleNotFoundError: No module named 'launchpad'
[2023-04-16T04:13:29.795+0000] {processor.py:755} WARNING - No viable dags retrieved from /opt/airflow/dags/dag_launchpad.py
[2023-04-16T04:13:29.834+0000] {processor.py:175} INFO - Processing /opt/airflow/dags/dag_launchpad.py took 0.087 seconds
[2023-04-16T04:14:00.357+0000] {processor.py:153} INFO - Started process (PID=500) to work on /opt/airflow/dags/dag_launchpad.py
[2023-04-16T04:14:00.363+0000] {processor.py:743} INFO - Processing file /opt/airflow/dags/dag_launchpad.py for tasks to queue
[2023-04-16T04:14:00.367+0000] {logging_mixin.py:137} INFO - [2023-04-16T04:14:00.367+0000] {dagbag.py:532} INFO - Filling up the DagBag from /opt/airflow/dags/dag_launchpad.py
[2023-04-16T04:14:00.413+0000] {logging_mixin.py:137} INFO - [2023-04-16T04:14:00.407+0000] {dagbag.py:341} ERROR - Failed to import: /opt/airflow/dags/dag_launchpad.py
Traceback (most recent call last):
  File "/home/airflow/.local/lib/python3.7/site-packages/airflow/models/dagbag.py", line 337, in parse
    loader.exec_module(new_module)
  File "<frozen importlib._bootstrap_external>", line 728, in exec_module
  File "<frozen importlib._bootstrap>", line 219, in _call_with_frames_removed
  File "/opt/airflow/dags/dag_launchpad.py", line 4, in <module>
    from launchpad import extract, validate, transform, load
ModuleNotFoundError: No module named 'launchpad'
[2023-04-16T04:14:00.416+0000] {processor.py:755} WARNING - No viable dags retrieved from /opt/airflow/dags/dag_launchpad.py
[2023-04-16T04:14:00.465+0000] {processor.py:175} INFO - Processing /opt/airflow/dags/dag_launchpad.py took 0.125 seconds
[2023-04-16T04:14:30.890+0000] {processor.py:153} INFO - Started process (PID=527) to work on /opt/airflow/dags/dag_launchpad.py
[2023-04-16T04:14:30.897+0000] {processor.py:743} INFO - Processing file /opt/airflow/dags/dag_launchpad.py for tasks to queue
[2023-04-16T04:14:30.899+0000] {logging_mixin.py:137} INFO - [2023-04-16T04:14:30.899+0000] {dagbag.py:532} INFO - Filling up the DagBag from /opt/airflow/dags/dag_launchpad.py
[2023-04-16T04:14:30.930+0000] {logging_mixin.py:137} INFO - [2023-04-16T04:14:30.924+0000] {dagbag.py:341} ERROR - Failed to import: /opt/airflow/dags/dag_launchpad.py
Traceback (most recent call last):
  File "/home/airflow/.local/lib/python3.7/site-packages/airflow/models/dagbag.py", line 337, in parse
    loader.exec_module(new_module)
  File "<frozen importlib._bootstrap_external>", line 728, in exec_module
  File "<frozen importlib._bootstrap>", line 219, in _call_with_frames_removed
  File "/opt/airflow/dags/dag_launchpad.py", line 4, in <module>
    from launchpad import extract, validate, transform, load
ModuleNotFoundError: No module named 'launchpad'
[2023-04-16T04:14:30.932+0000] {processor.py:755} WARNING - No viable dags retrieved from /opt/airflow/dags/dag_launchpad.py
[2023-04-16T04:14:30.970+0000] {processor.py:175} INFO - Processing /opt/airflow/dags/dag_launchpad.py took 0.087 seconds
[2023-04-16T04:15:01.400+0000] {processor.py:153} INFO - Started process (PID=554) to work on /opt/airflow/dags/dag_launchpad.py
[2023-04-16T04:15:01.409+0000] {processor.py:743} INFO - Processing file /opt/airflow/dags/dag_launchpad.py for tasks to queue
[2023-04-16T04:15:01.412+0000] {logging_mixin.py:137} INFO - [2023-04-16T04:15:01.412+0000] {dagbag.py:532} INFO - Filling up the DagBag from /opt/airflow/dags/dag_launchpad.py
[2023-04-16T04:15:01.440+0000] {logging_mixin.py:137} INFO - [2023-04-16T04:15:01.436+0000] {dagbag.py:341} ERROR - Failed to import: /opt/airflow/dags/dag_launchpad.py
Traceback (most recent call last):
  File "/home/airflow/.local/lib/python3.7/site-packages/airflow/models/dagbag.py", line 337, in parse
    loader.exec_module(new_module)
  File "<frozen importlib._bootstrap_external>", line 728, in exec_module
  File "<frozen importlib._bootstrap>", line 219, in _call_with_frames_removed
  File "/opt/airflow/dags/dag_launchpad.py", line 4, in <module>
    from launchpad import extract, validate, transform, load
ModuleNotFoundError: No module named 'launchpad'
[2023-04-16T04:15:01.444+0000] {processor.py:755} WARNING - No viable dags retrieved from /opt/airflow/dags/dag_launchpad.py
[2023-04-16T04:15:01.492+0000] {processor.py:175} INFO - Processing /opt/airflow/dags/dag_launchpad.py took 0.107 seconds
[2023-04-16T04:15:31.915+0000] {processor.py:153} INFO - Started process (PID=582) to work on /opt/airflow/dags/dag_launchpad.py
[2023-04-16T04:15:31.917+0000] {processor.py:743} INFO - Processing file /opt/airflow/dags/dag_launchpad.py for tasks to queue
[2023-04-16T04:15:31.922+0000] {logging_mixin.py:137} INFO - [2023-04-16T04:15:31.921+0000] {dagbag.py:532} INFO - Filling up the DagBag from /opt/airflow/dags/dag_launchpad.py
[2023-04-16T04:15:31.945+0000] {logging_mixin.py:137} INFO - [2023-04-16T04:15:31.938+0000] {dagbag.py:341} ERROR - Failed to import: /opt/airflow/dags/dag_launchpad.py
Traceback (most recent call last):
  File "/home/airflow/.local/lib/python3.7/site-packages/airflow/models/dagbag.py", line 337, in parse
    loader.exec_module(new_module)
  File "<frozen importlib._bootstrap_external>", line 728, in exec_module
  File "<frozen importlib._bootstrap>", line 219, in _call_with_frames_removed
  File "/opt/airflow/dags/dag_launchpad.py", line 4, in <module>
    from launchpad import extract, validate, transform, load
ModuleNotFoundError: No module named 'launchpad'
[2023-04-16T04:15:31.950+0000] {processor.py:755} WARNING - No viable dags retrieved from /opt/airflow/dags/dag_launchpad.py
[2023-04-16T04:15:32.002+0000] {processor.py:175} INFO - Processing /opt/airflow/dags/dag_launchpad.py took 0.095 seconds
[2023-04-16T04:16:02.549+0000] {processor.py:153} INFO - Started process (PID=609) to work on /opt/airflow/dags/dag_launchpad.py
[2023-04-16T04:16:02.553+0000] {processor.py:743} INFO - Processing file /opt/airflow/dags/dag_launchpad.py for tasks to queue
[2023-04-16T04:16:02.557+0000] {logging_mixin.py:137} INFO - [2023-04-16T04:16:02.556+0000] {dagbag.py:532} INFO - Filling up the DagBag from /opt/airflow/dags/dag_launchpad.py
[2023-04-16T04:16:02.589+0000] {logging_mixin.py:137} INFO - [2023-04-16T04:16:02.584+0000] {dagbag.py:341} ERROR - Failed to import: /opt/airflow/dags/dag_launchpad.py
Traceback (most recent call last):
  File "/home/airflow/.local/lib/python3.7/site-packages/airflow/models/dagbag.py", line 337, in parse
    loader.exec_module(new_module)
  File "<frozen importlib._bootstrap_external>", line 728, in exec_module
  File "<frozen importlib._bootstrap>", line 219, in _call_with_frames_removed
  File "/opt/airflow/dags/dag_launchpad.py", line 4, in <module>
    from launchpad import extract, validate, transform, load
ModuleNotFoundError: No module named 'launchpad'
[2023-04-16T04:16:02.592+0000] {processor.py:755} WARNING - No viable dags retrieved from /opt/airflow/dags/dag_launchpad.py
[2023-04-16T04:16:02.685+0000] {processor.py:175} INFO - Processing /opt/airflow/dags/dag_launchpad.py took 0.149 seconds
[2023-04-16T04:16:33.152+0000] {processor.py:153} INFO - Started process (PID=636) to work on /opt/airflow/dags/dag_launchpad.py
[2023-04-16T04:16:33.156+0000] {processor.py:743} INFO - Processing file /opt/airflow/dags/dag_launchpad.py for tasks to queue
[2023-04-16T04:16:33.159+0000] {logging_mixin.py:137} INFO - [2023-04-16T04:16:33.159+0000] {dagbag.py:532} INFO - Filling up the DagBag from /opt/airflow/dags/dag_launchpad.py
[2023-04-16T04:16:33.185+0000] {logging_mixin.py:137} INFO - [2023-04-16T04:16:33.180+0000] {dagbag.py:341} ERROR - Failed to import: /opt/airflow/dags/dag_launchpad.py
Traceback (most recent call last):
  File "/home/airflow/.local/lib/python3.7/site-packages/airflow/models/dagbag.py", line 337, in parse
    loader.exec_module(new_module)
  File "<frozen importlib._bootstrap_external>", line 728, in exec_module
  File "<frozen importlib._bootstrap>", line 219, in _call_with_frames_removed
  File "/opt/airflow/dags/dag_launchpad.py", line 4, in <module>
    from launchpad import extract, validate, transform, load
ModuleNotFoundError: No module named 'launchpad'
[2023-04-16T04:16:33.188+0000] {processor.py:755} WARNING - No viable dags retrieved from /opt/airflow/dags/dag_launchpad.py
[2023-04-16T04:16:33.236+0000] {processor.py:175} INFO - Processing /opt/airflow/dags/dag_launchpad.py took 0.090 seconds
[2023-04-16T04:17:03.737+0000] {processor.py:153} INFO - Started process (PID=662) to work on /opt/airflow/dags/dag_launchpad.py
[2023-04-16T04:17:03.742+0000] {processor.py:743} INFO - Processing file /opt/airflow/dags/dag_launchpad.py for tasks to queue
[2023-04-16T04:17:03.747+0000] {logging_mixin.py:137} INFO - [2023-04-16T04:17:03.747+0000] {dagbag.py:532} INFO - Filling up the DagBag from /opt/airflow/dags/dag_launchpad.py
[2023-04-16T04:17:03.794+0000] {logging_mixin.py:137} INFO - [2023-04-16T04:17:03.787+0000] {dagbag.py:341} ERROR - Failed to import: /opt/airflow/dags/dag_launchpad.py
Traceback (most recent call last):
  File "/home/airflow/.local/lib/python3.7/site-packages/airflow/models/dagbag.py", line 337, in parse
    loader.exec_module(new_module)
  File "<frozen importlib._bootstrap_external>", line 728, in exec_module
  File "<frozen importlib._bootstrap>", line 219, in _call_with_frames_removed
  File "/opt/airflow/dags/dag_launchpad.py", line 4, in <module>
    from launchpad import extract, validate, transform, load
ModuleNotFoundError: No module named 'launchpad'
[2023-04-16T04:17:03.797+0000] {processor.py:755} WARNING - No viable dags retrieved from /opt/airflow/dags/dag_launchpad.py
[2023-04-16T04:17:03.878+0000] {processor.py:175} INFO - Processing /opt/airflow/dags/dag_launchpad.py took 0.163 seconds
[2023-04-16T04:17:34.398+0000] {processor.py:153} INFO - Started process (PID=689) to work on /opt/airflow/dags/dag_launchpad.py
[2023-04-16T04:17:34.401+0000] {processor.py:743} INFO - Processing file /opt/airflow/dags/dag_launchpad.py for tasks to queue
[2023-04-16T04:17:34.405+0000] {logging_mixin.py:137} INFO - [2023-04-16T04:17:34.405+0000] {dagbag.py:532} INFO - Filling up the DagBag from /opt/airflow/dags/dag_launchpad.py
[2023-04-16T04:17:34.439+0000] {logging_mixin.py:137} INFO - [2023-04-16T04:17:34.436+0000] {dagbag.py:341} ERROR - Failed to import: /opt/airflow/dags/dag_launchpad.py
Traceback (most recent call last):
  File "/home/airflow/.local/lib/python3.7/site-packages/airflow/models/dagbag.py", line 337, in parse
    loader.exec_module(new_module)
  File "<frozen importlib._bootstrap_external>", line 728, in exec_module
  File "<frozen importlib._bootstrap>", line 219, in _call_with_frames_removed
  File "/opt/airflow/dags/dag_launchpad.py", line 4, in <module>
    from launchpad import extract, validate, transform, load
ModuleNotFoundError: No module named 'launchpad'
[2023-04-16T04:17:34.442+0000] {processor.py:755} WARNING - No viable dags retrieved from /opt/airflow/dags/dag_launchpad.py
[2023-04-16T04:17:34.489+0000] {processor.py:175} INFO - Processing /opt/airflow/dags/dag_launchpad.py took 0.100 seconds
[2023-04-16T04:18:05.150+0000] {processor.py:153} INFO - Started process (PID=715) to work on /opt/airflow/dags/dag_launchpad.py
[2023-04-16T04:18:05.157+0000] {processor.py:743} INFO - Processing file /opt/airflow/dags/dag_launchpad.py for tasks to queue
[2023-04-16T04:18:05.162+0000] {logging_mixin.py:137} INFO - [2023-04-16T04:18:05.161+0000] {dagbag.py:532} INFO - Filling up the DagBag from /opt/airflow/dags/dag_launchpad.py
[2023-04-16T04:18:05.200+0000] {logging_mixin.py:137} INFO - [2023-04-16T04:18:05.193+0000] {dagbag.py:341} ERROR - Failed to import: /opt/airflow/dags/dag_launchpad.py
Traceback (most recent call last):
  File "/home/airflow/.local/lib/python3.7/site-packages/airflow/models/dagbag.py", line 337, in parse
    loader.exec_module(new_module)
  File "<frozen importlib._bootstrap_external>", line 728, in exec_module
  File "<frozen importlib._bootstrap>", line 219, in _call_with_frames_removed
  File "/opt/airflow/dags/dag_launchpad.py", line 4, in <module>
    from launchpad import extract, validate, transform, load
ModuleNotFoundError: No module named 'launchpad'
[2023-04-16T04:18:05.204+0000] {processor.py:755} WARNING - No viable dags retrieved from /opt/airflow/dags/dag_launchpad.py
[2023-04-16T04:18:05.248+0000] {processor.py:175} INFO - Processing /opt/airflow/dags/dag_launchpad.py took 0.112 seconds
[2023-04-16T04:18:35.659+0000] {processor.py:153} INFO - Started process (PID=742) to work on /opt/airflow/dags/dag_launchpad.py
[2023-04-16T04:18:35.664+0000] {processor.py:743} INFO - Processing file /opt/airflow/dags/dag_launchpad.py for tasks to queue
[2023-04-16T04:18:35.669+0000] {logging_mixin.py:137} INFO - [2023-04-16T04:18:35.668+0000] {dagbag.py:532} INFO - Filling up the DagBag from /opt/airflow/dags/dag_launchpad.py
[2023-04-16T04:18:35.710+0000] {logging_mixin.py:137} INFO - [2023-04-16T04:18:35.701+0000] {dagbag.py:341} ERROR - Failed to import: /opt/airflow/dags/dag_launchpad.py
Traceback (most recent call last):
  File "/home/airflow/.local/lib/python3.7/site-packages/airflow/models/dagbag.py", line 337, in parse
    loader.exec_module(new_module)
  File "<frozen importlib._bootstrap_external>", line 728, in exec_module
  File "<frozen importlib._bootstrap>", line 219, in _call_with_frames_removed
  File "/opt/airflow/dags/dag_launchpad.py", line 4, in <module>
    from launchpad import extract, validate, transform, load
ModuleNotFoundError: No module named 'launchpad'
[2023-04-16T04:18:35.718+0000] {processor.py:755} WARNING - No viable dags retrieved from /opt/airflow/dags/dag_launchpad.py
[2023-04-16T04:18:35.762+0000] {processor.py:175} INFO - Processing /opt/airflow/dags/dag_launchpad.py took 0.113 seconds
[2023-04-16T04:19:06.531+0000] {processor.py:153} INFO - Started process (PID=768) to work on /opt/airflow/dags/dag_launchpad.py
[2023-04-16T04:19:06.541+0000] {processor.py:743} INFO - Processing file /opt/airflow/dags/dag_launchpad.py for tasks to queue
[2023-04-16T04:19:06.548+0000] {logging_mixin.py:137} INFO - [2023-04-16T04:19:06.547+0000] {dagbag.py:532} INFO - Filling up the DagBag from /opt/airflow/dags/dag_launchpad.py
[2023-04-16T04:19:06.622+0000] {logging_mixin.py:137} INFO - [2023-04-16T04:19:06.599+0000] {dagbag.py:341} ERROR - Failed to import: /opt/airflow/dags/dag_launchpad.py
Traceback (most recent call last):
  File "/home/airflow/.local/lib/python3.7/site-packages/airflow/models/dagbag.py", line 337, in parse
    loader.exec_module(new_module)
  File "<frozen importlib._bootstrap_external>", line 728, in exec_module
  File "<frozen importlib._bootstrap>", line 219, in _call_with_frames_removed
  File "/opt/airflow/dags/dag_launchpad.py", line 4, in <module>
    from launchpad import extract, validate, transform, load
ModuleNotFoundError: No module named 'launchpad'
[2023-04-16T04:19:06.634+0000] {processor.py:755} WARNING - No viable dags retrieved from /opt/airflow/dags/dag_launchpad.py
[2023-04-16T04:19:06.709+0000] {processor.py:175} INFO - Processing /opt/airflow/dags/dag_launchpad.py took 0.201 seconds
[2023-04-16T04:19:37.085+0000] {processor.py:153} INFO - Started process (PID=795) to work on /opt/airflow/dags/dag_launchpad.py
[2023-04-16T04:19:37.089+0000] {processor.py:743} INFO - Processing file /opt/airflow/dags/dag_launchpad.py for tasks to queue
[2023-04-16T04:19:37.094+0000] {logging_mixin.py:137} INFO - [2023-04-16T04:19:37.093+0000] {dagbag.py:532} INFO - Filling up the DagBag from /opt/airflow/dags/dag_launchpad.py
[2023-04-16T04:19:37.130+0000] {logging_mixin.py:137} INFO - [2023-04-16T04:19:37.121+0000] {dagbag.py:341} ERROR - Failed to import: /opt/airflow/dags/dag_launchpad.py
Traceback (most recent call last):
  File "/home/airflow/.local/lib/python3.7/site-packages/airflow/models/dagbag.py", line 337, in parse
    loader.exec_module(new_module)
  File "<frozen importlib._bootstrap_external>", line 728, in exec_module
  File "<frozen importlib._bootstrap>", line 219, in _call_with_frames_removed
  File "/opt/airflow/dags/dag_launchpad.py", line 4, in <module>
    from launchpad import extract, validate, transform, load
ModuleNotFoundError: No module named 'launchpad'
[2023-04-16T04:19:37.135+0000] {processor.py:755} WARNING - No viable dags retrieved from /opt/airflow/dags/dag_launchpad.py
[2023-04-16T04:19:37.196+0000] {processor.py:175} INFO - Processing /opt/airflow/dags/dag_launchpad.py took 0.126 seconds
[2023-04-16T04:20:07.707+0000] {processor.py:153} INFO - Started process (PID=821) to work on /opt/airflow/dags/dag_launchpad.py
[2023-04-16T04:20:07.712+0000] {processor.py:743} INFO - Processing file /opt/airflow/dags/dag_launchpad.py for tasks to queue
[2023-04-16T04:20:07.717+0000] {logging_mixin.py:137} INFO - [2023-04-16T04:20:07.716+0000] {dagbag.py:532} INFO - Filling up the DagBag from /opt/airflow/dags/dag_launchpad.py
[2023-04-16T04:20:07.747+0000] {logging_mixin.py:137} INFO - [2023-04-16T04:20:07.738+0000] {dagbag.py:341} ERROR - Failed to import: /opt/airflow/dags/dag_launchpad.py
Traceback (most recent call last):
  File "/home/airflow/.local/lib/python3.7/site-packages/airflow/models/dagbag.py", line 337, in parse
    loader.exec_module(new_module)
  File "<frozen importlib._bootstrap_external>", line 728, in exec_module
  File "<frozen importlib._bootstrap>", line 219, in _call_with_frames_removed
  File "/opt/airflow/dags/dag_launchpad.py", line 4, in <module>
    from launchpad import extract, validate, transform, load
ModuleNotFoundError: No module named 'launchpad'
[2023-04-16T04:20:07.751+0000] {processor.py:755} WARNING - No viable dags retrieved from /opt/airflow/dags/dag_launchpad.py
[2023-04-16T04:20:07.796+0000] {processor.py:175} INFO - Processing /opt/airflow/dags/dag_launchpad.py took 0.100 seconds
[2023-04-16T04:20:38.345+0000] {processor.py:153} INFO - Started process (PID=848) to work on /opt/airflow/dags/dag_launchpad.py
[2023-04-16T04:20:38.350+0000] {processor.py:743} INFO - Processing file /opt/airflow/dags/dag_launchpad.py for tasks to queue
[2023-04-16T04:20:38.354+0000] {logging_mixin.py:137} INFO - [2023-04-16T04:20:38.353+0000] {dagbag.py:532} INFO - Filling up the DagBag from /opt/airflow/dags/dag_launchpad.py
[2023-04-16T04:20:38.385+0000] {logging_mixin.py:137} INFO - [2023-04-16T04:20:38.379+0000] {dagbag.py:341} ERROR - Failed to import: /opt/airflow/dags/dag_launchpad.py
Traceback (most recent call last):
  File "/home/airflow/.local/lib/python3.7/site-packages/airflow/models/dagbag.py", line 337, in parse
    loader.exec_module(new_module)
  File "<frozen importlib._bootstrap_external>", line 728, in exec_module
  File "<frozen importlib._bootstrap>", line 219, in _call_with_frames_removed
  File "/opt/airflow/dags/dag_launchpad.py", line 4, in <module>
    from launchpad import extract, validate, transform, load
ModuleNotFoundError: No module named 'launchpad'
[2023-04-16T04:20:38.388+0000] {processor.py:755} WARNING - No viable dags retrieved from /opt/airflow/dags/dag_launchpad.py
[2023-04-16T04:20:38.443+0000] {processor.py:175} INFO - Processing /opt/airflow/dags/dag_launchpad.py took 0.108 seconds
[2023-04-16T04:21:08.911+0000] {processor.py:153} INFO - Started process (PID=875) to work on /opt/airflow/dags/dag_launchpad.py
[2023-04-16T04:21:08.918+0000] {processor.py:743} INFO - Processing file /opt/airflow/dags/dag_launchpad.py for tasks to queue
[2023-04-16T04:21:08.920+0000] {logging_mixin.py:137} INFO - [2023-04-16T04:21:08.920+0000] {dagbag.py:532} INFO - Filling up the DagBag from /opt/airflow/dags/dag_launchpad.py
[2023-04-16T04:21:08.957+0000] {logging_mixin.py:137} INFO - [2023-04-16T04:21:08.951+0000] {dagbag.py:341} ERROR - Failed to import: /opt/airflow/dags/dag_launchpad.py
Traceback (most recent call last):
  File "/home/airflow/.local/lib/python3.7/site-packages/airflow/models/dagbag.py", line 337, in parse
    loader.exec_module(new_module)
  File "<frozen importlib._bootstrap_external>", line 728, in exec_module
  File "<frozen importlib._bootstrap>", line 219, in _call_with_frames_removed
  File "/opt/airflow/dags/dag_launchpad.py", line 4, in <module>
    from launchpad import extract, validate, transform, load
ModuleNotFoundError: No module named 'launchpad'
[2023-04-16T04:21:08.965+0000] {processor.py:755} WARNING - No viable dags retrieved from /opt/airflow/dags/dag_launchpad.py
[2023-04-16T04:21:09.036+0000] {processor.py:175} INFO - Processing /opt/airflow/dags/dag_launchpad.py took 0.146 seconds
[2023-04-16T04:21:39.550+0000] {processor.py:153} INFO - Started process (PID=902) to work on /opt/airflow/dags/dag_launchpad.py
[2023-04-16T04:21:39.553+0000] {processor.py:743} INFO - Processing file /opt/airflow/dags/dag_launchpad.py for tasks to queue
[2023-04-16T04:21:39.557+0000] {logging_mixin.py:137} INFO - [2023-04-16T04:21:39.556+0000] {dagbag.py:532} INFO - Filling up the DagBag from /opt/airflow/dags/dag_launchpad.py
[2023-04-16T04:21:39.593+0000] {logging_mixin.py:137} INFO - [2023-04-16T04:21:39.588+0000] {dagbag.py:341} ERROR - Failed to import: /opt/airflow/dags/dag_launchpad.py
Traceback (most recent call last):
  File "/home/airflow/.local/lib/python3.7/site-packages/airflow/models/dagbag.py", line 337, in parse
    loader.exec_module(new_module)
  File "<frozen importlib._bootstrap_external>", line 728, in exec_module
  File "<frozen importlib._bootstrap>", line 219, in _call_with_frames_removed
  File "/opt/airflow/dags/dag_launchpad.py", line 4, in <module>
    from launchpad import extract, validate, transform, load
ModuleNotFoundError: No module named 'launchpad'
[2023-04-16T04:21:39.603+0000] {processor.py:755} WARNING - No viable dags retrieved from /opt/airflow/dags/dag_launchpad.py
[2023-04-16T04:21:39.653+0000] {processor.py:175} INFO - Processing /opt/airflow/dags/dag_launchpad.py took 0.110 seconds
[2023-04-16T04:22:09.967+0000] {processor.py:153} INFO - Started process (PID=929) to work on /opt/airflow/dags/dag_launchpad.py
[2023-04-16T04:22:09.970+0000] {processor.py:743} INFO - Processing file /opt/airflow/dags/dag_launchpad.py for tasks to queue
[2023-04-16T04:22:09.977+0000] {logging_mixin.py:137} INFO - [2023-04-16T04:22:09.974+0000] {dagbag.py:532} INFO - Filling up the DagBag from /opt/airflow/dags/dag_launchpad.py
[2023-04-16T04:22:10.007+0000] {logging_mixin.py:137} INFO - [2023-04-16T04:22:10.000+0000] {dagbag.py:341} ERROR - Failed to import: /opt/airflow/dags/dag_launchpad.py
Traceback (most recent call last):
  File "/home/airflow/.local/lib/python3.7/site-packages/airflow/models/dagbag.py", line 337, in parse
    loader.exec_module(new_module)
  File "<frozen importlib._bootstrap_external>", line 728, in exec_module
  File "<frozen importlib._bootstrap>", line 219, in _call_with_frames_removed
  File "/opt/airflow/dags/dag_launchpad.py", line 4, in <module>
    from launchpad import extract, validate, transform, load
ModuleNotFoundError: No module named 'launchpad'
[2023-04-16T04:22:10.010+0000] {processor.py:755} WARNING - No viable dags retrieved from /opt/airflow/dags/dag_launchpad.py
[2023-04-16T04:22:10.063+0000] {processor.py:175} INFO - Processing /opt/airflow/dags/dag_launchpad.py took 0.103 seconds
[2023-04-16T04:22:40.597+0000] {processor.py:153} INFO - Started process (PID=956) to work on /opt/airflow/dags/dag_launchpad.py
[2023-04-16T04:22:40.601+0000] {processor.py:743} INFO - Processing file /opt/airflow/dags/dag_launchpad.py for tasks to queue
[2023-04-16T04:22:40.605+0000] {logging_mixin.py:137} INFO - [2023-04-16T04:22:40.605+0000] {dagbag.py:532} INFO - Filling up the DagBag from /opt/airflow/dags/dag_launchpad.py
[2023-04-16T04:22:40.631+0000] {logging_mixin.py:137} INFO - [2023-04-16T04:22:40.626+0000] {dagbag.py:341} ERROR - Failed to import: /opt/airflow/dags/dag_launchpad.py
Traceback (most recent call last):
  File "/home/airflow/.local/lib/python3.7/site-packages/airflow/models/dagbag.py", line 337, in parse
    loader.exec_module(new_module)
  File "<frozen importlib._bootstrap_external>", line 728, in exec_module
  File "<frozen importlib._bootstrap>", line 219, in _call_with_frames_removed
  File "/opt/airflow/dags/dag_launchpad.py", line 4, in <module>
    from launchpad import extract, validate, transform, load
ModuleNotFoundError: No module named 'launchpad'
[2023-04-16T04:22:40.635+0000] {processor.py:755} WARNING - No viable dags retrieved from /opt/airflow/dags/dag_launchpad.py
[2023-04-16T04:22:40.688+0000] {processor.py:175} INFO - Processing /opt/airflow/dags/dag_launchpad.py took 0.097 seconds
[2023-04-16T04:23:11.345+0000] {processor.py:153} INFO - Started process (PID=983) to work on /opt/airflow/dags/dag_launchpad.py
[2023-04-16T04:23:11.349+0000] {processor.py:743} INFO - Processing file /opt/airflow/dags/dag_launchpad.py for tasks to queue
[2023-04-16T04:23:11.354+0000] {logging_mixin.py:137} INFO - [2023-04-16T04:23:11.354+0000] {dagbag.py:532} INFO - Filling up the DagBag from /opt/airflow/dags/dag_launchpad.py
[2023-04-16T04:23:11.434+0000] {logging_mixin.py:137} INFO - [2023-04-16T04:23:11.390+0000] {dagbag.py:341} ERROR - Failed to import: /opt/airflow/dags/dag_launchpad.py
Traceback (most recent call last):
  File "/home/airflow/.local/lib/python3.7/site-packages/airflow/models/dagbag.py", line 337, in parse
    loader.exec_module(new_module)
  File "<frozen importlib._bootstrap_external>", line 728, in exec_module
  File "<frozen importlib._bootstrap>", line 219, in _call_with_frames_removed
  File "/opt/airflow/dags/dag_launchpad.py", line 4, in <module>
    from launchpad import extract, validate, transform, load
ModuleNotFoundError: No module named 'launchpad'
[2023-04-16T04:23:11.443+0000] {processor.py:755} WARNING - No viable dags retrieved from /opt/airflow/dags/dag_launchpad.py
[2023-04-16T04:23:11.554+0000] {processor.py:175} INFO - Processing /opt/airflow/dags/dag_launchpad.py took 0.220 seconds
[2023-04-16T04:23:41.959+0000] {processor.py:153} INFO - Started process (PID=1010) to work on /opt/airflow/dags/dag_launchpad.py
[2023-04-16T04:23:41.966+0000] {processor.py:743} INFO - Processing file /opt/airflow/dags/dag_launchpad.py for tasks to queue
[2023-04-16T04:23:41.978+0000] {logging_mixin.py:137} INFO - [2023-04-16T04:23:41.978+0000] {dagbag.py:532} INFO - Filling up the DagBag from /opt/airflow/dags/dag_launchpad.py
[2023-04-16T04:23:42.042+0000] {logging_mixin.py:137} INFO - [2023-04-16T04:23:42.021+0000] {dagbag.py:341} ERROR - Failed to import: /opt/airflow/dags/dag_launchpad.py
Traceback (most recent call last):
  File "/home/airflow/.local/lib/python3.7/site-packages/airflow/models/dagbag.py", line 337, in parse
    loader.exec_module(new_module)
  File "<frozen importlib._bootstrap_external>", line 728, in exec_module
  File "<frozen importlib._bootstrap>", line 219, in _call_with_frames_removed
  File "/opt/airflow/dags/dag_launchpad.py", line 4, in <module>
    from launchpad import extract, validate, transform, load
ModuleNotFoundError: No module named 'launchpad'
[2023-04-16T04:23:42.058+0000] {processor.py:755} WARNING - No viable dags retrieved from /opt/airflow/dags/dag_launchpad.py
[2023-04-16T04:23:42.127+0000] {processor.py:175} INFO - Processing /opt/airflow/dags/dag_launchpad.py took 0.185 seconds
[2023-04-16T04:24:12.474+0000] {processor.py:153} INFO - Started process (PID=1037) to work on /opt/airflow/dags/dag_launchpad.py
[2023-04-16T04:24:12.480+0000] {processor.py:743} INFO - Processing file /opt/airflow/dags/dag_launchpad.py for tasks to queue
[2023-04-16T04:24:12.486+0000] {logging_mixin.py:137} INFO - [2023-04-16T04:24:12.485+0000] {dagbag.py:532} INFO - Filling up the DagBag from /opt/airflow/dags/dag_launchpad.py
[2023-04-16T04:24:12.516+0000] {logging_mixin.py:137} INFO - [2023-04-16T04:24:12.507+0000] {dagbag.py:341} ERROR - Failed to import: /opt/airflow/dags/dag_launchpad.py
Traceback (most recent call last):
  File "/home/airflow/.local/lib/python3.7/site-packages/airflow/models/dagbag.py", line 337, in parse
    loader.exec_module(new_module)
  File "<frozen importlib._bootstrap_external>", line 728, in exec_module
  File "<frozen importlib._bootstrap>", line 219, in _call_with_frames_removed
  File "/opt/airflow/dags/dag_launchpad.py", line 4, in <module>
    from launchpad import extract, validate, transform, load
ModuleNotFoundError: No module named 'launchpad'
[2023-04-16T04:24:12.524+0000] {processor.py:755} WARNING - No viable dags retrieved from /opt/airflow/dags/dag_launchpad.py
[2023-04-16T04:24:12.587+0000] {processor.py:175} INFO - Processing /opt/airflow/dags/dag_launchpad.py took 0.124 seconds
[2023-04-16T04:24:42.734+0000] {processor.py:153} INFO - Started process (PID=1064) to work on /opt/airflow/dags/dag_launchpad.py
[2023-04-16T04:24:42.745+0000] {processor.py:743} INFO - Processing file /opt/airflow/dags/dag_launchpad.py for tasks to queue
[2023-04-16T04:24:42.754+0000] {logging_mixin.py:137} INFO - [2023-04-16T04:24:42.754+0000] {dagbag.py:532} INFO - Filling up the DagBag from /opt/airflow/dags/dag_launchpad.py
[2023-04-16T04:24:42.797+0000] {logging_mixin.py:137} INFO - [2023-04-16T04:24:42.790+0000] {dagbag.py:341} ERROR - Failed to import: /opt/airflow/dags/dag_launchpad.py
Traceback (most recent call last):
  File "/home/airflow/.local/lib/python3.7/site-packages/airflow/models/dagbag.py", line 337, in parse
    loader.exec_module(new_module)
  File "<frozen importlib._bootstrap_external>", line 728, in exec_module
  File "<frozen importlib._bootstrap>", line 219, in _call_with_frames_removed
  File "/opt/airflow/dags/dag_launchpad.py", line 4, in <module>
    from launchpad import extract, validate, transform, load
ModuleNotFoundError: No module named 'launchpad'
[2023-04-16T04:24:42.808+0000] {processor.py:755} WARNING - No viable dags retrieved from /opt/airflow/dags/dag_launchpad.py
[2023-04-16T04:24:42.869+0000] {processor.py:175} INFO - Processing /opt/airflow/dags/dag_launchpad.py took 0.154 seconds
[2023-04-16T04:25:13.832+0000] {processor.py:153} INFO - Started process (PID=1091) to work on /opt/airflow/dags/dag_launchpad.py
[2023-04-16T04:25:13.836+0000] {processor.py:743} INFO - Processing file /opt/airflow/dags/dag_launchpad.py for tasks to queue
[2023-04-16T04:25:13.840+0000] {logging_mixin.py:137} INFO - [2023-04-16T04:25:13.840+0000] {dagbag.py:532} INFO - Filling up the DagBag from /opt/airflow/dags/dag_launchpad.py
[2023-04-16T04:25:13.871+0000] {logging_mixin.py:137} INFO - [2023-04-16T04:25:13.866+0000] {dagbag.py:341} ERROR - Failed to import: /opt/airflow/dags/dag_launchpad.py
Traceback (most recent call last):
  File "/home/airflow/.local/lib/python3.7/site-packages/airflow/models/dagbag.py", line 337, in parse
    loader.exec_module(new_module)
  File "<frozen importlib._bootstrap_external>", line 728, in exec_module
  File "<frozen importlib._bootstrap>", line 219, in _call_with_frames_removed
  File "/opt/airflow/dags/dag_launchpad.py", line 4, in <module>
    from launchpad import extract, validate, transform, load
ModuleNotFoundError: No module named 'launchpad'
[2023-04-16T04:25:13.874+0000] {processor.py:755} WARNING - No viable dags retrieved from /opt/airflow/dags/dag_launchpad.py
[2023-04-16T04:25:13.911+0000] {processor.py:175} INFO - Processing /opt/airflow/dags/dag_launchpad.py took 0.084 seconds
[2023-04-16T04:25:44.925+0000] {processor.py:153} INFO - Started process (PID=1119) to work on /opt/airflow/dags/dag_launchpad.py
[2023-04-16T04:25:44.948+0000] {processor.py:743} INFO - Processing file /opt/airflow/dags/dag_launchpad.py for tasks to queue
[2023-04-16T04:25:44.975+0000] {logging_mixin.py:137} INFO - [2023-04-16T04:25:44.974+0000] {dagbag.py:532} INFO - Filling up the DagBag from /opt/airflow/dags/dag_launchpad.py
[2023-04-16T04:25:45.107+0000] {logging_mixin.py:137} INFO - [2023-04-16T04:25:45.023+0000] {dagbag.py:341} ERROR - Failed to import: /opt/airflow/dags/dag_launchpad.py
Traceback (most recent call last):
  File "/home/airflow/.local/lib/python3.7/site-packages/airflow/models/dagbag.py", line 337, in parse
    loader.exec_module(new_module)
  File "<frozen importlib._bootstrap_external>", line 728, in exec_module
  File "<frozen importlib._bootstrap>", line 219, in _call_with_frames_removed
  File "/opt/airflow/dags/dag_launchpad.py", line 4, in <module>
    from launchpad import extract, validate, transform, load
ModuleNotFoundError: No module named 'launchpad'
[2023-04-16T04:25:45.159+0000] {processor.py:755} WARNING - No viable dags retrieved from /opt/airflow/dags/dag_launchpad.py
[2023-04-16T04:25:45.372+0000] {processor.py:175} INFO - Processing /opt/airflow/dags/dag_launchpad.py took 0.460 seconds
[2023-04-16T04:26:15.658+0000] {processor.py:153} INFO - Started process (PID=1145) to work on /opt/airflow/dags/dag_launchpad.py
[2023-04-16T04:26:15.661+0000] {processor.py:743} INFO - Processing file /opt/airflow/dags/dag_launchpad.py for tasks to queue
[2023-04-16T04:26:15.666+0000] {logging_mixin.py:137} INFO - [2023-04-16T04:26:15.665+0000] {dagbag.py:532} INFO - Filling up the DagBag from /opt/airflow/dags/dag_launchpad.py
[2023-04-16T04:26:15.692+0000] {logging_mixin.py:137} INFO - [2023-04-16T04:26:15.688+0000] {dagbag.py:341} ERROR - Failed to import: /opt/airflow/dags/dag_launchpad.py
Traceback (most recent call last):
  File "/home/airflow/.local/lib/python3.7/site-packages/airflow/models/dagbag.py", line 337, in parse
    loader.exec_module(new_module)
  File "<frozen importlib._bootstrap_external>", line 728, in exec_module
  File "<frozen importlib._bootstrap>", line 219, in _call_with_frames_removed
  File "/opt/airflow/dags/dag_launchpad.py", line 4, in <module>
    from launchpad import extract, validate, transform, load
ModuleNotFoundError: No module named 'launchpad'
[2023-04-16T04:26:15.694+0000] {processor.py:755} WARNING - No viable dags retrieved from /opt/airflow/dags/dag_launchpad.py
[2023-04-16T04:26:15.741+0000] {processor.py:175} INFO - Processing /opt/airflow/dags/dag_launchpad.py took 0.092 seconds
[2023-04-16T04:26:46.294+0000] {processor.py:153} INFO - Started process (PID=1173) to work on /opt/airflow/dags/dag_launchpad.py
[2023-04-16T04:26:46.299+0000] {processor.py:743} INFO - Processing file /opt/airflow/dags/dag_launchpad.py for tasks to queue
[2023-04-16T04:26:46.302+0000] {logging_mixin.py:137} INFO - [2023-04-16T04:26:46.301+0000] {dagbag.py:532} INFO - Filling up the DagBag from /opt/airflow/dags/dag_launchpad.py
[2023-04-16T04:26:46.340+0000] {logging_mixin.py:137} INFO - [2023-04-16T04:26:46.330+0000] {dagbag.py:341} ERROR - Failed to import: /opt/airflow/dags/dag_launchpad.py
Traceback (most recent call last):
  File "/home/airflow/.local/lib/python3.7/site-packages/airflow/models/dagbag.py", line 337, in parse
    loader.exec_module(new_module)
  File "<frozen importlib._bootstrap_external>", line 728, in exec_module
  File "<frozen importlib._bootstrap>", line 219, in _call_with_frames_removed
  File "/opt/airflow/dags/dag_launchpad.py", line 4, in <module>
    from launchpad import extract, validate, transform, load
ModuleNotFoundError: No module named 'launchpad'
[2023-04-16T04:26:46.343+0000] {processor.py:755} WARNING - No viable dags retrieved from /opt/airflow/dags/dag_launchpad.py
[2023-04-16T04:26:46.401+0000] {processor.py:175} INFO - Processing /opt/airflow/dags/dag_launchpad.py took 0.116 seconds
[2023-04-16T04:27:17.141+0000] {processor.py:153} INFO - Started process (PID=1199) to work on /opt/airflow/dags/dag_launchpad.py
[2023-04-16T04:27:17.154+0000] {processor.py:743} INFO - Processing file /opt/airflow/dags/dag_launchpad.py for tasks to queue
[2023-04-16T04:27:17.158+0000] {logging_mixin.py:137} INFO - [2023-04-16T04:27:17.158+0000] {dagbag.py:532} INFO - Filling up the DagBag from /opt/airflow/dags/dag_launchpad.py
[2023-04-16T04:27:17.219+0000] {logging_mixin.py:137} INFO - [2023-04-16T04:27:17.205+0000] {dagbag.py:341} ERROR - Failed to import: /opt/airflow/dags/dag_launchpad.py
Traceback (most recent call last):
  File "/home/airflow/.local/lib/python3.7/site-packages/airflow/models/dagbag.py", line 337, in parse
    loader.exec_module(new_module)
  File "<frozen importlib._bootstrap_external>", line 728, in exec_module
  File "<frozen importlib._bootstrap>", line 219, in _call_with_frames_removed
  File "/opt/airflow/dags/dag_launchpad.py", line 4, in <module>
    from launchpad import extract, validate, transform, load
ModuleNotFoundError: No module named 'launchpad'
[2023-04-16T04:27:17.227+0000] {processor.py:755} WARNING - No viable dags retrieved from /opt/airflow/dags/dag_launchpad.py
[2023-04-16T04:27:17.293+0000] {processor.py:175} INFO - Processing /opt/airflow/dags/dag_launchpad.py took 0.170 seconds
[2023-04-16T04:27:47.981+0000] {processor.py:153} INFO - Started process (PID=1227) to work on /opt/airflow/dags/dag_launchpad.py
[2023-04-16T04:27:47.988+0000] {processor.py:743} INFO - Processing file /opt/airflow/dags/dag_launchpad.py for tasks to queue
[2023-04-16T04:27:47.999+0000] {logging_mixin.py:137} INFO - [2023-04-16T04:27:47.999+0000] {dagbag.py:532} INFO - Filling up the DagBag from /opt/airflow/dags/dag_launchpad.py
[2023-04-16T04:27:48.050+0000] {logging_mixin.py:137} INFO - [2023-04-16T04:27:48.042+0000] {dagbag.py:341} ERROR - Failed to import: /opt/airflow/dags/dag_launchpad.py
Traceback (most recent call last):
  File "/home/airflow/.local/lib/python3.7/site-packages/airflow/models/dagbag.py", line 337, in parse
    loader.exec_module(new_module)
  File "<frozen importlib._bootstrap_external>", line 728, in exec_module
  File "<frozen importlib._bootstrap>", line 219, in _call_with_frames_removed
  File "/opt/airflow/dags/dag_launchpad.py", line 4, in <module>
    from launchpad import extract, validate, transform, load
ModuleNotFoundError: No module named 'launchpad'
[2023-04-16T04:27:48.054+0000] {processor.py:755} WARNING - No viable dags retrieved from /opt/airflow/dags/dag_launchpad.py
[2023-04-16T04:27:48.124+0000] {processor.py:175} INFO - Processing /opt/airflow/dags/dag_launchpad.py took 0.160 seconds
[2023-04-16T04:28:18.630+0000] {processor.py:153} INFO - Started process (PID=1253) to work on /opt/airflow/dags/dag_launchpad.py
[2023-04-16T04:28:18.639+0000] {processor.py:743} INFO - Processing file /opt/airflow/dags/dag_launchpad.py for tasks to queue
[2023-04-16T04:28:18.648+0000] {logging_mixin.py:137} INFO - [2023-04-16T04:28:18.648+0000] {dagbag.py:532} INFO - Filling up the DagBag from /opt/airflow/dags/dag_launchpad.py
[2023-04-16T04:28:18.698+0000] {logging_mixin.py:137} INFO - [2023-04-16T04:28:18.693+0000] {dagbag.py:341} ERROR - Failed to import: /opt/airflow/dags/dag_launchpad.py
Traceback (most recent call last):
  File "/home/airflow/.local/lib/python3.7/site-packages/airflow/models/dagbag.py", line 337, in parse
    loader.exec_module(new_module)
  File "<frozen importlib._bootstrap_external>", line 728, in exec_module
  File "<frozen importlib._bootstrap>", line 219, in _call_with_frames_removed
  File "/opt/airflow/dags/dag_launchpad.py", line 4, in <module>
    from launchpad import extract, validate, transform, load
ModuleNotFoundError: No module named 'launchpad'
[2023-04-16T04:28:18.701+0000] {processor.py:755} WARNING - No viable dags retrieved from /opt/airflow/dags/dag_launchpad.py
[2023-04-16T04:28:18.761+0000] {processor.py:175} INFO - Processing /opt/airflow/dags/dag_launchpad.py took 0.142 seconds
